<?xml version="1.0" encoding="UTF-8"?>
<testsuite xmlns:xsi="http://www.w3.org/2001/XMLSchema-instance" xsi:noNamespaceSchemaLocation="https://maven.apache.org/surefire/maven-surefire-plugin/xsd/surefire-test-report-3.0.xsd" version="3.0" name="testsuites.HCLSerenityTestRunner" time="124.788" tests="6" errors="0" skipped="0" failures="0">
  <properties>
[...]
</properties>
  <testcase name="Verify one author of the post" classname="Verify different GET operations using REST-assured" time="9.521">
    <system-out><![CDATA[08:34:13.653 [main] INFO  i.c.core.plugin.SerenityReporter - Running feature from file:///Z:/Automation/JavaCucumber/BDD_HCL/CucumberHCL/src/main/resources/AppFeatures/GetPost.feature
08:34:13.656 [main] WARN  i.c.core.plugin.SerenityReporter - Feature from file:///Z:/Automation/JavaCucumber/BDD_HCL/CucumberHCL/src/main/resources/AppFeatures/GetPost.feature is not under the 'features' directory. Requirements report will not be correctly generated!
08:34:13.881 [main] INFO   - 

-------------------------------------------------------------------------------------
     _______. _______ .______       _______ .__   __.  __  .___________.____    ____ 
    /       ||   ____||   _  \     |   ____||  \ |  | |  | |           |\   \  /   / 
   |   (----`|  |__   |  |_)  |    |  |__   |   \|  | |  | `---|  |----` \   \/   /  
    \   \    |   __|  |      /     |   __|  |  . `  | |  |     |  |       \_    _/   
.----)   |   |  |____ |  |\  \----.|  |____ |  |\   | |  |     |  |         |  |     
|_______/    |_______|| _| `._____||_______||__| \__| |__|     |__|         |__|    
                                                                                     
 News and tutorials at http://www.serenity-bdd.info                                  
 Documentation at https://wakaleo.gitbooks.io/the-serenity-book/content/             
 Join the Serenity Community on Gitter: https://gitter.im/serenity-bdd/serenity-core 
 Serenity BDD Support and Training at http://serenity-bdd.info/#/trainingandsupport  
-------------------------------------------------------------------------------------

08:34:13.884 [main] DEBUG n.thucydides.core.steps.StepEventBus - Test suite started for story net.thucydides.core.model.Story@d1e746b5
08:34:13.887 [main] INFO   - Test Suite Started: Verify different GET operations using REST-assured
08:34:13.910 [main] INFO  i.c.core.plugin.SerenityReporter - Running feature from file:///Z:/Automation/JavaCucumber/BDD_HCL/CucumberHCL/src/main/resources/AppFeatures/ValidateAndVerifyInvalidLogin.feature
08:34:13.910 [main] WARN  i.c.core.plugin.SerenityReporter - Feature from file:///Z:/Automation/JavaCucumber/BDD_HCL/CucumberHCL/src/main/resources/AppFeatures/ValidateAndVerifyInvalidLogin.feature is not under the 'features' directory. Requirements report will not be correctly generated!
08:34:13.917 [main] DEBUG n.thucydides.core.steps.StepEventBus - Test suite started for story net.thucydides.core.model.Story@b13a1f46
08:34:13.918 [main] INFO   - Test Suite Started: Test Invalid User Credentials Feature
08:34:13.918 [main] INFO  i.c.core.plugin.SerenityReporter - Running feature from file:///Z:/Automation/JavaCucumber/BDD_HCL/CucumberHCL/src/main/resources/AppFeatures/ValidateAndVerifyLoginPage.feature
08:34:13.918 [main] WARN  i.c.core.plugin.SerenityReporter - Feature from file:///Z:/Automation/JavaCucumber/BDD_HCL/CucumberHCL/src/main/resources/AppFeatures/ValidateAndVerifyLoginPage.feature is not under the 'features' directory. Requirements report will not be correctly generated!
08:34:13.925 [main] DEBUG n.thucydides.core.steps.StepEventBus - Test suite started for story net.thucydides.core.model.Story@7f1849ba
08:34:13.925 [main] INFO   - Test Suite Started: Validate And Verify Login Page to PEGA Site
08:34:13.926 [main] INFO  i.c.core.plugin.SerenityReporter - Running feature from file:///Z:/Automation/JavaCucumber/BDD_HCL/CucumberHCL/src/main/resources/AppFeatures/GetPost.feature
08:34:13.926 [main] WARN  i.c.core.plugin.SerenityReporter - Feature from file:///Z:/Automation/JavaCucumber/BDD_HCL/CucumberHCL/src/main/resources/AppFeatures/GetPost.feature is not under the 'features' directory. Requirements report will not be correctly generated!
08:34:13.929 [main] DEBUG n.thucydides.core.steps.StepEventBus - Test suite started for story net.thucydides.core.model.Story@d1e746b5
08:34:13.929 [main] INFO   - Test Suite Started: Verify different GET operations using REST-assured

@All @Performance
Scenario: Verify one author of the post      &amp#27;[90m# src/main/resources/AppFeatures/GetPost.feature:4&amp#27;[0m
08:34:14.021 [main] INFO  i.c.core.plugin.SerenityReporter - Running feature from file:///Z:/Automation/JavaCucumber/BDD_HCL/CucumberHCL/src/main/resources/AppFeatures/GetPost.feature
08:34:14.021 [main] WARN  i.c.core.plugin.SerenityReporter - Feature from file:///Z:/Automation/JavaCucumber/BDD_HCL/CucumberHCL/src/main/resources/AppFeatures/GetPost.feature is not under the 'features' directory. Requirements report will not be correctly generated!
08:34:14.163 [main] INFO   - 
  _____   ___   ___   _____     ___   _____     _     ___   _____   ___   ___  
 |_   _| | __| / __| |_   _|   / __| |_   _|   /_\   | _ \ |_   _| | __| |   \ 
   | |   | _|  \__ \   | |     \__ \   | |    / _ \  |   /   | |   | _|  | |) |
   |_|   |___| |___/   |_|     |___/   |_|   /_/ \_\ |_|_\   |_|   |___| |___/ 

Verify one author of the post(verify-different-get-operations-using-rest-assured;verify-one-author-of-the-post)
--------------------------------------------------------------------------------
DEBUG [main] (apphooks.java:34) - Set up Browser
DEBUG [main] (apphooks.java:34)- Set up Browser
08:34:14.404 [main] DEBUG com.pages.drivers.DriversFactory - Initialize Driver Browser Configuration
08:34:14.404 [main] DEBUG com.pages.drivers.DriversFactory -  Driver Browser : chrome
08:34:14.822 [main] DEBUG i.g.bonigarcia.wdm.WebDriverManager - Driver chromedriver 99.0.4844.51 found in cache
08:34:14.824 [main] INFO  i.g.bonigarcia.wdm.WebDriverManager - Exporting webdriver.chrome.driver as C:\Users\DheyClaveria\.cache\selenium\chromedriver\win32\99.0.4844.51\chromedriver.exe
08:34:14.944 [main] DEBUG i.n.u.i.l.InternalLoggerFactory - Using SLF4J as the default logging framework
08:34:14.949 [main] DEBUG io.netty.util.ResourceLeakDetector - -Dio.netty.leakDetection.level: simple
08:34:14.950 [main] DEBUG io.netty.util.ResourceLeakDetector - -Dio.netty.leakDetection.targetRecords: 4
08:34:14.955 [main] DEBUG i.n.util.ResourceLeakDetectorFactory - Loaded default ResourceLeakDetector: io.netty.util.ResourceLeakDetector@58fa5769
08:34:14.989 [main] DEBUG i.n.util.internal.PlatformDependent0 - -Dio.netty.noUnsafe: false
08:34:14.990 [main] DEBUG i.n.util.internal.PlatformDependent0 - Java version: 15
08:34:14.991 [main] DEBUG i.n.util.internal.PlatformDependent0 - sun.misc.Unsafe.theUnsafe: available
08:34:14.993 [main] DEBUG i.n.util.internal.PlatformDependent0 - sun.misc.Unsafe.copyMemory: available
08:34:14.993 [main] DEBUG i.n.util.internal.PlatformDependent0 - java.nio.Buffer.address: available
08:34:14.994 [main] DEBUG i.n.util.internal.PlatformDependent0 - direct buffer constructor: unavailable: Reflective setAccessible(true) disabled
08:34:14.995 [main] DEBUG i.n.util.internal.PlatformDependent0 - java.nio.Bits.unaligned: available, true
08:34:14.996 [main] DEBUG i.n.util.internal.PlatformDependent0 - jdk.internal.misc.Unsafe.allocateUninitializedArray(int): unavailable: class io.netty.util.internal.PlatformDependent0$6 cannot access class jdk.internal.misc.Unsafe (in module java.base) because module java.base does not export jdk.internal.misc to unnamed module @89ff02e
08:34:14.998 [main] DEBUG i.n.util.internal.PlatformDependent0 - java.nio.DirectByteBuffer.<init>(long, int): unavailable
08:34:14.998 [main] DEBUG i.n.util.internal.PlatformDependent - sun.misc.Unsafe: available
08:34:15.000 [main] DEBUG i.n.util.internal.PlatformDependent - maxDirectMemory: 4276092928 bytes (maybe)
08:34:15.001 [main] DEBUG i.n.util.internal.PlatformDependent - -Dio.netty.tmpdir: C:\Users\DheyClaveria\AppData\Local\Temp (java.io.tmpdir)
08:34:15.001 [main] DEBUG i.n.util.internal.PlatformDependent - -Dio.netty.bitMode: 64 (sun.arch.data.model)
08:34:15.001 [main] DEBUG i.n.util.internal.PlatformDependent - Platform: Windows
08:34:15.002 [main] DEBUG i.n.util.internal.PlatformDependent - -Dio.netty.maxDirectMemory: -1 bytes
08:34:15.002 [main] DEBUG i.n.util.internal.PlatformDependent - -Dio.netty.uninitializedArrayAllocationThreshold: -1
08:34:15.004 [main] DEBUG io.netty.util.internal.CleanerJava9 - java.nio.ByteBuffer.cleaner(): available
08:34:15.004 [main] DEBUG i.n.util.internal.PlatformDependent - -Dio.netty.noPreferDirect: false
08:34:15.019 [main] DEBUG i.n.util.internal.PlatformDependent - org.jctools-core.MpscChunkedArrayQueue: available
08:34:15.060 [main] DEBUG i.n.u.i.InternalThreadLocalMap - -Dio.netty.threadLocalMap.stringBuilder.initialSize: 1024
08:34:15.061 [main] DEBUG i.n.u.i.InternalThreadLocalMap - -Dio.netty.threadLocalMap.stringBuilder.maxSize: 4096
08:34:15.123 [main] DEBUG io.netty.handler.ssl.JdkSslContext - Default protocols (JDK): [TLSv1.3, TLSv1.2, TLSv1.1, TLSv1] 
08:34:15.123 [main] DEBUG io.netty.handler.ssl.JdkSslContext - Default cipher suites (JDK): [TLS_ECDHE_ECDSA_WITH_AES_256_GCM_SHA384, TLS_ECDHE_ECDSA_WITH_AES_128_GCM_SHA256, TLS_ECDHE_RSA_WITH_AES_128_GCM_SHA256, TLS_ECDHE_RSA_WITH_AES_256_GCM_SHA384, TLS_ECDHE_RSA_WITH_AES_128_CBC_SHA, TLS_ECDHE_RSA_WITH_AES_256_CBC_SHA, TLS_RSA_WITH_AES_128_GCM_SHA256, TLS_RSA_WITH_AES_128_CBC_SHA, TLS_RSA_WITH_AES_256_CBC_SHA, TLS_AES_128_GCM_SHA256, TLS_AES_256_GCM_SHA384]
08:34:15.172 [main] DEBUG i.n.c.MultithreadEventLoopGroup - -Dio.netty.eventLoopThreads: 24
08:34:15.186 [main] DEBUG io.netty.channel.nio.NioEventLoop - -Dio.netty.noKeySetOptimization: false
08:34:15.186 [main] DEBUG io.netty.channel.nio.NioEventLoop - -Dio.netty.selectorAutoRebuildThreshold: 512
08:34:15.251 [main] DEBUG i.n.buffer.PooledByteBufAllocator - -Dio.netty.allocator.numHeapArenas: 24
08:34:15.252 [main] DEBUG i.n.buffer.PooledByteBufAllocator - -Dio.netty.allocator.numDirectArenas: 24
08:34:15.252 [main] DEBUG i.n.buffer.PooledByteBufAllocator - -Dio.netty.allocator.pageSize: 8192
08:34:15.252 [main] DEBUG i.n.buffer.PooledByteBufAllocator - -Dio.netty.allocator.maxOrder: 11
08:34:15.252 [main] DEBUG i.n.buffer.PooledByteBufAllocator - -Dio.netty.allocator.chunkSize: 16777216
08:34:15.252 [main] DEBUG i.n.buffer.PooledByteBufAllocator - -Dio.netty.allocator.smallCacheSize: 256
08:34:15.252 [main] DEBUG i.n.buffer.PooledByteBufAllocator - -Dio.netty.allocator.normalCacheSize: 64
08:34:15.252 [main] DEBUG i.n.buffer.PooledByteBufAllocator - -Dio.netty.allocator.maxCachedBufferCapacity: 32768
08:34:15.252 [main] DEBUG i.n.buffer.PooledByteBufAllocator - -Dio.netty.allocator.cacheTrimInterval: 8192
08:34:15.252 [main] DEBUG i.n.buffer.PooledByteBufAllocator - -Dio.netty.allocator.cacheTrimIntervalMillis: 0
08:34:15.252 [main] DEBUG i.n.buffer.PooledByteBufAllocator - -Dio.netty.allocator.useCacheForAllThreads: true
08:34:15.252 [main] DEBUG i.n.buffer.PooledByteBufAllocator - -Dio.netty.allocator.maxCachedByteBuffersPerChunk: 1023
08:34:15.268 [main] DEBUG io.netty.buffer.ByteBufUtil - -Dio.netty.allocator.type: pooled
08:34:15.269 [main] DEBUG io.netty.buffer.ByteBufUtil - -Dio.netty.threadLocalDirectBufferSize: 0
08:34:15.269 [main] DEBUG io.netty.buffer.ByteBufUtil - -Dio.netty.maxThreadLocalCharBufferSize: 16384
08:34:16.629 [Forwarding newSession on session null to remote] DEBUG io.netty.channel.DefaultChannelId - -Dio.netty.processId: 29612 (auto-detected)
08:34:16.632 [Forwarding newSession on session null to remote] DEBUG io.netty.util.NetUtil - -Djava.net.preferIPv4Stack: false
08:34:16.632 [Forwarding newSession on session null to remote] DEBUG io.netty.util.NetUtil - -Djava.net.preferIPv6Addresses: false
08:34:16.641 [Forwarding newSession on session null to remote] DEBUG io.netty.util.NetUtilInitializations - Loopback interface: lo (Software Loopback Interface 1, 127.0.0.1)
08:34:16.642 [Forwarding newSession on session null to remote] DEBUG io.netty.util.NetUtil - Failed to get SOMAXCONN from sysctl and file \proc\sys\net\core\somaxconn. Default: 200
08:34:16.661 [Forwarding newSession on session null to remote] DEBUG io.netty.channel.DefaultChannelId - -Dio.netty.machineId: 00:d8:61:ff:fe:9b:78:4c (auto-detected)
08:34:16.737 [AsyncHttpClient-1-2] DEBUG io.netty.buffer.AbstractByteBuf - -Dio.netty.buffer.checkAccessible: true
08:34:16.738 [AsyncHttpClient-1-2] DEBUG io.netty.buffer.AbstractByteBuf - -Dio.netty.buffer.checkBounds: true
08:34:16.738 [AsyncHttpClient-1-2] DEBUG i.n.util.ResourceLeakDetectorFactory - Loaded default ResourceLeakDetector: io.netty.util.ResourceLeakDetector@61142d9b
08:34:16.760 [AsyncHttpClient-1-2] DEBUG o.a.n.channel.NettyConnectListener - Using new Channel '[id: 0xe8c2982c, L:/127.0.0.1:53176 - R:localhost/127.0.0.1:64231]' for 'POST' to '/session'
08:34:16.798 [AsyncHttpClient-1-2] DEBUG io.netty.util.Recycler - -Dio.netty.recycler.maxCapacityPerThread: 4096
08:34:16.798 [AsyncHttpClient-1-2] DEBUG io.netty.util.Recycler - -Dio.netty.recycler.maxSharedCapacityFactor: 2
08:34:16.798 [AsyncHttpClient-1-2] DEBUG io.netty.util.Recycler - -Dio.netty.recycler.linkCapacity: 16
08:34:16.798 [AsyncHttpClient-1-2] DEBUG io.netty.util.Recycler - -Dio.netty.recycler.ratio: 8
08:34:16.798 [AsyncHttpClient-1-2] DEBUG io.netty.util.Recycler - -Dio.netty.recycler.delayedQueue.ratio: 8
08:34:18.142 [AsyncHttpClient-1-2] DEBUG i.n.handler.codec.compression.Brotli - brotli4j not in the classpath; Brotli support will be unavailable.
08:34:18.142 [AsyncHttpClient-1-2] DEBUG o.a.netty.handler.HttpHandler - 

Request DefaultHttpRequest(decodeResult: success, version: HTTP/1.1)
POST /session HTTP/1.1
User-Agent: selenium/4.1.2 (java windows)
Content-Length: 365
Content-Type: application/json; charset=utf-8
host: localhost:64231
accept: */*

Response DefaultHttpResponse(decodeResult: success, version: HTTP/1.1)
HTTP/1.1 200 OK
Content-Type: application/json; charset=utf-8
cache-control: no-cache
content-length: 794

08:34:18.151 [AsyncHttpClient-1-2] DEBUG o.a.netty.channel.ChannelManager - Adding key: http://localhost:64231 for channel [id: 0xe8c2982c, L:/127.0.0.1:53176 - R:localhost/127.0.0.1:64231]
08:34:18.279 [AsyncHttpClient-1-3] DEBUG o.a.n.channel.NettyConnectListener - Using new Channel '[id: 0x40b19143, L:/127.0.0.1:53187 - R:localhost/127.0.0.1:53180]' for 'GET' to '/json/version'
08:34:18.296 [AsyncHttpClient-1-3] DEBUG o.a.netty.handler.HttpHandler - 

Request DefaultFullHttpRequest(decodeResult: success, version: HTTP/1.1, content: EmptyByteBufBE)
GET /json/version HTTP/1.1
User-Agent: selenium/4.1.2 (java windows)
host: localhost:53180
accept: */*

Response DefaultHttpResponse(decodeResult: success, version: HTTP/1.1)
HTTP/1.1 200 OK
Content-Type: application/json; charset=UTF-8
content-length: 423

08:34:18.296 [AsyncHttpClient-1-3] DEBUG o.a.netty.channel.ChannelManager - Adding key: http://localhost:53180 for channel [id: 0x40b19143, L:/127.0.0.1:53187 - R:localhost/127.0.0.1:53180]
08:34:18.315 [main] DEBUG i.n.util.internal.ThreadLocalRandom - -Dio.netty.initialSeedUniquifier: 0xb2981fd22cceeec1
08:34:18.323 [AsyncHttpClient-1-4] DEBUG o.a.n.channel.NettyConnectListener - Using new Channel '[id: 0xf3b57d17, L:/127.0.0.1:53188 - R:localhost/127.0.0.1:53180]' for 'GET' to '/devtools/browser/373ca603-ad9f-4b76-b99a-5d58f23a06e1'
08:34:18.332 [AsyncHttpClient-1-4] DEBUG o.a.netty.handler.WebSocketHandler - 

Request DefaultFullHttpRequest(decodeResult: success, version: HTTP/1.1, content: EmptyByteBufBE)
GET /devtools/browser/373ca603-ad9f-4b76-b99a-5d58f23a06e1 HTTP/1.1
upgrade: websocket
connection: upgrade
sec-websocket-key: dCsJMBYKs3hS93CxBr+Tog==
sec-websocket-version: 13
origin: http://localhost:53180
host: localhost:53180
accept: */*
user-agent: AHC/2.1

Response DefaultHttpResponse(decodeResult: success, version: HTTP/1.1)
HTTP/1.1 101 WebSocket Protocol Handshake
Upgrade: WebSocket
Connection: Upgrade
Sec-WebSocket-Accept: WceYIu7rVmm7L5Mrt9ZrFHQPc0k=

08:34:18.389 [Forwarding deleteAllCookies on session 754061abd0718128c63248997ead5bcd to remote] DEBUG o.a.netty.request.NettyRequestSender - Using pooled Channel '[id: 0xe8c2982c, L:/127.0.0.1:53176 - R:localhost/127.0.0.1:64231]' for 'DELETE' to 'http://localhost:64231/session/754061abd0718128c63248997ead5bcd/cookie'
08:34:18.389 [Forwarding deleteAllCookies on session 754061abd0718128c63248997ead5bcd to remote] DEBUG o.a.netty.request.NettyRequestSender - Using open Channel [id: 0xe8c2982c, L:/127.0.0.1:53176 - R:localhost/127.0.0.1:64231] for DELETE '/session/754061abd0718128c63248997ead5bcd/cookie'
08:34:18.400 [AsyncHttpClient-1-2] DEBUG o.a.netty.handler.HttpHandler - 

Request DefaultFullHttpRequest(decodeResult: success, version: HTTP/1.1, content: EmptyByteBufBE)
DELETE /session/754061abd0718128c63248997ead5bcd/cookie HTTP/1.1
User-Agent: selenium/4.1.2 (java windows)
Content-Type: application/json; charset=utf-8
host: localhost:64231
accept: */*

Response DefaultHttpResponse(decodeResult: success, version: HTTP/1.1)
HTTP/1.1 200 OK
Content-Type: application/json; charset=utf-8
cache-control: no-cache
content-length: 14

08:34:18.401 [AsyncHttpClient-1-2] DEBUG o.a.netty.channel.ChannelManager - Adding key: http://localhost:64231 for channel [id: 0xe8c2982c, L:/127.0.0.1:53176 - R:localhost/127.0.0.1:64231]
08:34:18.412 [Forwarding maximizeCurrentWindow on session 754061abd0718128c63248997ead5bcd to remote] DEBUG o.a.netty.request.NettyRequestSender - Using pooled Channel '[id: 0xe8c2982c, L:/127.0.0.1:53176 - R:localhost/127.0.0.1:64231]' for 'POST' to 'http://localhost:64231/session/754061abd0718128c63248997ead5bcd/window/maximize'
08:34:18.412 [Forwarding maximizeCurrentWindow on session 754061abd0718128c63248997ead5bcd to remote] DEBUG o.a.netty.request.NettyRequestSender - Using open Channel [id: 0xe8c2982c, L:/127.0.0.1:53176 - R:localhost/127.0.0.1:64231] for POST '/session/754061abd0718128c63248997ead5bcd/window/maximize'
08:34:18.441 [AsyncHttpClient-1-1] DEBUG o.a.netty.channel.DefaultChannelPool - Entry count for : http://localhost:53180 : 1
08:34:18.538 [AsyncHttpClient-1-2] DEBUG o.a.netty.handler.HttpHandler - 

Request DefaultHttpRequest(decodeResult: success, version: HTTP/1.1)
POST /session/754061abd0718128c63248997ead5bcd/window/maximize HTTP/1.1
User-Agent: selenium/4.1.2 (java windows)
Content-Length: 3
Content-Type: application/json; charset=utf-8
host: localhost:64231
accept: */*

Response DefaultHttpResponse(decodeResult: success, version: HTTP/1.1)
HTTP/1.1 200 OK
Content-Type: application/json; charset=utf-8
cache-control: no-cache
content-length: 52

08:34:18.539 [AsyncHttpClient-1-2] DEBUG o.a.netty.channel.ChannelManager - Adding key: http://localhost:64231 for channel [id: 0xe8c2982c, L:/127.0.0.1:53176 - R:localhost/127.0.0.1:64231]
DEBUG [main] (GetPostSteps.java:30) - i_perform_get_operation_forposts
DEBUG [main] (GetPostSteps.java:30)- i_perform_get_operation_forposts
08:34:19.541 [AsyncHttpClient-1-1] DEBUG o.a.netty.channel.DefaultChannelPool - Entry count for : http://localhost:53180 : 1
08:34:19.541 [AsyncHttpClient-1-1] DEBUG o.a.netty.channel.DefaultChannelPool - Entry count for : http://localhost:64231 : 1
  &amp#27;[32mGiven &amp#27;[0m&amp#27;[32mI perform GET operation for "&amp#27;[0m&amp#27;[32m&amp#27;[1mposts&amp#27;[0m&amp#27;[32m"&amp#27;[0m  &amp#27;[90m# stepdefinitions.GetPostSteps.i_perform_get_operation_for(java.lang.String)&amp#27;[0m
DEBUG [main] (GetPostSteps.java:39) - i_perform_get_for_the_post_number2
DEBUG [main] (GetPostSteps.java:39)- i_perform_get_for_the_post_number2
08:34:20.648 [AsyncHttpClient-1-1] DEBUG o.a.netty.channel.DefaultChannelPool - Entry count for : http://localhost:53180 : 1
08:34:20.649 [AsyncHttpClient-1-1] DEBUG o.a.netty.channel.DefaultChannelPool - Entry count for : http://localhost:64231 : 1
DEBUG [main] (BasicClientConnectionManager.java:161) - Get connection for route {}->http://localhost:3000
DEBUG [main] (BasicClientConnectionManager.java:161)- Get connection for route {}->http://localhost:3000
DEBUG [main] (DefaultClientConnectionOperator.java:177) - Connecting to localhost:3000
DEBUG [main] (DefaultClientConnectionOperator.java:177)- Connecting to localhost:3000
DEBUG [main] (RequestAddCookies.java:123) - CookieSpec selected: ignoreCookies
DEBUG [main] (RequestAddCookies.java:123)- CookieSpec selected: ignoreCookies
DEBUG [main] (RequestAuthCache.java:77) - Auth cache not set in the context
DEBUG [main] (RequestAuthCache.java:77)- Auth cache not set in the context
DEBUG [main] (RequestTargetAuthentication.java:80) - Target auth state: UNCHALLENGED
DEBUG [main] (RequestTargetAuthentication.java:80)- Target auth state: UNCHALLENGED
DEBUG [main] (RequestProxyAuthentication.java:89) - Proxy auth state: UNCHALLENGED
DEBUG [main] (RequestProxyAuthentication.java:89)- Proxy auth state: UNCHALLENGED
DEBUG [main] (DefaultRequestDirector.java:677) - Attempt 1 to execute request
DEBUG [main] (DefaultRequestDirector.java:677)- Attempt 1 to execute request
DEBUG [main] (DefaultClientConnection.java:274) - Sending request: GET /posts/2 HTTP/1.1
DEBUG [main] (DefaultClientConnection.java:274)- Sending request: GET /posts/2 HTTP/1.1
DEBUG [main] (Wire.java:73) -  >> "GET /posts/2 HTTP/1.1[\r][\n]"
DEBUG [main] (Wire.java:73)-  >> "GET /posts/2 HTTP/1.1[\r][\n]"
DEBUG [main] (Wire.java:73) -  >> "Accept: */*[\r][\n]"
DEBUG [main] (Wire.java:73)-  >> "Accept: */*[\r][\n]"
DEBUG [main] (Wire.java:73) -  >> "Host: localhost:3000[\r][\n]"
DEBUG [main] (Wire.java:73)-  >> "Host: localhost:3000[\r][\n]"
DEBUG [main] (Wire.java:73) -  >> "Connection: Keep-Alive[\r][\n]"
DEBUG [main] (Wire.java:73)-  >> "Connection: Keep-Alive[\r][\n]"
DEBUG [main] (Wire.java:73) -  >> "User-Agent: Apache-HttpClient/4.5.13 (Java/15.0.1)[\r][\n]"
DEBUG [main] (Wire.java:73)-  >> "User-Agent: Apache-HttpClient/4.5.13 (Java/15.0.1)[\r][\n]"
DEBUG [main] (Wire.java:73) -  >> "Accept-Encoding: gzip,deflate[\r][\n]"
DEBUG [main] (Wire.java:73)-  >> "Accept-Encoding: gzip,deflate[\r][\n]"
DEBUG [main] (Wire.java:73) -  >> "[\r][\n]"
DEBUG [main] (Wire.java:73)-  >> "[\r][\n]"
DEBUG [main] (DefaultClientConnection.java:278) - >> GET /posts/2 HTTP/1.1
DEBUG [main] (DefaultClientConnection.java:278)- >> GET /posts/2 HTTP/1.1
DEBUG [main] (DefaultClientConnection.java:281) - >> Accept: */*
DEBUG [main] (DefaultClientConnection.java:281)- >> Accept: */*
DEBUG [main] (DefaultClientConnection.java:281) - >> Host: localhost:3000
DEBUG [main] (DefaultClientConnection.java:281)- >> Host: localhost:3000
DEBUG [main] (DefaultClientConnection.java:281) - >> Connection: Keep-Alive
DEBUG [main] (DefaultClientConnection.java:281)- >> Connection: Keep-Alive
DEBUG [main] (DefaultClientConnection.java:281) - >> User-Agent: Apache-HttpClient/4.5.13 (Java/15.0.1)
DEBUG [main] (DefaultClientConnection.java:281)- >> User-Agent: Apache-HttpClient/4.5.13 (Java/15.0.1)
DEBUG [main] (DefaultClientConnection.java:281) - >> Accept-Encoding: gzip,deflate
DEBUG [main] (DefaultClientConnection.java:281)- >> Accept-Encoding: gzip,deflate
DEBUG [main] (Wire.java:73) -  << "HTTP/1.1 200 OK[\r][\n]"
DEBUG [main] (Wire.java:73)-  << "HTTP/1.1 200 OK[\r][\n]"
DEBUG [main] (Wire.java:73) -  << "X-Powered-By: Express[\r][\n]"
DEBUG [main] (Wire.java:73)-  << "X-Powered-By: Express[\r][\n]"
DEBUG [main] (Wire.java:73) -  << "Vary: Origin, Accept-Encoding[\r][\n]"
DEBUG [main] (Wire.java:73)-  << "Vary: Origin, Accept-Encoding[\r][\n]"
DEBUG [main] (Wire.java:73) -  << "Access-Control-Allow-Credentials: true[\r][\n]"
DEBUG [main] (Wire.java:73)-  << "Access-Control-Allow-Credentials: true[\r][\n]"
DEBUG [main] (Wire.java:73) -  << "Cache-Control: no-cache[\r][\n]"
DEBUG [main] (Wire.java:73)-  << "Cache-Control: no-cache[\r][\n]"
DEBUG [main] (Wire.java:73) -  << "Pragma: no-cache[\r][\n]"
DEBUG [main] (Wire.java:73)-  << "Pragma: no-cache[\r][\n]"
DEBUG [main] (Wire.java:73) -  << "Expires: -1[\r][\n]"
DEBUG [main] (Wire.java:73)-  << "Expires: -1[\r][\n]"
DEBUG [main] (Wire.java:73) -  << "X-Content-Type-Options: nosniff[\r][\n]"
DEBUG [main] (Wire.java:73)-  << "X-Content-Type-Options: nosniff[\r][\n]"
DEBUG [main] (Wire.java:73) -  << "Content-Type: application/json; charset=utf-8[\r][\n]"
DEBUG [main] (Wire.java:73)-  << "Content-Type: application/json; charset=utf-8[\r][\n]"
DEBUG [main] (Wire.java:73) -  << "Content-Length: 59[\r][\n]"
DEBUG [main] (Wire.java:73)-  << "Content-Length: 59[\r][\n]"
DEBUG [main] (Wire.java:73) -  << "ETag: W/"3b-X/C3rCWS1dLfJqqpaC5A0hnk+QY"[\r][\n]"
DEBUG [main] (Wire.java:73)-  << "ETag: W/"3b-X/C3rCWS1dLfJqqpaC5A0hnk+QY"[\r][\n]"
DEBUG [main] (Wire.java:73) -  << "Date: Tue, 29 Mar 2022 00:34:21 GMT[\r][\n]"
DEBUG [main] (Wire.java:73)-  << "Date: Tue, 29 Mar 2022 00:34:21 GMT[\r][\n]"
DEBUG [main] (Wire.java:73) -  << "Connection: keep-alive[\r][\n]"
DEBUG [main] (Wire.java:73)-  << "Connection: keep-alive[\r][\n]"
DEBUG [main] (Wire.java:73) -  << "[\r][\n]"
DEBUG [main] (Wire.java:73)-  << "[\r][\n]"
DEBUG [main] (DefaultClientConnection.java:259) - Receiving response: HTTP/1.1 200 OK
DEBUG [main] (DefaultClientConnection.java:259)- Receiving response: HTTP/1.1 200 OK
DEBUG [main] (DefaultClientConnection.java:262) - << HTTP/1.1 200 OK
DEBUG [main] (DefaultClientConnection.java:262)- << HTTP/1.1 200 OK
DEBUG [main] (DefaultClientConnection.java:265) - << X-Powered-By: Express
DEBUG [main] (DefaultClientConnection.java:265)- << X-Powered-By: Express
DEBUG [main] (DefaultClientConnection.java:265) - << Vary: Origin, Accept-Encoding
DEBUG [main] (DefaultClientConnection.java:265)- << Vary: Origin, Accept-Encoding
DEBUG [main] (DefaultClientConnection.java:265) - << Access-Control-Allow-Credentials: true
DEBUG [main] (DefaultClientConnection.java:265)- << Access-Control-Allow-Credentials: true
DEBUG [main] (DefaultClientConnection.java:265) - << Cache-Control: no-cache
DEBUG [main] (DefaultClientConnection.java:265)- << Cache-Control: no-cache
DEBUG [main] (DefaultClientConnection.java:265) - << Pragma: no-cache
DEBUG [main] (DefaultClientConnection.java:265)- << Pragma: no-cache
DEBUG [main] (DefaultClientConnection.java:265) - << Expires: -1
DEBUG [main] (DefaultClientConnection.java:265)- << Expires: -1
DEBUG [main] (DefaultClientConnection.java:265) - << X-Content-Type-Options: nosniff
DEBUG [main] (DefaultClientConnection.java:265)- << X-Content-Type-Options: nosniff
DEBUG [main] (DefaultClientConnection.java:265) - << Content-Type: application/json; charset=utf-8
DEBUG [main] (DefaultClientConnection.java:265)- << Content-Type: application/json; charset=utf-8
DEBUG [main] (DefaultClientConnection.java:265) - << Content-Length: 59
DEBUG [main] (DefaultClientConnection.java:265)- << Content-Length: 59
DEBUG [main] (DefaultClientConnection.java:265) - << ETag: W/"3b-X/C3rCWS1dLfJqqpaC5A0hnk+QY"
DEBUG [main] (DefaultClientConnection.java:265)- << ETag: W/"3b-X/C3rCWS1dLfJqqpaC5A0hnk+QY"
DEBUG [main] (DefaultClientConnection.java:265) - << Date: Tue, 29 Mar 2022 00:34:21 GMT
DEBUG [main] (DefaultClientConnection.java:265)- << Date: Tue, 29 Mar 2022 00:34:21 GMT
DEBUG [main] (DefaultClientConnection.java:265) - << Connection: keep-alive
DEBUG [main] (DefaultClientConnection.java:265)- << Connection: keep-alive
DEBUG [main] (DefaultRequestDirector.java:504) - Connection can be kept alive indefinitely
DEBUG [main] (DefaultRequestDirector.java:504)- Connection can be kept alive indefinitely
DEBUG [main] (HTTPBuilder.java:547) - Parsing response as: application/json; charset=utf-8
DEBUG [main] (HTTPBuilder.java:547)- Parsing response as: application/json; charset=utf-8
DEBUG [main] (HTTPBuilder.java:550) - Parsed data to instance of: class org.apache.http.conn.EofSensorInputStream
DEBUG [main] (HTTPBuilder.java:550)- Parsed data to instance of: class org.apache.http.conn.EofSensorInputStream
DEBUG [main] (Wire.java:73) -  << "{[\n]"
DEBUG [main] (Wire.java:73)-  << "{[\n]"
DEBUG [main] (Wire.java:73) -  << "  "id": 2,[\n]"
DEBUG [main] (Wire.java:73)-  << "  "id": 2,[\n]"
DEBUG [main] (Wire.java:73) -  << "  "title": "rest-assured",[\n]"
DEBUG [main] (Wire.java:73)-  << "  "title": "rest-assured",[\n]"
DEBUG [main] (Wire.java:73) -  << "  "author": "api"[\n]"
DEBUG [main] (Wire.java:73)-  << "  "author": "api"[\n]"
DEBUG [main] (Wire.java:87) -  << "}"
DEBUG [main] (Wire.java:87)-  << "}"
DEBUG [main] (BasicClientConnectionManager.java:200) - Releasing connection org.apache.http.impl.conn.ManagedClientConnectionImpl@20914835
DEBUG [main] (BasicClientConnectionManager.java:200)- Releasing connection org.apache.http.impl.conn.ManagedClientConnectionImpl@20914835
DEBUG [main] (BasicClientConnectionManager.java:225) - Connection can be kept alive indefinitely
DEBUG [main] (BasicClientConnectionManager.java:225)- Connection can be kept alive indefinitely
DEBUG [main] (GetPostSteps.java:41) - request header : 
 {
    "id": 2,
    "title": "rest-assured",
    "author": "api"
}
DEBUG [main] (GetPostSteps.java:41)- request header : 
 {
    "id": 2,
    "title": "rest-assured",
    "author": "api"
}
  &amp#27;[32mWhen &amp#27;[0m&amp#27;[32mI perform GET for the post number "&amp#27;[0m&amp#27;[32m&amp#27;[1m2&amp#27;[0m&amp#27;[32m"&amp#27;[0m &amp#27;[90m# stepdefinitions.GetPostSteps.i_perform_get_for_the_post_number(java.lang.String)&amp#27;[0m
DEBUG [main] (GetPostSteps.java:88) - geti_should_see_the_author_name_asBody : api
DEBUG [main] (GetPostSteps.java:88)- geti_should_see_the_author_name_asBody : api
HTTP/1.1 200 OK
X-Powered-By: Express
Vary: Origin, Accept-Encoding
Access-Control-Allow-Credentials: true
Cache-Control: no-cache
Pragma: no-cache
Expires: -1
X-Content-Type-Options: nosniff
Content-Type: application/json; charset=utf-8
Content-Length: 59
ETag: W/"3b-X/C3rCWS1dLfJqqpaC5A0hnk+QY"
Date: Tue, 29 Mar 2022 00:34:21 GMT
Connection: keep-alive

{
    "id": 2,
    "title": "rest-assured",
    "author": "api"
}
08:34:21.733 [AsyncHttpClient-1-1] DEBUG o.a.netty.channel.DefaultChannelPool - Entry count for : http://localhost:53180 : 1
08:34:21.733 [AsyncHttpClient-1-1] DEBUG o.a.netty.channel.DefaultChannelPool - Entry count for : http://localhost:64231 : 1
DEBUG [main] (GetPostSteps.java:93) - getBody : io.restassured.internal.RestAssuredResponseImpl@29ee8174
DEBUG [main] (GetPostSteps.java:93)- getBody : io.restassured.internal.RestAssuredResponseImpl@29ee8174
  &amp#27;[32mThen &amp#27;[0m&amp#27;[32mI should see the author name as "&amp#27;[0m&amp#27;[32m&amp#27;[1mapi&amp#27;[0m&amp#27;[32m"&amp#27;[0m &amp#27;[90m# stepdefinitions.GetPostSteps.i_should_see_the_author_name_as(java.lang.String)&amp#27;[0m
DEBUG [main] (apphooks.java:45) - Close Browser
DEBUG [main] (apphooks.java:45)- Close Browser
08:34:22.679 [AsyncHttpClient-1-4] DEBUG o.a.netty.handler.WebSocketHandler - Channel Closed: [id: 0xf3b57d17, L:/127.0.0.1:53188 ! R:localhost/127.0.0.1:53180] with attribute NettyResponseFuture{currentRetry=5,
	isDone=1,
	isCancelled=0,
	asyncHandler=org.asynchttpclient.ws.WebSocketUpgradeHandler@6d858296,
	nettyRequest=org.asynchttpclient.netty.request.NettyRequest@52933581,
	future=java.util.concurrent.CompletableFuture@4f08a300[Completed normally],
	uri=ws://localhost:53180/devtools/browser/373ca603-ad9f-4b76-b99a-5d58f23a06e1,
	keepAlive=true,
	redirectCount=0,
	timeoutsHolder=null,
	inAuth=0,
	touch=1648514058352}
08:34:22.680 [AsyncHttpClient-1-4] DEBUG o.a.netty.channel.ChannelManager - Closing Channel [id: 0xf3b57d17, L:/127.0.0.1:53188 ! R:localhost/127.0.0.1:53180] 
08:34:22.682 [Driver Command Executor] DEBUG o.a.netty.request.NettyRequestSender - Using pooled Channel '[id: 0xe8c2982c, L:/127.0.0.1:53176 - R:localhost/127.0.0.1:64231]' for 'DELETE' to 'http://localhost:64231/session/754061abd0718128c63248997ead5bcd'
08:34:22.682 [Driver Command Executor] DEBUG o.a.netty.request.NettyRequestSender - Using open Channel [id: 0xe8c2982c, L:/127.0.0.1:53176 - R:localhost/127.0.0.1:64231] for DELETE '/session/754061abd0718128c63248997ead5bcd'
08:34:22.819 [AsyncHttpClient-1-3] DEBUG o.a.netty.handler.HttpHandler - Unexpected I/O exception on channel [id: 0x40b19143, L:/127.0.0.1:53187 - R:localhost/127.0.0.1:53180]
java.net.SocketException: Connection reset
	at java.base/sun.nio.ch.SocketChannelImpl.throwConnectionReset(SocketChannelImpl.java:367) ~[na:na]
	at java.base/sun.nio.ch.SocketChannelImpl.read(SocketChannelImpl.java:398) ~[na:na]
	at io.netty.buffer.PooledByteBuf.setBytes(PooledByteBuf.java:253) ~[netty-buffer-4.1.70.Final.jar:4.1.70.Final]
	at io.netty.buffer.AbstractByteBuf.writeBytes(AbstractByteBuf.java:1132) ~[netty-buffer-4.1.70.Final.jar:4.1.70.Final]
	at io.netty.channel.socket.nio.NioSocketChannel.doReadBytes(NioSocketChannel.java:350) ~[netty-transport-4.1.70.Final.jar:4.1.70.Final]
	at io.netty.channel.nio.AbstractNioByteChannel$NioByteUnsafe.read(AbstractNioByteChannel.java:151) ~[netty-transport-4.1.70.Final.jar:4.1.70.Final]
	at io.netty.channel.nio.NioEventLoop.processSelectedKey(NioEventLoop.java:719) ~[netty-transport-4.1.70.Final.jar:4.1.70.Final]
	at io.netty.channel.nio.NioEventLoop.processSelectedKeysOptimized(NioEventLoop.java:655) ~[netty-transport-4.1.70.Final.jar:4.1.70.Final]
	at io.netty.channel.nio.NioEventLoop.processSelectedKeys(NioEventLoop.java:581) ~[netty-transport-4.1.70.Final.jar:4.1.70.Final]
	at io.netty.channel.nio.NioEventLoop.run(NioEventLoop.java:493) ~[netty-transport-4.1.70.Final.jar:4.1.70.Final]
	at io.netty.util.concurrent.SingleThreadEventExecutor$4.run(SingleThreadEventExecutor.java:986) ~[netty-common-4.1.70.Final.jar:4.1.70.Final]
	at io.netty.util.internal.ThreadExecutorMap$2.run(ThreadExecutorMap.java:74) ~[netty-common-4.1.70.Final.jar:4.1.70.Final]
	at io.netty.util.concurrent.FastThreadLocalRunnable.run(FastThreadLocalRunnable.java:30) ~[netty-common-4.1.70.Final.jar:4.1.70.Final]
	at java.base/java.lang.Thread.run(Thread.java:832) ~[na:na]
08:34:22.819 [AsyncHttpClient-1-3] DEBUG o.a.netty.channel.ChannelManager - Closing Channel [id: 0x40b19143, L:/127.0.0.1:53187 - R:localhost/127.0.0.1:53180] 
08:34:22.820 [AsyncHttpClient-1-3] DEBUG o.a.netty.handler.HttpHandler - Channel Closed: [id: 0x40b19143, L:/127.0.0.1:53187 ! R:localhost/127.0.0.1:53180] with attribute DISCARD
08:34:22.834 [AsyncHttpClient-1-1] DEBUG o.a.netty.channel.DefaultChannelPool - Entry count for : http://localhost:53180 : 1
08:34:22.834 [AsyncHttpClient-1-1] DEBUG o.a.netty.channel.DefaultChannelPool - Adding Candidate expired Channel [id: 0x40b19143, L:/127.0.0.1:53187 ! R:localhost/127.0.0.1:53180] isIdleTimeoutExpired=false isRemotelyClosed=true isTtlExpired=false
08:34:22.835 [AsyncHttpClient-1-1] DEBUG o.a.netty.channel.DefaultChannelPool - Closing Idle Channel [id: 0x40b19143, L:/127.0.0.1:53187 ! R:localhost/127.0.0.1:53180]
08:34:22.835 [AsyncHttpClient-1-1] DEBUG o.a.netty.channel.DefaultChannelPool - Closed 1 connections out of 1 in 1 ms
08:34:22.843 [AsyncHttpClient-1-2] DEBUG o.a.netty.handler.HttpHandler - 

Request DefaultFullHttpRequest(decodeResult: success, version: HTTP/1.1, content: EmptyByteBufBE)
DELETE /session/754061abd0718128c63248997ead5bcd HTTP/1.1
User-Agent: selenium/4.1.2 (java windows)
Content-Type: application/json; charset=utf-8
host: localhost:64231
accept: */*

Response DefaultHttpResponse(decodeResult: success, version: HTTP/1.1)
HTTP/1.1 200 OK
Content-Type: application/json; charset=utf-8
cache-control: no-cache
content-length: 14

08:34:22.844 [AsyncHttpClient-1-2] DEBUG o.a.netty.channel.ChannelManager - Adding key: http://localhost:64231 for channel [id: 0xe8c2982c, L:/127.0.0.1:53176 - R:localhost/127.0.0.1:64231]
08:34:22.901 [AsyncHttpClient-1-2] DEBUG o.a.netty.handler.HttpHandler - Channel Closed: [id: 0xe8c2982c, L:/127.0.0.1:53176 ! R:localhost/127.0.0.1:64231] with attribute DISCARD
08:34:23.442 [main] INFO   - 
  _____   ___   ___   _____     ___     _     ___   ___   ___   ___  
 |_   _| | __| / __| |_   _|   | _ \   /_\   / __| / __| | __| |   \ 
   | |   | _|  \__ \   | |     |  _/  / _ \  \__ \ \__ \ | _|  | |) |
   |_|   |___| |___/   |_|     |_|   /_/ \_\ |___/ |___/ |___| |___/ 

Verify one author of the post
----------------------------------------------------------------------
]]></system-out>
    <system-err><![CDATA[SLF4J: Class path contains multiple SLF4J bindings.
SLF4J: Found binding in [jar:file:/C:/Users/DheyClaveria/.m2/repository/ch/qos/logback/logback-classic/1.1.3/logback-classic-1.1.3.jar!/org/slf4j/impl/StaticLoggerBinder.class]
SLF4J: Found binding in [jar:file:/C:/Users/DheyClaveria/.m2/repository/org/slf4j/slf4j-reload4j/1.7.36/slf4j-reload4j-1.7.36.jar!/org/slf4j/impl/StaticLoggerBinder.class]
SLF4J: See http://www.slf4j.org/codes.html#multiple_bindings for an explanation.
SLF4J: Actual binding is of type [ch.qos.logback.classic.util.ContextSelectorStaticBinder]
log4j:WARN No such property [locationInfo] in org.apache.log4j.PatternLayout.
Starting ChromeDriver 99.0.4844.51 (d537ec02474b5afe23684e7963d538896c63ac77-refs/branch-heads/4844@{#875}) on port 64231
Only local connections are allowed.
Please see https://chromedriver.chromium.org/security-considerations for suggestions on keeping ChromeDriver safe.
ChromeDriver was started successfully.
Mar 29, 2022 8:34:18 AM org.openqa.selenium.remote.ProtocolHandshake createSession
INFO: Detected dialect: W3C
Mar 29, 2022 8:34:18 AM org.openqa.selenium.devtools.CdpVersionFinder findNearestMatch
WARNING: Unable to find an exact match for CDP version 99, so returning the closest version found: 96
Mar 29, 2022 8:34:18 AM org.openqa.selenium.devtools.CdpVersionFinder findNearestMatch
INFO: Found CDP implementation for version 99 of 96
]]></system-err>
  </testcase>
  <testcase name="Verify one existing user credentials" classname="Verify different GET operations using REST-assured" time="3.577">
    <system-out><![CDATA[
@All @Performance
Scenario: Verify one existing user credentials                                  &amp#27;[90m# src/main/resources/AppFeatures/GetPost.feature:10&amp#27;[0m
08:34:23.474 [main] INFO  i.c.core.plugin.SerenityReporter - Running feature from file:///Z:/Automation/JavaCucumber/BDD_HCL/CucumberHCL/src/main/resources/AppFeatures/GetPost.feature
08:34:23.474 [main] WARN  i.c.core.plugin.SerenityReporter - Feature from file:///Z:/Automation/JavaCucumber/BDD_HCL/CucumberHCL/src/main/resources/AppFeatures/GetPost.feature is not under the 'features' directory. Requirements report will not be correctly generated!
08:34:23.478 [main] INFO   - 
  _____   ___   ___   _____     ___   _____     _     ___   _____   ___   ___  
 |_   _| | __| / __| |_   _|   / __| |_   _|   /_\   | _ \ |_   _| | __| |   \ 
   | |   | _|  \__ \   | |     \__ \   | |    / _ \  |   /   | |   | _|  | |) |
   |_|   |___| |___/   |_|     |___/   |_|   /_/ \_\ |_|_\   |_|   |___| |___/ 

Verify one existing user credentials(verify-different-get-operations-using-rest-assured;verify-one-existing-user-credentials)
--------------------------------------------------------------------------------
DEBUG [main] (apphooks.java:34) - Set up Browser
DEBUG [main] (apphooks.java:34)- Set up Browser
08:34:23.492 [main] DEBUG com.pages.drivers.DriversFactory - Initialize Driver Browser Configuration
08:34:23.492 [main] DEBUG com.pages.drivers.DriversFactory -  Driver Browser : chrome
08:34:23.516 [main] DEBUG i.g.bonigarcia.wdm.WebDriverManager - Driver chromedriver 99.0.4844.51 found in cache
08:34:23.519 [main] INFO  i.g.bonigarcia.wdm.WebDriverManager - Exporting webdriver.chrome.driver as C:\Users\DheyClaveria\.cache\selenium\chromedriver\win32\99.0.4844.51\chromedriver.exe
08:34:23.939 [AsyncHttpClient-1-1] DEBUG o.a.netty.channel.DefaultChannelPool - Entry count for : http://localhost:64231 : 1
08:34:23.939 [AsyncHttpClient-1-1] DEBUG o.a.netty.channel.DefaultChannelPool - Adding Candidate expired Channel [id: 0xe8c2982c, L:/127.0.0.1:53176 ! R:localhost/127.0.0.1:64231] isIdleTimeoutExpired=false isRemotelyClosed=true isTtlExpired=false
08:34:23.939 [AsyncHttpClient-1-1] DEBUG o.a.netty.channel.DefaultChannelPool - Closing Idle Channel [id: 0xe8c2982c, L:/127.0.0.1:53176 ! R:localhost/127.0.0.1:64231]
08:34:23.940 [AsyncHttpClient-1-1] DEBUG o.a.netty.channel.DefaultChannelPool - Closed 1 connections out of 1 in 1 ms
08:34:24.081 [AsyncHttpClient-1-5] DEBUG o.a.n.channel.NettyConnectListener - Using new Channel '[id: 0x4490ee22, L:/127.0.0.1:53205 - R:localhost/127.0.0.1:59348]' for 'POST' to '/session'
08:34:25.581 [AsyncHttpClient-1-5] DEBUG o.a.netty.handler.HttpHandler - 

Request DefaultHttpRequest(decodeResult: success, version: HTTP/1.1)
POST /session HTTP/1.1
User-Agent: selenium/4.1.2 (java windows)
Content-Length: 365
Content-Type: application/json; charset=utf-8
host: localhost:59348
accept: */*

Response DefaultHttpResponse(decodeResult: success, version: HTTP/1.1)
HTTP/1.1 200 OK
Content-Type: application/json; charset=utf-8
cache-control: no-cache
content-length: 794

08:34:25.581 [AsyncHttpClient-1-5] DEBUG o.a.netty.channel.ChannelManager - Adding key: http://localhost:59348 for channel [id: 0x4490ee22, L:/127.0.0.1:53205 - R:localhost/127.0.0.1:59348]
08:34:25.597 [AsyncHttpClient-1-6] DEBUG o.a.n.channel.NettyConnectListener - Using new Channel '[id: 0xd6fa4d98, L:/127.0.0.1:53254 - R:localhost/127.0.0.1:53247]' for 'GET' to '/json/version'
08:34:25.607 [AsyncHttpClient-1-6] DEBUG o.a.netty.handler.HttpHandler - 

Request DefaultFullHttpRequest(decodeResult: success, version: HTTP/1.1, content: EmptyByteBufBE)
GET /json/version HTTP/1.1
User-Agent: selenium/4.1.2 (java windows)
host: localhost:53247
accept: */*

Response DefaultHttpResponse(decodeResult: success, version: HTTP/1.1)
HTTP/1.1 200 OK
Content-Type: application/json; charset=UTF-8
content-length: 423

08:34:25.607 [AsyncHttpClient-1-6] DEBUG o.a.netty.channel.ChannelManager - Adding key: http://localhost:53247 for channel [id: 0xd6fa4d98, L:/127.0.0.1:53254 - R:localhost/127.0.0.1:53247]
08:34:25.613 [AsyncHttpClient-1-7] DEBUG o.a.n.channel.NettyConnectListener - Using new Channel '[id: 0x4c1b7f90, L:/127.0.0.1:53255 - R:localhost/127.0.0.1:53247]' for 'GET' to '/devtools/browser/7440a151-6e42-4c03-9a2d-700ff3dc3c87'
08:34:25.623 [AsyncHttpClient-1-7] DEBUG o.a.netty.handler.WebSocketHandler - 

Request DefaultFullHttpRequest(decodeResult: success, version: HTTP/1.1, content: EmptyByteBufBE)
GET /devtools/browser/7440a151-6e42-4c03-9a2d-700ff3dc3c87 HTTP/1.1
upgrade: websocket
connection: upgrade
sec-websocket-key: es0XnPUP/2AtEgZREMNoow==
sec-websocket-version: 13
origin: http://localhost:53247
host: localhost:53247
accept: */*
user-agent: AHC/2.1

Response DefaultHttpResponse(decodeResult: success, version: HTTP/1.1)
HTTP/1.1 101 WebSocket Protocol Handshake
Upgrade: WebSocket
Connection: Upgrade
Sec-WebSocket-Accept: gYAtKGbllzeuKUMeWwKSXYJ+cY4=

08:34:25.632 [Forwarding deleteAllCookies on session f710dc36353f58c3a5b8cc70b99bd96c to remote] DEBUG o.a.netty.request.NettyRequestSender - Using pooled Channel '[id: 0x4490ee22, L:/127.0.0.1:53205 - R:localhost/127.0.0.1:59348]' for 'DELETE' to 'http://localhost:59348/session/f710dc36353f58c3a5b8cc70b99bd96c/cookie'
08:34:25.633 [Forwarding deleteAllCookies on session f710dc36353f58c3a5b8cc70b99bd96c to remote] DEBUG o.a.netty.request.NettyRequestSender - Using open Channel [id: 0x4490ee22, L:/127.0.0.1:53205 - R:localhost/127.0.0.1:59348] for DELETE '/session/f710dc36353f58c3a5b8cc70b99bd96c/cookie'
08:34:25.655 [AsyncHttpClient-1-5] DEBUG o.a.netty.handler.HttpHandler - 

Request DefaultFullHttpRequest(decodeResult: success, version: HTTP/1.1, content: EmptyByteBufBE)
DELETE /session/f710dc36353f58c3a5b8cc70b99bd96c/cookie HTTP/1.1
User-Agent: selenium/4.1.2 (java windows)
Content-Type: application/json; charset=utf-8
host: localhost:59348
accept: */*

Response DefaultHttpResponse(decodeResult: success, version: HTTP/1.1)
HTTP/1.1 200 OK
Content-Type: application/json; charset=utf-8
cache-control: no-cache
content-length: 14

08:34:25.656 [AsyncHttpClient-1-5] DEBUG o.a.netty.channel.ChannelManager - Adding key: http://localhost:59348 for channel [id: 0x4490ee22, L:/127.0.0.1:53205 - R:localhost/127.0.0.1:59348]
08:34:25.660 [Forwarding maximizeCurrentWindow on session f710dc36353f58c3a5b8cc70b99bd96c to remote] DEBUG o.a.netty.request.NettyRequestSender - Using pooled Channel '[id: 0x4490ee22, L:/127.0.0.1:53205 - R:localhost/127.0.0.1:59348]' for 'POST' to 'http://localhost:59348/session/f710dc36353f58c3a5b8cc70b99bd96c/window/maximize'
08:34:25.660 [Forwarding maximizeCurrentWindow on session f710dc36353f58c3a5b8cc70b99bd96c to remote] DEBUG o.a.netty.request.NettyRequestSender - Using open Channel [id: 0x4490ee22, L:/127.0.0.1:53205 - R:localhost/127.0.0.1:59348] for POST '/session/f710dc36353f58c3a5b8cc70b99bd96c/window/maximize'
08:34:25.793 [AsyncHttpClient-1-5] DEBUG o.a.netty.handler.HttpHandler - 

Request DefaultHttpRequest(decodeResult: success, version: HTTP/1.1)
POST /session/f710dc36353f58c3a5b8cc70b99bd96c/window/maximize HTTP/1.1
User-Agent: selenium/4.1.2 (java windows)
Content-Length: 3
Content-Type: application/json; charset=utf-8
host: localhost:59348
accept: */*

Response DefaultHttpResponse(decodeResult: success, version: HTTP/1.1)
HTTP/1.1 200 OK
Content-Type: application/json; charset=utf-8
cache-control: no-cache
content-length: 52

08:34:25.794 [AsyncHttpClient-1-5] DEBUG o.a.netty.channel.ChannelManager - Adding key: http://localhost:59348 for channel [id: 0x4490ee22, L:/127.0.0.1:53205 - R:localhost/127.0.0.1:59348]
DEBUG [main] (GetPostSteps.java:30) - i_perform_get_operation_forusercredentials
DEBUG [main] (GetPostSteps.java:30)- i_perform_get_operation_forusercredentials
  &amp#27;[32mGiven &amp#27;[0m&amp#27;[32mI perform GET operation for "&amp#27;[0m&amp#27;[32m&amp#27;[1musercredentials&amp#27;[0m&amp#27;[32m"&amp#27;[0m                           &amp#27;[90m# stepdefinitions.GetPostSteps.i_perform_get_operation_for(java.lang.String)&amp#27;[0m
DEBUG [main] (GetPostSteps.java:46) - i_perform_get_for_the_id_number : 2
DEBUG [main] (GetPostSteps.java:46)- i_perform_get_for_the_id_number : 2
DEBUG [main] (BasicClientConnectionManager.java:161) - Get connection for route {}->http://localhost:3000
DEBUG [main] (BasicClientConnectionManager.java:161)- Get connection for route {}->http://localhost:3000
DEBUG [main] (DefaultClientConnectionOperator.java:177) - Connecting to localhost:3000
DEBUG [main] (DefaultClientConnectionOperator.java:177)- Connecting to localhost:3000
DEBUG [main] (RequestAddCookies.java:123) - CookieSpec selected: ignoreCookies
DEBUG [main] (RequestAddCookies.java:123)- CookieSpec selected: ignoreCookies
DEBUG [main] (RequestAuthCache.java:77) - Auth cache not set in the context
DEBUG [main] (RequestAuthCache.java:77)- Auth cache not set in the context
DEBUG [main] (RequestTargetAuthentication.java:80) - Target auth state: UNCHALLENGED
DEBUG [main] (RequestTargetAuthentication.java:80)- Target auth state: UNCHALLENGED
DEBUG [main] (RequestProxyAuthentication.java:89) - Proxy auth state: UNCHALLENGED
DEBUG [main] (RequestProxyAuthentication.java:89)- Proxy auth state: UNCHALLENGED
DEBUG [main] (DefaultRequestDirector.java:677) - Attempt 1 to execute request
DEBUG [main] (DefaultRequestDirector.java:677)- Attempt 1 to execute request
DEBUG [main] (DefaultClientConnection.java:274) - Sending request: GET /usercredentials/2 HTTP/1.1
DEBUG [main] (DefaultClientConnection.java:274)- Sending request: GET /usercredentials/2 HTTP/1.1
DEBUG [main] (Wire.java:73) -  >> "GET /usercredentials/2 HTTP/1.1[\r][\n]"
DEBUG [main] (Wire.java:73)-  >> "GET /usercredentials/2 HTTP/1.1[\r][\n]"
DEBUG [main] (Wire.java:73) -  >> "Accept: */*[\r][\n]"
DEBUG [main] (Wire.java:73)-  >> "Accept: */*[\r][\n]"
DEBUG [main] (Wire.java:73) -  >> "Host: localhost:3000[\r][\n]"
DEBUG [main] (Wire.java:73)-  >> "Host: localhost:3000[\r][\n]"
DEBUG [main] (Wire.java:73) -  >> "Connection: Keep-Alive[\r][\n]"
DEBUG [main] (Wire.java:73)-  >> "Connection: Keep-Alive[\r][\n]"
DEBUG [main] (Wire.java:73) -  >> "User-Agent: Apache-HttpClient/4.5.13 (Java/15.0.1)[\r][\n]"
DEBUG [main] (Wire.java:73)-  >> "User-Agent: Apache-HttpClient/4.5.13 (Java/15.0.1)[\r][\n]"
DEBUG [main] (Wire.java:73) -  >> "Accept-Encoding: gzip,deflate[\r][\n]"
DEBUG [main] (Wire.java:73)-  >> "Accept-Encoding: gzip,deflate[\r][\n]"
DEBUG [main] (Wire.java:73) -  >> "[\r][\n]"
DEBUG [main] (Wire.java:73)-  >> "[\r][\n]"
DEBUG [main] (DefaultClientConnection.java:278) - >> GET /usercredentials/2 HTTP/1.1
DEBUG [main] (DefaultClientConnection.java:278)- >> GET /usercredentials/2 HTTP/1.1
DEBUG [main] (DefaultClientConnection.java:281) - >> Accept: */*
DEBUG [main] (DefaultClientConnection.java:281)- >> Accept: */*
DEBUG [main] (DefaultClientConnection.java:281) - >> Host: localhost:3000
DEBUG [main] (DefaultClientConnection.java:281)- >> Host: localhost:3000
DEBUG [main] (DefaultClientConnection.java:281) - >> Connection: Keep-Alive
DEBUG [main] (DefaultClientConnection.java:281)- >> Connection: Keep-Alive
DEBUG [main] (DefaultClientConnection.java:281) - >> User-Agent: Apache-HttpClient/4.5.13 (Java/15.0.1)
DEBUG [main] (DefaultClientConnection.java:281)- >> User-Agent: Apache-HttpClient/4.5.13 (Java/15.0.1)
DEBUG [main] (DefaultClientConnection.java:281) - >> Accept-Encoding: gzip,deflate
DEBUG [main] (DefaultClientConnection.java:281)- >> Accept-Encoding: gzip,deflate
DEBUG [main] (Wire.java:73) -  << "HTTP/1.1 200 OK[\r][\n]"
DEBUG [main] (Wire.java:73)-  << "HTTP/1.1 200 OK[\r][\n]"
DEBUG [main] (Wire.java:73) -  << "X-Powered-By: Express[\r][\n]"
DEBUG [main] (Wire.java:73)-  << "X-Powered-By: Express[\r][\n]"
DEBUG [main] (Wire.java:73) -  << "Vary: Origin, Accept-Encoding[\r][\n]"
DEBUG [main] (Wire.java:73)-  << "Vary: Origin, Accept-Encoding[\r][\n]"
DEBUG [main] (Wire.java:73) -  << "Access-Control-Allow-Credentials: true[\r][\n]"
DEBUG [main] (Wire.java:73)-  << "Access-Control-Allow-Credentials: true[\r][\n]"
DEBUG [main] (Wire.java:73) -  << "Cache-Control: no-cache[\r][\n]"
DEBUG [main] (Wire.java:73)-  << "Cache-Control: no-cache[\r][\n]"
DEBUG [main] (Wire.java:73) -  << "Pragma: no-cache[\r][\n]"
DEBUG [main] (Wire.java:73)-  << "Pragma: no-cache[\r][\n]"
DEBUG [main] (Wire.java:73) -  << "Expires: -1[\r][\n]"
DEBUG [main] (Wire.java:73)-  << "Expires: -1[\r][\n]"
DEBUG [main] (Wire.java:73) -  << "X-Content-Type-Options: nosniff[\r][\n]"
DEBUG [main] (Wire.java:73)-  << "X-Content-Type-Options: nosniff[\r][\n]"
DEBUG [main] (Wire.java:73) -  << "Content-Type: application/json; charset=utf-8[\r][\n]"
DEBUG [main] (Wire.java:73)-  << "Content-Type: application/json; charset=utf-8[\r][\n]"
DEBUG [main] (Wire.java:73) -  << "Content-Length: 73[\r][\n]"
DEBUG [main] (Wire.java:73)-  << "Content-Length: 73[\r][\n]"
DEBUG [main] (Wire.java:73) -  << "ETag: W/"49-nqKCXxm/tJgpsNc07xIS4KcQKN4"[\r][\n]"
DEBUG [main] (Wire.java:73)-  << "ETag: W/"49-nqKCXxm/tJgpsNc07xIS4KcQKN4"[\r][\n]"
DEBUG [main] (Wire.java:73) -  << "Date: Tue, 29 Mar 2022 00:34:25 GMT[\r][\n]"
DEBUG [main] (Wire.java:73)-  << "Date: Tue, 29 Mar 2022 00:34:25 GMT[\r][\n]"
DEBUG [main] (Wire.java:73) -  << "Connection: keep-alive[\r][\n]"
DEBUG [main] (Wire.java:73)-  << "Connection: keep-alive[\r][\n]"
DEBUG [main] (Wire.java:73) -  << "[\r][\n]"
DEBUG [main] (Wire.java:73)-  << "[\r][\n]"
DEBUG [main] (DefaultClientConnection.java:259) - Receiving response: HTTP/1.1 200 OK
DEBUG [main] (DefaultClientConnection.java:259)- Receiving response: HTTP/1.1 200 OK
DEBUG [main] (DefaultClientConnection.java:262) - << HTTP/1.1 200 OK
DEBUG [main] (DefaultClientConnection.java:262)- << HTTP/1.1 200 OK
DEBUG [main] (DefaultClientConnection.java:265) - << X-Powered-By: Express
DEBUG [main] (DefaultClientConnection.java:265)- << X-Powered-By: Express
DEBUG [main] (DefaultClientConnection.java:265) - << Vary: Origin, Accept-Encoding
DEBUG [main] (DefaultClientConnection.java:265)- << Vary: Origin, Accept-Encoding
DEBUG [main] (DefaultClientConnection.java:265) - << Access-Control-Allow-Credentials: true
DEBUG [main] (DefaultClientConnection.java:265)- << Access-Control-Allow-Credentials: true
DEBUG [main] (DefaultClientConnection.java:265) - << Cache-Control: no-cache
DEBUG [main] (DefaultClientConnection.java:265)- << Cache-Control: no-cache
DEBUG [main] (DefaultClientConnection.java:265) - << Pragma: no-cache
DEBUG [main] (DefaultClientConnection.java:265)- << Pragma: no-cache
DEBUG [main] (DefaultClientConnection.java:265) - << Expires: -1
DEBUG [main] (DefaultClientConnection.java:265)- << Expires: -1
DEBUG [main] (DefaultClientConnection.java:265) - << X-Content-Type-Options: nosniff
DEBUG [main] (DefaultClientConnection.java:265)- << X-Content-Type-Options: nosniff
DEBUG [main] (DefaultClientConnection.java:265) - << Content-Type: application/json; charset=utf-8
DEBUG [main] (DefaultClientConnection.java:265)- << Content-Type: application/json; charset=utf-8
DEBUG [main] (DefaultClientConnection.java:265) - << Content-Length: 73
DEBUG [main] (DefaultClientConnection.java:265)- << Content-Length: 73
DEBUG [main] (DefaultClientConnection.java:265) - << ETag: W/"49-nqKCXxm/tJgpsNc07xIS4KcQKN4"
DEBUG [main] (DefaultClientConnection.java:265)- << ETag: W/"49-nqKCXxm/tJgpsNc07xIS4KcQKN4"
DEBUG [main] (DefaultClientConnection.java:265) - << Date: Tue, 29 Mar 2022 00:34:25 GMT
DEBUG [main] (DefaultClientConnection.java:265)- << Date: Tue, 29 Mar 2022 00:34:25 GMT
DEBUG [main] (DefaultClientConnection.java:265) - << Connection: keep-alive
DEBUG [main] (DefaultClientConnection.java:265)- << Connection: keep-alive
DEBUG [main] (DefaultRequestDirector.java:504) - Connection can be kept alive indefinitely
DEBUG [main] (DefaultRequestDirector.java:504)- Connection can be kept alive indefinitely
DEBUG [main] (HTTPBuilder.java:547) - Parsing response as: application/json; charset=utf-8
DEBUG [main] (HTTPBuilder.java:547)- Parsing response as: application/json; charset=utf-8
DEBUG [main] (HTTPBuilder.java:550) - Parsed data to instance of: class org.apache.http.conn.EofSensorInputStream
DEBUG [main] (HTTPBuilder.java:550)- Parsed data to instance of: class org.apache.http.conn.EofSensorInputStream
DEBUG [main] (Wire.java:73) -  << "{[\n]"
DEBUG [main] (Wire.java:73)-  << "{[\n]"
DEBUG [main] (Wire.java:73) -  << "  "id": "2",[\n]"
DEBUG [main] (Wire.java:73)-  << "  "id": "2",[\n]"
DEBUG [main] (Wire.java:73) -  << "  "username": "manager@vrbank",[\n]"
DEBUG [main] (Wire.java:73)-  << "  "username": "manager@vrbank",[\n]"
DEBUG [main] (Wire.java:73) -  << "  "password": "pega123!"[\n]"
DEBUG [main] (Wire.java:73)-  << "  "password": "pega123!"[\n]"
DEBUG [main] (Wire.java:87) -  << "}"
DEBUG [main] (Wire.java:87)-  << "}"
DEBUG [main] (BasicClientConnectionManager.java:200) - Releasing connection org.apache.http.impl.conn.ManagedClientConnectionImpl@4ae6451d
DEBUG [main] (BasicClientConnectionManager.java:200)- Releasing connection org.apache.http.impl.conn.ManagedClientConnectionImpl@4ae6451d
DEBUG [main] (BasicClientConnectionManager.java:225) - Connection can be kept alive indefinitely
DEBUG [main] (BasicClientConnectionManager.java:225)- Connection can be kept alive indefinitely
DEBUG [main] (GetPostSteps.java:50) - request header : 
{
    "id": "2",
    "username": "manager@vrbank",
    "password": "pega123!"
}
DEBUG [main] (GetPostSteps.java:50)- request header : 
{
    "id": "2",
    "username": "manager@vrbank",
    "password": "pega123!"
}
  &amp#27;[32mWhen &amp#27;[0m&amp#27;[32mI perform GET for the id number &amp#27;[0m&amp#27;[32m&amp#27;[1m2&amp#27;[0m                                        &amp#27;[90m# stepdefinitions.GetPostSteps.i_perform_get_for_the_id_number(int)&amp#27;[0m
DEBUG [main] (GetPostSteps.java:75) - i_should_see_the_username_is_and_password_is : manager@vrbank : pega123!
DEBUG [main] (GetPostSteps.java:75)- i_should_see_the_username_is_and_password_is : manager@vrbank : pega123!
HTTP/1.1 200 OK
X-Powered-By: Express
Vary: Origin, Accept-Encoding
Access-Control-Allow-Credentials: true
Cache-Control: no-cache
Pragma: no-cache
Expires: -1
X-Content-Type-Options: nosniff
Content-Type: application/json; charset=utf-8
Content-Length: 73
ETag: W/"49-nqKCXxm/tJgpsNc07xIS4KcQKN4"
Date: Tue, 29 Mar 2022 00:34:25 GMT
Connection: keep-alive

{
    "id": "2",
    "username": "manager@vrbank",
    "password": "pega123!"
}
DEBUG [main] (GetPostSteps.java:82) - io.restassured.internal.RestAssuredResponseImpl@52bc6fcf
DEBUG [main] (GetPostSteps.java:82)- io.restassured.internal.RestAssuredResponseImpl@52bc6fcf
  &amp#27;[32mThen &amp#27;[0m&amp#27;[32mI should see the username is &amp#27;[0m&amp#27;[32m&amp#27;[1m"manager@vrbank"&amp#27;[0m&amp#27;[32m and password is &amp#27;[0m&amp#27;[32m&amp#27;[1m"pega123!"&amp#27;[0m &amp#27;[90m# stepdefinitions.GetPostSteps.i_should_see_the_username_is_and_password_is(java.lang.String,java.lang.String)&amp#27;[0m
DEBUG [main] (apphooks.java:45) - Close Browser
DEBUG [main] (apphooks.java:45)- Close Browser
08:34:26.095 [AsyncHttpClient-1-7] DEBUG o.a.netty.handler.WebSocketHandler - Channel Closed: [id: 0x4c1b7f90, L:/127.0.0.1:53255 ! R:localhost/127.0.0.1:53247] with attribute NettyResponseFuture{currentRetry=5,
	isDone=1,
	isCancelled=0,
	asyncHandler=org.asynchttpclient.ws.WebSocketUpgradeHandler@615a839,
	nettyRequest=org.asynchttpclient.netty.request.NettyRequest@4317369f,
	future=java.util.concurrent.CompletableFuture@2182523f[Completed normally],
	uri=ws://localhost:53247/devtools/browser/7440a151-6e42-4c03-9a2d-700ff3dc3c87,
	keepAlive=true,
	redirectCount=0,
	timeoutsHolder=null,
	inAuth=0,
	touch=1648514065623}
08:34:26.096 [AsyncHttpClient-1-7] DEBUG o.a.netty.channel.ChannelManager - Closing Channel [id: 0x4c1b7f90, L:/127.0.0.1:53255 ! R:localhost/127.0.0.1:53247] 
08:34:26.101 [Driver Command Executor] DEBUG o.a.netty.request.NettyRequestSender - Using pooled Channel '[id: 0x4490ee22, L:/127.0.0.1:53205 - R:localhost/127.0.0.1:59348]' for 'DELETE' to 'http://localhost:59348/session/f710dc36353f58c3a5b8cc70b99bd96c'
08:34:26.105 [Driver Command Executor] DEBUG o.a.netty.request.NettyRequestSender - Using open Channel [id: 0x4490ee22, L:/127.0.0.1:53205 - R:localhost/127.0.0.1:59348] for DELETE '/session/f710dc36353f58c3a5b8cc70b99bd96c'
08:34:26.155 [AsyncHttpClient-1-1] DEBUG o.a.netty.channel.DefaultChannelPool - Entry count for : http://localhost:53247 : 1
08:34:26.433 [AsyncHttpClient-1-6] DEBUG o.a.netty.handler.HttpHandler - Unexpected I/O exception on channel [id: 0xd6fa4d98, L:/127.0.0.1:53254 - R:localhost/127.0.0.1:53247]
java.net.SocketException: Connection reset
	at java.base/sun.nio.ch.SocketChannelImpl.throwConnectionReset(SocketChannelImpl.java:367) ~[na:na]
	at java.base/sun.nio.ch.SocketChannelImpl.read(SocketChannelImpl.java:398) ~[na:na]
	at io.netty.buffer.PooledByteBuf.setBytes(PooledByteBuf.java:253) ~[netty-buffer-4.1.70.Final.jar:4.1.70.Final]
	at io.netty.buffer.AbstractByteBuf.writeBytes(AbstractByteBuf.java:1132) ~[netty-buffer-4.1.70.Final.jar:4.1.70.Final]
	at io.netty.channel.socket.nio.NioSocketChannel.doReadBytes(NioSocketChannel.java:350) ~[netty-transport-4.1.70.Final.jar:4.1.70.Final]
	at io.netty.channel.nio.AbstractNioByteChannel$NioByteUnsafe.read(AbstractNioByteChannel.java:151) ~[netty-transport-4.1.70.Final.jar:4.1.70.Final]
	at io.netty.channel.nio.NioEventLoop.processSelectedKey(NioEventLoop.java:719) ~[netty-transport-4.1.70.Final.jar:4.1.70.Final]
	at io.netty.channel.nio.NioEventLoop.processSelectedKeysOptimized(NioEventLoop.java:655) ~[netty-transport-4.1.70.Final.jar:4.1.70.Final]
	at io.netty.channel.nio.NioEventLoop.processSelectedKeys(NioEventLoop.java:581) ~[netty-transport-4.1.70.Final.jar:4.1.70.Final]
	at io.netty.channel.nio.NioEventLoop.run(NioEventLoop.java:493) ~[netty-transport-4.1.70.Final.jar:4.1.70.Final]
	at io.netty.util.concurrent.SingleThreadEventExecutor$4.run(SingleThreadEventExecutor.java:986) ~[netty-common-4.1.70.Final.jar:4.1.70.Final]
	at io.netty.util.internal.ThreadExecutorMap$2.run(ThreadExecutorMap.java:74) ~[netty-common-4.1.70.Final.jar:4.1.70.Final]
	at io.netty.util.concurrent.FastThreadLocalRunnable.run(FastThreadLocalRunnable.java:30) ~[netty-common-4.1.70.Final.jar:4.1.70.Final]
	at java.base/java.lang.Thread.run(Thread.java:832) ~[na:na]
08:34:26.434 [AsyncHttpClient-1-6] DEBUG o.a.netty.channel.ChannelManager - Closing Channel [id: 0xd6fa4d98, L:/127.0.0.1:53254 - R:localhost/127.0.0.1:53247] 
08:34:26.434 [AsyncHttpClient-1-6] DEBUG o.a.netty.handler.HttpHandler - Channel Closed: [id: 0xd6fa4d98, L:/127.0.0.1:53254 ! R:localhost/127.0.0.1:53247] with attribute DISCARD
08:34:26.448 [AsyncHttpClient-1-5] DEBUG o.a.netty.handler.HttpHandler - 

Request DefaultFullHttpRequest(decodeResult: success, version: HTTP/1.1, content: EmptyByteBufBE)
DELETE /session/f710dc36353f58c3a5b8cc70b99bd96c HTTP/1.1
User-Agent: selenium/4.1.2 (java windows)
Content-Type: application/json; charset=utf-8
host: localhost:59348
accept: */*

Response DefaultHttpResponse(decodeResult: success, version: HTTP/1.1)
HTTP/1.1 200 OK
Content-Type: application/json; charset=utf-8
cache-control: no-cache
content-length: 14

08:34:26.449 [AsyncHttpClient-1-5] DEBUG o.a.netty.channel.ChannelManager - Adding key: http://localhost:59348 for channel [id: 0x4490ee22, L:/127.0.0.1:53205 - R:localhost/127.0.0.1:59348]
08:34:26.506 [AsyncHttpClient-1-5] DEBUG o.a.netty.handler.HttpHandler - Channel Closed: [id: 0x4490ee22, L:/127.0.0.1:53205 ! R:localhost/127.0.0.1:59348] with attribute DISCARD
08:34:27.031 [main] INFO   - 
  _____   ___   ___   _____     ___     _     ___   ___   ___   ___  
 |_   _| | __| / __| |_   _|   | _ \   /_\   / __| / __| | __| |   \ 
   | |   | _|  \__ \   | |     |  _/  / _ \  \__ \ \__ \ | _|  | |) |
   |_|   |___| |___/   |_|     |_|   /_/ \_\ |___/ |___/ |___| |___/ 

Verify one existing user credentials
----------------------------------------------------------------------
]]></system-out>
    <system-err><![CDATA[Starting ChromeDriver 99.0.4844.51 (d537ec02474b5afe23684e7963d538896c63ac77-refs/branch-heads/4844@{#875}) on port 59348
Only local connections are allowed.
Please see https://chromedriver.chromium.org/security-considerations for suggestions on keeping ChromeDriver safe.
ChromeDriver was started successfully.
Mar 29, 2022 8:34:25 AM org.openqa.selenium.remote.ProtocolHandshake createSession
INFO: Detected dialect: W3C
Mar 29, 2022 8:34:25 AM org.openqa.selenium.devtools.CdpVersionFinder findNearestMatch
WARNING: Unable to find an exact match for CDP version 99, so returning the closest version found: 96
Mar 29, 2022 8:34:25 AM org.openqa.selenium.devtools.CdpVersionFinder findNearestMatch
INFO: Found CDP implementation for version 99 of 96
]]></system-err>
  </testcase>
  <testcase name="Verify one existing comments" classname="Verify different GET operations using REST-assured" time="2.287">
    <system-out><![CDATA[
@All @Performance
Scenario: Verify one existing comments                          &amp#27;[90m# src/main/resources/AppFeatures/GetPost.feature:16&amp#27;[0m
08:34:27.040 [main] INFO  i.c.core.plugin.SerenityReporter - Running feature from file:///Z:/Automation/JavaCucumber/BDD_HCL/CucumberHCL/src/main/resources/AppFeatures/GetPost.feature
08:34:27.040 [main] WARN  i.c.core.plugin.SerenityReporter - Feature from file:///Z:/Automation/JavaCucumber/BDD_HCL/CucumberHCL/src/main/resources/AppFeatures/GetPost.feature is not under the 'features' directory. Requirements report will not be correctly generated!
08:34:27.043 [main] INFO   - 
  _____   ___   ___   _____     ___   _____     _     ___   _____   ___   ___  
 |_   _| | __| / __| |_   _|   / __| |_   _|   /_\   | _ \ |_   _| | __| |   \ 
   | |   | _|  \__ \   | |     \__ \   | |    / _ \  |   /   | |   | _|  | |) |
   |_|   |___| |___/   |_|     |___/   |_|   /_/ \_\ |_|_\   |_|   |___| |___/ 

Verify one existing comments(verify-different-get-operations-using-rest-assured;verify-one-existing-comments)
--------------------------------------------------------------------------------
DEBUG [Finalizer] (DefaultClientConnection.java:180) - Connection 0.0.0.0:53258<->127.0.0.1:3000 closed
DEBUG [Finalizer] (DefaultClientConnection.java:180)- Connection 0.0.0.0:53258<->127.0.0.1:3000 closed
DEBUG [main] (apphooks.java:34) - Set up Browser
DEBUG [main] (apphooks.java:34)- Set up Browser
08:34:27.066 [main] DEBUG com.pages.drivers.DriversFactory - Initialize Driver Browser Configuration
08:34:27.066 [main] DEBUG com.pages.drivers.DriversFactory -  Driver Browser : chrome
08:34:27.078 [main] DEBUG i.g.bonigarcia.wdm.WebDriverManager - Driver chromedriver 99.0.4844.51 found in cache
08:34:27.080 [main] INFO  i.g.bonigarcia.wdm.WebDriverManager - Exporting webdriver.chrome.driver as C:\Users\DheyClaveria\.cache\selenium\chromedriver\win32\99.0.4844.51\chromedriver.exe
08:34:27.231 [AsyncHttpClient-1-1] DEBUG o.a.netty.channel.DefaultChannelPool - Entry count for : http://localhost:59348 : 1
08:34:27.231 [AsyncHttpClient-1-1] DEBUG o.a.netty.channel.DefaultChannelPool - Entry count for : http://localhost:53247 : 1
08:34:27.231 [AsyncHttpClient-1-1] DEBUG o.a.netty.channel.DefaultChannelPool - Adding Candidate expired Channel [id: 0x4490ee22, L:/127.0.0.1:53205 ! R:localhost/127.0.0.1:59348] isIdleTimeoutExpired=false isRemotelyClosed=true isTtlExpired=false
08:34:27.231 [AsyncHttpClient-1-1] DEBUG o.a.netty.channel.DefaultChannelPool - Closing Idle Channel [id: 0x4490ee22, L:/127.0.0.1:53205 ! R:localhost/127.0.0.1:59348]
08:34:27.231 [AsyncHttpClient-1-1] DEBUG o.a.netty.channel.DefaultChannelPool - Adding Candidate expired Channel [id: 0xd6fa4d98, L:/127.0.0.1:53254 ! R:localhost/127.0.0.1:53247] isIdleTimeoutExpired=false isRemotelyClosed=true isTtlExpired=false
08:34:27.231 [AsyncHttpClient-1-1] DEBUG o.a.netty.channel.DefaultChannelPool - Closing Idle Channel [id: 0xd6fa4d98, L:/127.0.0.1:53254 ! R:localhost/127.0.0.1:53247]
08:34:27.231 [AsyncHttpClient-1-1] DEBUG o.a.netty.channel.DefaultChannelPool - Closed 2 connections out of 2 in 0 ms
08:34:27.630 [AsyncHttpClient-1-8] DEBUG o.a.n.channel.NettyConnectListener - Using new Channel '[id: 0x66325639, L:/127.0.0.1:53264 - R:localhost/127.0.0.1:58838]' for 'POST' to '/session'
DEBUG [Finalizer] (DefaultClientConnection.java:180) - Connection 0.0.0.0:53194<->127.0.0.1:3000 closed
DEBUG [Finalizer] (DefaultClientConnection.java:180)- Connection 0.0.0.0:53194<->127.0.0.1:3000 closed
08:34:28.426 [AsyncHttpClient-1-8] DEBUG o.a.netty.handler.HttpHandler - 

Request DefaultHttpRequest(decodeResult: success, version: HTTP/1.1)
POST /session HTTP/1.1
User-Agent: selenium/4.1.2 (java windows)
Content-Length: 365
Content-Type: application/json; charset=utf-8
host: localhost:58838
accept: */*

Response DefaultHttpResponse(decodeResult: success, version: HTTP/1.1)
HTTP/1.1 200 OK
Content-Type: application/json; charset=utf-8
cache-control: no-cache
content-length: 795

08:34:28.426 [AsyncHttpClient-1-8] DEBUG o.a.netty.channel.ChannelManager - Adding key: http://localhost:58838 for channel [id: 0x66325639, L:/127.0.0.1:53264 - R:localhost/127.0.0.1:58838]
08:34:28.437 [AsyncHttpClient-1-9] DEBUG o.a.n.channel.NettyConnectListener - Using new Channel '[id: 0x3084c151, L:/127.0.0.1:53280 - R:localhost/127.0.0.1:53274]' for 'GET' to '/json/version'
08:34:28.446 [AsyncHttpClient-1-9] DEBUG o.a.netty.handler.HttpHandler - 

Request DefaultFullHttpRequest(decodeResult: success, version: HTTP/1.1, content: EmptyByteBufBE)
GET /json/version HTTP/1.1
User-Agent: selenium/4.1.2 (java windows)
host: localhost:53274
accept: */*

Response DefaultHttpResponse(decodeResult: success, version: HTTP/1.1)
HTTP/1.1 200 OK
Content-Type: application/json; charset=UTF-8
content-length: 423

08:34:28.447 [AsyncHttpClient-1-9] DEBUG o.a.netty.channel.ChannelManager - Adding key: http://localhost:53274 for channel [id: 0x3084c151, L:/127.0.0.1:53280 - R:localhost/127.0.0.1:53274]
08:34:28.450 [AsyncHttpClient-1-10] DEBUG o.a.n.channel.NettyConnectListener - Using new Channel '[id: 0x1f3ac916, L:/127.0.0.1:53281 - R:localhost/127.0.0.1:53274]' for 'GET' to '/devtools/browser/e6f36ba7-a80a-4cf3-b0b3-9298ae3ecc58'
08:34:28.458 [AsyncHttpClient-1-10] DEBUG o.a.netty.handler.WebSocketHandler - 

Request DefaultFullHttpRequest(decodeResult: success, version: HTTP/1.1, content: EmptyByteBufBE)
GET /devtools/browser/e6f36ba7-a80a-4cf3-b0b3-9298ae3ecc58 HTTP/1.1
upgrade: websocket
connection: upgrade
sec-websocket-key: NoG6JnphzbBKe6U9HJCluQ==
sec-websocket-version: 13
origin: http://localhost:53274
host: localhost:53274
accept: */*
user-agent: AHC/2.1

Response DefaultHttpResponse(decodeResult: success, version: HTTP/1.1)
HTTP/1.1 101 WebSocket Protocol Handshake
Upgrade: WebSocket
Connection: Upgrade
Sec-WebSocket-Accept: pzSL5n0ax7EZzpxYh6RiiHNDL5k=

08:34:28.463 [Forwarding deleteAllCookies on session fda9a4d997e1a6d5f8b58607e104d7dc to remote] DEBUG o.a.netty.request.NettyRequestSender - Using pooled Channel '[id: 0x66325639, L:/127.0.0.1:53264 - R:localhost/127.0.0.1:58838]' for 'DELETE' to 'http://localhost:58838/session/fda9a4d997e1a6d5f8b58607e104d7dc/cookie'
08:34:28.464 [Forwarding deleteAllCookies on session fda9a4d997e1a6d5f8b58607e104d7dc to remote] DEBUG o.a.netty.request.NettyRequestSender - Using open Channel [id: 0x66325639, L:/127.0.0.1:53264 - R:localhost/127.0.0.1:58838] for DELETE '/session/fda9a4d997e1a6d5f8b58607e104d7dc/cookie'
08:34:28.474 [AsyncHttpClient-1-8] DEBUG o.a.netty.handler.HttpHandler - 

Request DefaultFullHttpRequest(decodeResult: success, version: HTTP/1.1, content: EmptyByteBufBE)
DELETE /session/fda9a4d997e1a6d5f8b58607e104d7dc/cookie HTTP/1.1
User-Agent: selenium/4.1.2 (java windows)
Content-Type: application/json; charset=utf-8
host: localhost:58838
accept: */*

Response DefaultHttpResponse(decodeResult: success, version: HTTP/1.1)
HTTP/1.1 200 OK
Content-Type: application/json; charset=utf-8
cache-control: no-cache
content-length: 14

08:34:28.474 [AsyncHttpClient-1-8] DEBUG o.a.netty.channel.ChannelManager - Adding key: http://localhost:58838 for channel [id: 0x66325639, L:/127.0.0.1:53264 - R:localhost/127.0.0.1:58838]
08:34:28.479 [Forwarding maximizeCurrentWindow on session fda9a4d997e1a6d5f8b58607e104d7dc to remote] DEBUG o.a.netty.request.NettyRequestSender - Using pooled Channel '[id: 0x66325639, L:/127.0.0.1:53264 - R:localhost/127.0.0.1:58838]' for 'POST' to 'http://localhost:58838/session/fda9a4d997e1a6d5f8b58607e104d7dc/window/maximize'
08:34:28.479 [Forwarding maximizeCurrentWindow on session fda9a4d997e1a6d5f8b58607e104d7dc to remote] DEBUG o.a.netty.request.NettyRequestSender - Using open Channel [id: 0x66325639, L:/127.0.0.1:53264 - R:localhost/127.0.0.1:58838] for POST '/session/fda9a4d997e1a6d5f8b58607e104d7dc/window/maximize'
08:34:28.616 [AsyncHttpClient-1-8] DEBUG o.a.netty.handler.HttpHandler - 

Request DefaultHttpRequest(decodeResult: success, version: HTTP/1.1)
POST /session/fda9a4d997e1a6d5f8b58607e104d7dc/window/maximize HTTP/1.1
User-Agent: selenium/4.1.2 (java windows)
Content-Length: 3
Content-Type: application/json; charset=utf-8
host: localhost:58838
accept: */*

Response DefaultHttpResponse(decodeResult: success, version: HTTP/1.1)
HTTP/1.1 200 OK
Content-Type: application/json; charset=utf-8
cache-control: no-cache
content-length: 52

08:34:28.616 [AsyncHttpClient-1-8] DEBUG o.a.netty.channel.ChannelManager - Adding key: http://localhost:58838 for channel [id: 0x66325639, L:/127.0.0.1:53264 - R:localhost/127.0.0.1:58838]
DEBUG [main] (GetPostSteps.java:30) - i_perform_get_operation_forcomments
DEBUG [main] (GetPostSteps.java:30)- i_perform_get_operation_forcomments
  &amp#27;[32mGiven &amp#27;[0m&amp#27;[32mI perform GET operation for "&amp#27;[0m&amp#27;[32m&amp#27;[1mcomments&amp#27;[0m&amp#27;[32m"&amp#27;[0m                  &amp#27;[90m# stepdefinitions.GetPostSteps.i_perform_get_operation_for(java.lang.String)&amp#27;[0m
DEBUG [main] (GetPostSteps.java:56) - i_perform_get_using_parameter_id_number : 3
DEBUG [main] (GetPostSteps.java:56)- i_perform_get_using_parameter_id_number : 3
DEBUG [main] (BasicClientConnectionManager.java:161) - Get connection for route {}->http://localhost:3000
DEBUG [main] (BasicClientConnectionManager.java:161)- Get connection for route {}->http://localhost:3000
DEBUG [main] (DefaultClientConnectionOperator.java:177) - Connecting to localhost:3000
DEBUG [main] (DefaultClientConnectionOperator.java:177)- Connecting to localhost:3000
DEBUG [main] (RequestAddCookies.java:123) - CookieSpec selected: ignoreCookies
DEBUG [main] (RequestAddCookies.java:123)- CookieSpec selected: ignoreCookies
DEBUG [main] (RequestAuthCache.java:77) - Auth cache not set in the context
DEBUG [main] (RequestAuthCache.java:77)- Auth cache not set in the context
DEBUG [main] (RequestTargetAuthentication.java:80) - Target auth state: UNCHALLENGED
DEBUG [main] (RequestTargetAuthentication.java:80)- Target auth state: UNCHALLENGED
DEBUG [main] (RequestProxyAuthentication.java:89) - Proxy auth state: UNCHALLENGED
DEBUG [main] (RequestProxyAuthentication.java:89)- Proxy auth state: UNCHALLENGED
DEBUG [main] (DefaultRequestDirector.java:677) - Attempt 1 to execute request
DEBUG [main] (DefaultRequestDirector.java:677)- Attempt 1 to execute request
DEBUG [main] (DefaultClientConnection.java:274) - Sending request: GET /comments/?id=3 HTTP/1.1
DEBUG [main] (DefaultClientConnection.java:274)- Sending request: GET /comments/?id=3 HTTP/1.1
DEBUG [main] (Wire.java:73) -  >> "GET /comments/?id=3 HTTP/1.1[\r][\n]"
DEBUG [main] (Wire.java:73)-  >> "GET /comments/?id=3 HTTP/1.1[\r][\n]"
DEBUG [main] (Wire.java:73) -  >> "Accept: */*[\r][\n]"
DEBUG [main] (Wire.java:73)-  >> "Accept: */*[\r][\n]"
DEBUG [main] (Wire.java:73) -  >> "Host: localhost:3000[\r][\n]"
DEBUG [main] (Wire.java:73)-  >> "Host: localhost:3000[\r][\n]"
DEBUG [main] (Wire.java:73) -  >> "Connection: Keep-Alive[\r][\n]"
DEBUG [main] (Wire.java:73)-  >> "Connection: Keep-Alive[\r][\n]"
DEBUG [main] (Wire.java:73) -  >> "User-Agent: Apache-HttpClient/4.5.13 (Java/15.0.1)[\r][\n]"
DEBUG [main] (Wire.java:73)-  >> "User-Agent: Apache-HttpClient/4.5.13 (Java/15.0.1)[\r][\n]"
DEBUG [main] (Wire.java:73) -  >> "Accept-Encoding: gzip,deflate[\r][\n]"
DEBUG [main] (Wire.java:73)-  >> "Accept-Encoding: gzip,deflate[\r][\n]"
DEBUG [main] (Wire.java:73) -  >> "[\r][\n]"
DEBUG [main] (Wire.java:73)-  >> "[\r][\n]"
DEBUG [main] (DefaultClientConnection.java:278) - >> GET /comments/?id=3 HTTP/1.1
DEBUG [main] (DefaultClientConnection.java:278)- >> GET /comments/?id=3 HTTP/1.1
DEBUG [main] (DefaultClientConnection.java:281) - >> Accept: */*
DEBUG [main] (DefaultClientConnection.java:281)- >> Accept: */*
DEBUG [main] (DefaultClientConnection.java:281) - >> Host: localhost:3000
DEBUG [main] (DefaultClientConnection.java:281)- >> Host: localhost:3000
DEBUG [main] (DefaultClientConnection.java:281) - >> Connection: Keep-Alive
DEBUG [main] (DefaultClientConnection.java:281)- >> Connection: Keep-Alive
DEBUG [main] (DefaultClientConnection.java:281) - >> User-Agent: Apache-HttpClient/4.5.13 (Java/15.0.1)
DEBUG [main] (DefaultClientConnection.java:281)- >> User-Agent: Apache-HttpClient/4.5.13 (Java/15.0.1)
DEBUG [main] (DefaultClientConnection.java:281) - >> Accept-Encoding: gzip,deflate
DEBUG [main] (DefaultClientConnection.java:281)- >> Accept-Encoding: gzip,deflate
DEBUG [main] (Wire.java:73) -  << "HTTP/1.1 200 OK[\r][\n]"
DEBUG [main] (Wire.java:73)-  << "HTTP/1.1 200 OK[\r][\n]"
DEBUG [main] (Wire.java:73) -  << "X-Powered-By: Express[\r][\n]"
DEBUG [main] (Wire.java:73)-  << "X-Powered-By: Express[\r][\n]"
DEBUG [main] (Wire.java:73) -  << "Vary: Origin, Accept-Encoding[\r][\n]"
DEBUG [main] (Wire.java:73)-  << "Vary: Origin, Accept-Encoding[\r][\n]"
DEBUG [main] (Wire.java:73) -  << "Access-Control-Allow-Credentials: true[\r][\n]"
DEBUG [main] (Wire.java:73)-  << "Access-Control-Allow-Credentials: true[\r][\n]"
DEBUG [main] (Wire.java:73) -  << "Cache-Control: no-cache[\r][\n]"
DEBUG [main] (Wire.java:73)-  << "Cache-Control: no-cache[\r][\n]"
DEBUG [main] (Wire.java:73) -  << "Pragma: no-cache[\r][\n]"
DEBUG [main] (Wire.java:73)-  << "Pragma: no-cache[\r][\n]"
DEBUG [main] (Wire.java:73) -  << "Expires: -1[\r][\n]"
DEBUG [main] (Wire.java:73)-  << "Expires: -1[\r][\n]"
DEBUG [main] (Wire.java:73) -  << "X-Content-Type-Options: nosniff[\r][\n]"
DEBUG [main] (Wire.java:73)-  << "X-Content-Type-Options: nosniff[\r][\n]"
DEBUG [main] (Wire.java:73) -  << "Content-Type: application/json; charset=utf-8[\r][\n]"
DEBUG [main] (Wire.java:73)-  << "Content-Type: application/json; charset=utf-8[\r][\n]"
DEBUG [main] (Wire.java:73) -  << "Content-Length: 77[\r][\n]"
DEBUG [main] (Wire.java:73)-  << "Content-Length: 77[\r][\n]"
DEBUG [main] (Wire.java:73) -  << "ETag: W/"4d-0JfIo1cbNTHH1uFtqLSDLCn9aqU"[\r][\n]"
DEBUG [main] (Wire.java:73)-  << "ETag: W/"4d-0JfIo1cbNTHH1uFtqLSDLCn9aqU"[\r][\n]"
DEBUG [main] (Wire.java:73) -  << "Date: Tue, 29 Mar 2022 00:34:28 GMT[\r][\n]"
DEBUG [main] (Wire.java:73)-  << "Date: Tue, 29 Mar 2022 00:34:28 GMT[\r][\n]"
DEBUG [main] (Wire.java:73) -  << "Connection: keep-alive[\r][\n]"
DEBUG [main] (Wire.java:73)-  << "Connection: keep-alive[\r][\n]"
DEBUG [main] (Wire.java:73) -  << "[\r][\n]"
DEBUG [main] (Wire.java:73)-  << "[\r][\n]"
DEBUG [main] (DefaultClientConnection.java:259) - Receiving response: HTTP/1.1 200 OK
DEBUG [main] (DefaultClientConnection.java:259)- Receiving response: HTTP/1.1 200 OK
DEBUG [main] (DefaultClientConnection.java:262) - << HTTP/1.1 200 OK
DEBUG [main] (DefaultClientConnection.java:262)- << HTTP/1.1 200 OK
DEBUG [main] (DefaultClientConnection.java:265) - << X-Powered-By: Express
DEBUG [main] (DefaultClientConnection.java:265)- << X-Powered-By: Express
DEBUG [main] (DefaultClientConnection.java:265) - << Vary: Origin, Accept-Encoding
DEBUG [main] (DefaultClientConnection.java:265)- << Vary: Origin, Accept-Encoding
DEBUG [main] (DefaultClientConnection.java:265) - << Access-Control-Allow-Credentials: true
DEBUG [main] (DefaultClientConnection.java:265)- << Access-Control-Allow-Credentials: true
DEBUG [main] (DefaultClientConnection.java:265) - << Cache-Control: no-cache
DEBUG [main] (DefaultClientConnection.java:265)- << Cache-Control: no-cache
DEBUG [main] (DefaultClientConnection.java:265) - << Pragma: no-cache
DEBUG [main] (DefaultClientConnection.java:265)- << Pragma: no-cache
DEBUG [main] (DefaultClientConnection.java:265) - << Expires: -1
DEBUG [main] (DefaultClientConnection.java:265)- << Expires: -1
DEBUG [main] (DefaultClientConnection.java:265) - << X-Content-Type-Options: nosniff
DEBUG [main] (DefaultClientConnection.java:265)- << X-Content-Type-Options: nosniff
DEBUG [main] (DefaultClientConnection.java:265) - << Content-Type: application/json; charset=utf-8
DEBUG [main] (DefaultClientConnection.java:265)- << Content-Type: application/json; charset=utf-8
DEBUG [main] (DefaultClientConnection.java:265) - << Content-Length: 77
DEBUG [main] (DefaultClientConnection.java:265)- << Content-Length: 77
DEBUG [main] (DefaultClientConnection.java:265) - << ETag: W/"4d-0JfIo1cbNTHH1uFtqLSDLCn9aqU"
DEBUG [main] (DefaultClientConnection.java:265)- << ETag: W/"4d-0JfIo1cbNTHH1uFtqLSDLCn9aqU"
DEBUG [main] (DefaultClientConnection.java:265) - << Date: Tue, 29 Mar 2022 00:34:28 GMT
DEBUG [main] (DefaultClientConnection.java:265)- << Date: Tue, 29 Mar 2022 00:34:28 GMT
DEBUG [main] (DefaultClientConnection.java:265) - << Connection: keep-alive
DEBUG [main] (DefaultClientConnection.java:265)- << Connection: keep-alive
DEBUG [main] (DefaultRequestDirector.java:504) - Connection can be kept alive indefinitely
[...]

Request DefaultHttpRequest(decodeResult: success, version: HTTP/1.1)
POST /session/b3ba31c106d523f73b28bf73db270e0e/element HTTP/1.1
User-Agent: selenium/4.1.2 (java windows)
Content-Length: 128
Content-Type: application/json; charset=utf-8
host: localhost:59460
accept: */*

Response DefaultHttpResponse(decodeResult: success, version: HTTP/1.1)
HTTP/1.1 200 OK
Content-Type: application/json; charset=utf-8
cache-control: no-cache
content-length: 88

08:36:04.681 [AsyncHttpClient-1-17] DEBUG o.a.netty.channel.ChannelManager - Adding key: http://localhost:59460 for channel [id: 0x40371588, L:/127.0.0.1:53527 - R:localhost/127.0.0.1:59460]
08:36:04.683 [Forwarding sendKeysToElement on session b3ba31c106d523f73b28bf73db270e0e to remote] DEBUG o.a.netty.request.NettyRequestSender - Using pooled Channel '[id: 0x40371588, L:/127.0.0.1:53527 - R:localhost/127.0.0.1:59460]' for 'POST' to 'http://localhost:59460/session/b3ba31c106d523f73b28bf73db270e0e/element/20ff241c-c3e9-4934-809b-b6c069b47abe/value'
08:36:04.683 [Forwarding sendKeysToElement on session b3ba31c106d523f73b28bf73db270e0e to remote] DEBUG o.a.netty.request.NettyRequestSender - Using open Channel [id: 0x40371588, L:/127.0.0.1:53527 - R:localhost/127.0.0.1:59460] for POST '/session/b3ba31c106d523f73b28bf73db270e0e/element/20ff241c-c3e9-4934-809b-b6c069b47abe/value'
08:36:04.716 [AsyncHttpClient-1-17] DEBUG o.a.netty.handler.HttpHandler - 

Request DefaultHttpRequest(decodeResult: success, version: HTTP/1.1)
POST /session/b3ba31c106d523f73b28bf73db270e0e/element/20ff241c-c3e9-4934-809b-b6c069b47abe/value HTTP/1.1
User-Agent: selenium/4.1.2 (java windows)
Content-Length: 191
Content-Type: application/json; charset=utf-8
host: localhost:59460
accept: */*

Response DefaultHttpResponse(decodeResult: success, version: HTTP/1.1)
HTTP/1.1 200 OK
Content-Type: application/json; charset=utf-8
cache-control: no-cache
content-length: 14

08:36:04.716 [AsyncHttpClient-1-17] DEBUG o.a.netty.channel.ChannelManager - Adding key: http://localhost:59460 for channel [id: 0x40371588, L:/127.0.0.1:53527 - R:localhost/127.0.0.1:59460]
08:36:04.717 [Forwarding findElement on session b3ba31c106d523f73b28bf73db270e0e to remote] DEBUG o.a.netty.request.NettyRequestSender - Using pooled Channel '[id: 0x40371588, L:/127.0.0.1:53527 - R:localhost/127.0.0.1:59460]' for 'POST' to 'http://localhost:59460/session/b3ba31c106d523f73b28bf73db270e0e/element'
08:36:04.717 [Forwarding findElement on session b3ba31c106d523f73b28bf73db270e0e to remote] DEBUG o.a.netty.request.NettyRequestSender - Using open Channel [id: 0x40371588, L:/127.0.0.1:53527 - R:localhost/127.0.0.1:59460] for POST '/session/b3ba31c106d523f73b28bf73db270e0e/element'
08:36:04.730 [AsyncHttpClient-1-17] DEBUG o.a.netty.handler.HttpHandler - 

Request DefaultHttpRequest(decodeResult: success, version: HTTP/1.1)
POST /session/b3ba31c106d523f73b28bf73db270e0e/element HTTP/1.1
User-Agent: selenium/4.1.2 (java windows)
Content-Length: 132
Content-Type: application/json; charset=utf-8
host: localhost:59460
accept: */*

Response DefaultHttpResponse(decodeResult: success, version: HTTP/1.1)
HTTP/1.1 200 OK
Content-Type: application/json; charset=utf-8
cache-control: no-cache
content-length: 88

08:36:04.730 [AsyncHttpClient-1-17] DEBUG o.a.netty.channel.ChannelManager - Adding key: http://localhost:59460 for channel [id: 0x40371588, L:/127.0.0.1:53527 - R:localhost/127.0.0.1:59460]
08:36:04.731 [Forwarding sendKeysToElement on session b3ba31c106d523f73b28bf73db270e0e to remote] DEBUG o.a.netty.request.NettyRequestSender - Using pooled Channel '[id: 0x40371588, L:/127.0.0.1:53527 - R:localhost/127.0.0.1:59460]' for 'POST' to 'http://localhost:59460/session/b3ba31c106d523f73b28bf73db270e0e/element/51b718fa-1c2f-4283-9f7c-b9425b3bd125/value'
08:36:04.731 [Forwarding sendKeysToElement on session b3ba31c106d523f73b28bf73db270e0e to remote] DEBUG o.a.netty.request.NettyRequestSender - Using open Channel [id: 0x40371588, L:/127.0.0.1:53527 - R:localhost/127.0.0.1:59460] for POST '/session/b3ba31c106d523f73b28bf73db270e0e/element/51b718fa-1c2f-4283-9f7c-b9425b3bd125/value'
08:36:04.783 [AsyncHttpClient-1-17] DEBUG o.a.netty.handler.HttpHandler - 

Request DefaultHttpRequest(decodeResult: success, version: HTTP/1.1)
POST /session/b3ba31c106d523f73b28bf73db270e0e/element/51b718fa-1c2f-4283-9f7c-b9425b3bd125/value HTTP/1.1
User-Agent: selenium/4.1.2 (java windows)
Content-Length: 161
Content-Type: application/json; charset=utf-8
host: localhost:59460
accept: */*

Response DefaultHttpResponse(decodeResult: success, version: HTTP/1.1)
HTTP/1.1 200 OK
Content-Type: application/json; charset=utf-8
cache-control: no-cache
content-length: 14

08:36:04.783 [AsyncHttpClient-1-17] DEBUG o.a.netty.channel.ChannelManager - Adding key: http://localhost:59460 for channel [id: 0x40371588, L:/127.0.0.1:53527 - R:localhost/127.0.0.1:59460]
08:36:04.784 [Forwarding findElement on session b3ba31c106d523f73b28bf73db270e0e to remote] DEBUG o.a.netty.request.NettyRequestSender - Using pooled Channel '[id: 0x40371588, L:/127.0.0.1:53527 - R:localhost/127.0.0.1:59460]' for 'POST' to 'http://localhost:59460/session/b3ba31c106d523f73b28bf73db270e0e/element'
08:36:04.784 [Forwarding findElement on session b3ba31c106d523f73b28bf73db270e0e to remote] DEBUG o.a.netty.request.NettyRequestSender - Using open Channel [id: 0x40371588, L:/127.0.0.1:53527 - R:localhost/127.0.0.1:59460] for POST '/session/b3ba31c106d523f73b28bf73db270e0e/element'
08:36:04.796 [AsyncHttpClient-1-17] DEBUG o.a.netty.handler.HttpHandler - 

Request DefaultHttpRequest(decodeResult: success, version: HTTP/1.1)
POST /session/b3ba31c106d523f73b28bf73db270e0e/element HTTP/1.1
User-Agent: selenium/4.1.2 (java windows)
Content-Length: 125
Content-Type: application/json; charset=utf-8
host: localhost:59460
accept: */*

Response DefaultHttpResponse(decodeResult: success, version: HTTP/1.1)
HTTP/1.1 200 OK
Content-Type: application/json; charset=utf-8
cache-control: no-cache
content-length: 88

08:36:04.796 [AsyncHttpClient-1-17] DEBUG o.a.netty.channel.ChannelManager - Adding key: http://localhost:59460 for channel [id: 0x40371588, L:/127.0.0.1:53527 - R:localhost/127.0.0.1:59460]
08:36:04.798 [Forwarding clickElement on session b3ba31c106d523f73b28bf73db270e0e to remote] DEBUG o.a.netty.request.NettyRequestSender - Using pooled Channel '[id: 0x40371588, L:/127.0.0.1:53527 - R:localhost/127.0.0.1:59460]' for 'POST' to 'http://localhost:59460/session/b3ba31c106d523f73b28bf73db270e0e/element/badac5df-32e3-466e-a9d1-964bfb71f91e/click'
08:36:04.798 [Forwarding clickElement on session b3ba31c106d523f73b28bf73db270e0e to remote] DEBUG o.a.netty.request.NettyRequestSender - Using open Channel [id: 0x40371588, L:/127.0.0.1:53527 - R:localhost/127.0.0.1:59460] for POST '/session/b3ba31c106d523f73b28bf73db270e0e/element/badac5df-32e3-466e-a9d1-964bfb71f91e/click'
08:36:05.131 [AsyncHttpClient-1-1] DEBUG o.a.netty.channel.DefaultChannelPool - Entry count for : http://localhost:53544 : 1
08:36:06.238 [AsyncHttpClient-1-1] DEBUG o.a.netty.channel.DefaultChannelPool - Entry count for : http://localhost:53544 : 1
08:36:07.343 [AsyncHttpClient-1-1] DEBUG o.a.netty.channel.DefaultChannelPool - Entry count for : http://localhost:53544 : 1
08:36:08.431 [AsyncHttpClient-1-1] DEBUG o.a.netty.channel.DefaultChannelPool - Entry count for : http://localhost:53544 : 1
08:36:09.532 [AsyncHttpClient-1-1] DEBUG o.a.netty.channel.DefaultChannelPool - Entry count for : http://localhost:53544 : 1
08:36:10.638 [AsyncHttpClient-1-1] DEBUG o.a.netty.channel.DefaultChannelPool - Entry count for : http://localhost:53544 : 1
08:36:11.738 [AsyncHttpClient-1-1] DEBUG o.a.netty.channel.DefaultChannelPool - Entry count for : http://localhost:53544 : 1
08:36:11.759 [AsyncHttpClient-1-17] DEBUG o.a.netty.handler.HttpHandler - 

Request DefaultHttpRequest(decodeResult: success, version: HTTP/1.1)
POST /session/b3ba31c106d523f73b28bf73db270e0e/element/badac5df-32e3-466e-a9d1-964bfb71f91e/click HTTP/1.1
User-Agent: selenium/4.1.2 (java windows)
Content-Length: 50
Content-Type: application/json; charset=utf-8
host: localhost:59460
accept: */*

Response DefaultHttpResponse(decodeResult: success, version: HTTP/1.1)
HTTP/1.1 200 OK
Content-Type: application/json; charset=utf-8
cache-control: no-cache
content-length: 14

08:36:11.761 [AsyncHttpClient-1-17] DEBUG o.a.netty.channel.ChannelManager - Adding key: http://localhost:59460 for channel [id: 0x40371588, L:/127.0.0.1:53527 - R:localhost/127.0.0.1:59460]
  &amp#27;[32mWhen &amp#27;[0m&amp#27;[32muser login using valid credentials with username &amp#27;[0m&amp#27;[32m&amp#27;[1m"user@vrbank"&amp#27;[0m&amp#27;[32m and password &amp#27;[0m&amp#27;[32m&amp#27;[1m"pega123!"&amp#27;[0m          &amp#27;[90m# stepdefinitions.LoginPageSteps.user_login_using_valid_credentials_with_username_and_password(java.lang.String,java.lang.String)&amp#27;[0m
08:36:11.764 [Forwarding getTitle on session b3ba31c106d523f73b28bf73db270e0e to remote] DEBUG o.a.netty.request.NettyRequestSender - Using pooled Channel '[id: 0x40371588, L:/127.0.0.1:53527 - R:localhost/127.0.0.1:59460]' for 'GET' to 'http://localhost:59460/session/b3ba31c106d523f73b28bf73db270e0e/title'
08:36:11.764 [Forwarding getTitle on session b3ba31c106d523f73b28bf73db270e0e to remote] DEBUG o.a.netty.request.NettyRequestSender - Using open Channel [id: 0x40371588, L:/127.0.0.1:53527 - R:localhost/127.0.0.1:59460] for GET '/session/b3ba31c106d523f73b28bf73db270e0e/title'
08:36:11.767 [AsyncHttpClient-1-17] DEBUG o.a.netty.handler.HttpHandler - 

Request DefaultFullHttpRequest(decodeResult: success, version: HTTP/1.1, content: EmptyByteBufBE)
GET /session/b3ba31c106d523f73b28bf73db270e0e/title HTTP/1.1
User-Agent: selenium/4.1.2 (java windows)
Cache-Control: no-cache
Content-Type: application/json; charset=utf-8
host: localhost:59460
accept: */*

Response DefaultHttpResponse(decodeResult: success, version: HTTP/1.1)
HTTP/1.1 200 OK
Content-Type: application/json; charset=utf-8
cache-control: no-cache
content-length: 30

08:36:11.768 [AsyncHttpClient-1-17] DEBUG o.a.netty.channel.ChannelManager - Adding key: http://localhost:59460 for channel [id: 0x40371588, L:/127.0.0.1:53527 - R:localhost/127.0.0.1:59460]
DEBUG [main] (BaseClass.java:37) - verifyApplication: 'Cosmos Application' 
DEBUG [main] (BaseClass.java:37)- verifyApplication: 'Cosmos Application' 
08:36:11.769 [Forwarding getTitle on session b3ba31c106d523f73b28bf73db270e0e to remote] DEBUG o.a.netty.request.NettyRequestSender - Using pooled Channel '[id: 0x40371588, L:/127.0.0.1:53527 - R:localhost/127.0.0.1:59460]' for 'GET' to 'http://localhost:59460/session/b3ba31c106d523f73b28bf73db270e0e/title'
08:36:11.769 [Forwarding getTitle on session b3ba31c106d523f73b28bf73db270e0e to remote] DEBUG o.a.netty.request.NettyRequestSender - Using open Channel [id: 0x40371588, L:/127.0.0.1:53527 - R:localhost/127.0.0.1:59460] for GET '/session/b3ba31c106d523f73b28bf73db270e0e/title'
08:36:11.771 [AsyncHttpClient-1-17] DEBUG o.a.netty.handler.HttpHandler - 

Request DefaultFullHttpRequest(decodeResult: success, version: HTTP/1.1, content: EmptyByteBufBE)
GET /session/b3ba31c106d523f73b28bf73db270e0e/title HTTP/1.1
User-Agent: selenium/4.1.2 (java windows)
Cache-Control: no-cache
Content-Type: application/json; charset=utf-8
host: localhost:59460
accept: */*

Response DefaultHttpResponse(decodeResult: success, version: HTTP/1.1)
HTTP/1.1 200 OK
Content-Type: application/json; charset=utf-8
cache-control: no-cache
content-length: 30

08:36:11.771 [AsyncHttpClient-1-17] DEBUG o.a.netty.channel.ChannelManager - Adding key: http://localhost:59460 for channel [id: 0x40371588, L:/127.0.0.1:53527 - R:localhost/127.0.0.1:59460]
08:36:12.831 [AsyncHttpClient-1-1] DEBUG o.a.netty.channel.DefaultChannelPool - Entry count for : http://localhost:59460 : 1
08:36:12.831 [AsyncHttpClient-1-1] DEBUG o.a.netty.channel.DefaultChannelPool - Entry count for : http://localhost:53544 : 1
08:36:13.942 [AsyncHttpClient-1-1] DEBUG o.a.netty.channel.DefaultChannelPool - Entry count for : http://localhost:59460 : 1
08:36:13.942 [AsyncHttpClient-1-1] DEBUG o.a.netty.channel.DefaultChannelPool - Entry count for : http://localhost:53544 : 1
08:36:15.035 [AsyncHttpClient-1-1] DEBUG o.a.netty.channel.DefaultChannelPool - Entry count for : http://localhost:59460 : 1
08:36:15.035 [AsyncHttpClient-1-1] DEBUG o.a.netty.channel.DefaultChannelPool - Entry count for : http://localhost:53544 : 1
08:36:16.142 [AsyncHttpClient-1-1] DEBUG o.a.netty.channel.DefaultChannelPool - Entry count for : http://localhost:59460 : 1
08:36:16.142 [AsyncHttpClient-1-1] DEBUG o.a.netty.channel.DefaultChannelPool - Entry count for : http://localhost:53544 : 1
  &amp#27;[32mThen &amp#27;[0m&amp#27;[32muser should proceed to Dashboard Page&amp#27;[0m                                                           &amp#27;[90m# stepdefinitions.LoginPageSteps.user_should_proceed_to_dashboard_page()&amp#27;[0m
DEBUG [main] (apphooks.java:45) - Close Browser
DEBUG [main] (apphooks.java:45)- Close Browser
08:36:16.775 [AsyncHttpClient-1-19] DEBUG o.a.netty.handler.WebSocketHandler - Channel Closed: [id: 0xca3fbea1, L:/127.0.0.1:53551 ! R:localhost/127.0.0.1:53544] with attribute NettyResponseFuture{currentRetry=5,
	isDone=1,
	isCancelled=0,
	asyncHandler=org.asynchttpclient.ws.WebSocketUpgradeHandler@7fc79d5e,
	nettyRequest=org.asynchttpclient.netty.request.NettyRequest@3ac51cc2,
	future=java.util.concurrent.CompletableFuture@30411332[Completed normally],
	uri=ws://localhost:53544/devtools/browser/7388ac29-7e24-421a-993b-5a999dcf732e,
	keepAlive=true,
	redirectCount=0,
	timeoutsHolder=null,
	inAuth=0,
	touch=1648514144549}
08:36:16.775 [Driver Command Executor] DEBUG o.a.netty.request.NettyRequestSender - Using pooled Channel '[id: 0x40371588, L:/127.0.0.1:53527 - R:localhost/127.0.0.1:59460]' for 'DELETE' to 'http://localhost:59460/session/b3ba31c106d523f73b28bf73db270e0e'
08:36:16.775 [AsyncHttpClient-1-19] DEBUG o.a.netty.channel.ChannelManager - Closing Channel [id: 0xca3fbea1, L:/127.0.0.1:53551 ! R:localhost/127.0.0.1:53544] 
08:36:16.775 [Driver Command Executor] DEBUG o.a.netty.request.NettyRequestSender - Using open Channel [id: 0x40371588, L:/127.0.0.1:53527 - R:localhost/127.0.0.1:59460] for DELETE '/session/b3ba31c106d523f73b28bf73db270e0e'
08:36:16.798 [AsyncHttpClient-1-18] DEBUG o.a.netty.handler.HttpHandler - Unexpected I/O exception on channel [id: 0x506db928, L:/127.0.0.1:53550 - R:localhost/127.0.0.1:53544]
java.net.SocketException: Connection reset
	at java.base/sun.nio.ch.SocketChannelImpl.throwConnectionReset(SocketChannelImpl.java:367) ~[na:na]
	at java.base/sun.nio.ch.SocketChannelImpl.read(SocketChannelImpl.java:398) ~[na:na]
	at io.netty.buffer.PooledByteBuf.setBytes(PooledByteBuf.java:253) ~[netty-buffer-4.1.70.Final.jar:4.1.70.Final]
	at io.netty.buffer.AbstractByteBuf.writeBytes(AbstractByteBuf.java:1132) ~[netty-buffer-4.1.70.Final.jar:4.1.70.Final]
	at io.netty.channel.socket.nio.NioSocketChannel.doReadBytes(NioSocketChannel.java:350) ~[netty-transport-4.1.70.Final.jar:4.1.70.Final]
	at io.netty.channel.nio.AbstractNioByteChannel$NioByteUnsafe.read(AbstractNioByteChannel.java:151) ~[netty-transport-4.1.70.Final.jar:4.1.70.Final]
	at io.netty.channel.nio.NioEventLoop.processSelectedKey(NioEventLoop.java:719) ~[netty-transport-4.1.70.Final.jar:4.1.70.Final]
	at io.netty.channel.nio.NioEventLoop.processSelectedKeysOptimized(NioEventLoop.java:655) ~[netty-transport-4.1.70.Final.jar:4.1.70.Final]
	at io.netty.channel.nio.NioEventLoop.processSelectedKeys(NioEventLoop.java:581) ~[netty-transport-4.1.70.Final.jar:4.1.70.Final]
	at io.netty.channel.nio.NioEventLoop.run(NioEventLoop.java:493) ~[netty-transport-4.1.70.Final.jar:4.1.70.Final]
	at io.netty.util.concurrent.SingleThreadEventExecutor$4.run(SingleThreadEventExecutor.java:986) ~[netty-common-4.1.70.Final.jar:4.1.70.Final]
	at io.netty.util.internal.ThreadExecutorMap$2.run(ThreadExecutorMap.java:74) ~[netty-common-4.1.70.Final.jar:4.1.70.Final]
	at io.netty.util.concurrent.FastThreadLocalRunnable.run(FastThreadLocalRunnable.java:30) ~[netty-common-4.1.70.Final.jar:4.1.70.Final]
	at java.base/java.lang.Thread.run(Thread.java:832) ~[na:na]
08:36:16.798 [AsyncHttpClient-1-18] DEBUG o.a.netty.channel.ChannelManager - Closing Channel [id: 0x506db928, L:/127.0.0.1:53550 - R:localhost/127.0.0.1:53544] 
08:36:16.798 [AsyncHttpClient-1-18] DEBUG o.a.netty.handler.HttpHandler - Channel Closed: [id: 0x506db928, L:/127.0.0.1:53550 ! R:localhost/127.0.0.1:53544] with attribute DISCARD
08:36:16.813 [AsyncHttpClient-1-17] DEBUG o.a.netty.handler.HttpHandler - 

Request DefaultFullHttpRequest(decodeResult: success, version: HTTP/1.1, content: EmptyByteBufBE)
DELETE /session/b3ba31c106d523f73b28bf73db270e0e HTTP/1.1
User-Agent: selenium/4.1.2 (java windows)
Content-Type: application/json; charset=utf-8
host: localhost:59460
accept: */*

Response DefaultHttpResponse(decodeResult: success, version: HTTP/1.1)
HTTP/1.1 200 OK
Content-Type: application/json; charset=utf-8
cache-control: no-cache
content-length: 14

08:36:16.813 [AsyncHttpClient-1-17] DEBUG o.a.netty.channel.ChannelManager - Adding key: http://localhost:59460 for channel [id: 0x40371588, L:/127.0.0.1:53527 - R:localhost/127.0.0.1:59460]
08:36:16.878 [AsyncHttpClient-1-17] DEBUG o.a.netty.handler.HttpHandler - Channel Closed: [id: 0x40371588, L:/127.0.0.1:53527 ! R:localhost/127.0.0.1:59460] with attribute DISCARD
08:36:17.232 [AsyncHttpClient-1-1] DEBUG o.a.netty.channel.DefaultChannelPool - Entry count for : http://localhost:59460 : 1
08:36:17.232 [AsyncHttpClient-1-1] DEBUG o.a.netty.channel.DefaultChannelPool - Entry count for : http://localhost:53544 : 1
08:36:17.232 [AsyncHttpClient-1-1] DEBUG o.a.netty.channel.DefaultChannelPool - Adding Candidate expired Channel [id: 0x40371588, L:/127.0.0.1:53527 ! R:localhost/127.0.0.1:59460] isIdleTimeoutExpired=false isRemotelyClosed=true isTtlExpired=false
08:36:17.232 [AsyncHttpClient-1-1] DEBUG o.a.netty.channel.DefaultChannelPool - Closing Idle Channel [id: 0x40371588, L:/127.0.0.1:53527 ! R:localhost/127.0.0.1:59460]
08:36:17.232 [AsyncHttpClient-1-1] DEBUG o.a.netty.channel.DefaultChannelPool - Adding Candidate expired Channel [id: 0x506db928, L:/127.0.0.1:53550 ! R:localhost/127.0.0.1:53544] isIdleTimeoutExpired=false isRemotelyClosed=true isTtlExpired=false
08:36:17.232 [AsyncHttpClient-1-1] DEBUG o.a.netty.channel.DefaultChannelPool - Closing Idle Channel [id: 0x506db928, L:/127.0.0.1:53550 ! R:localhost/127.0.0.1:53544]
08:36:17.232 [AsyncHttpClient-1-1] DEBUG o.a.netty.channel.DefaultChannelPool - Closed 2 connections out of 2 in 0 ms
08:36:17.402 [main] INFO   - 
  _____   ___   ___   _____     ___     _     ___   ___   ___   ___  
 |_   _| | __| / __| |_   _|   | _ \   /_\   / __| / __| | __| |   \ 
   | |   | _|  \__ \   | |     |  _/  / _ \  \__ \ \__ \ | _|  | |) |
   |_|   |___| |___/   |_|     |_|   /_/ \_\ |___/ |___/ |___| |___/ 

Login to PEGA Site using User
----------------------------------------------------------------------
]]></system-out>
    <system-err><![CDATA[Starting ChromeDriver 99.0.4844.51 (d537ec02474b5afe23684e7963d538896c63ac77-refs/branch-heads/4844@{#875}) on port 59460
Only local connections are allowed.
Please see https://chromedriver.chromium.org/security-considerations for suggestions on keeping ChromeDriver safe.
ChromeDriver was started successfully.
Mar 29, 2022 8:35:44 AM org.openqa.selenium.remote.ProtocolHandshake createSession
INFO: Detected dialect: W3C
Mar 29, 2022 8:35:44 AM org.openqa.selenium.devtools.CdpVersionFinder findNearestMatch
WARNING: Unable to find an exact match for CDP version 99, so returning the closest version found: 96
Mar 29, 2022 8:35:44 AM org.openqa.selenium.devtools.CdpVersionFinder findNearestMatch
INFO: Found CDP implementation for version 99 of 96
]]></system-err>
  </testcase>
</testsuite>