<?xml version="1.0" encoding="UTF-8"?>
<testsuite xmlns:xsi="http://www.w3.org/2001/XMLSchema-instance" xsi:noNamespaceSchemaLocation="https://maven.apache.org/surefire/maven-failsafe-plugin/xsd/failsafe-test-report-3.0.xsd" version="3.0" name="testsuites.HCLTestRunner" time="103.85" tests="3" errors="0" skipped="0" failures="0">
  <properties>
[...]
</properties>
  <testcase name="Login fail possible combinations" classname="Test Invalid User Credentials Feature" time="43.016">
    <system-out><![CDATA[
@All @testInvalid
Scenario Outline: Login fail possible combinations                                                                                   &amp#27;[90m# src/main/resources/AppFeatures/ValidateAndVerifyInvalidLogin.feature:16&amp#27;[0m
12:42:08.430 [main] DEBUG com.pages.drivers.DriversFactory - Set up Browser
12:42:08.432 [main] DEBUG com.pages.drivers.DriversFactory - Initialize Driver Browser Configuration
12:42:08.432 [main] DEBUG com.pages.drivers.DriversFactory -  Driver Browser : chrome
12:42:08.661 [main] DEBUG i.g.b.wdm.cache.ResolutionCache - Resolution chrome=99 in cache (valid until 13:40:21 18/03/2022 CST)
12:42:08.662 [main] DEBUG i.g.b.wdm.cache.ResolutionCache - Resolution chrome99=99.0.4844.51 in cache (valid until 15:39:23 18/03/2022 CST)
12:42:08.663 [main] INFO  i.g.bonigarcia.wdm.WebDriverManager - Using chromedriver 99.0.4844.51 (resolved driver for Chrome 99)
12:42:08.672 [main] DEBUG i.g.bonigarcia.wdm.WebDriverManager - Driver chromedriver 99.0.4844.51 found in cache
12:42:08.672 [main] INFO  i.g.bonigarcia.wdm.WebDriverManager - Exporting webdriver.chrome.driver as C:\Users\DheyClaveria\.cache\selenium\chromedriver\win32\99.0.4844.51\chromedriver.exe
12:42:10.327 [main] DEBUG com.pages.LoginPage - verifyApplication: 'Login Page' 
  &amp#27;[32mGiven &amp#27;[0m&amp#27;[32mthat the user should navigate in PEGA Login Page&amp#27;[0m                                                                             &amp#27;[90m# stepdefinitions.LoginPageSteps.that_the_user_should_navigate_in_pega_login_page()&amp#27;[0m
12:42:15.346 [main] DEBUG com.pages.LoginPage - verifyPageElements : Current Element = 'By.xpath: //div[@id="credentials"]//div[@class="field user"]//input' 
12:42:15.415 [main] DEBUG com.pages.LoginPage - verifyPageElements : Current Element = 'By.xpath: //div[@id="credentials"]//div[@class="field password"]//input' 
12:42:15.461 [main] DEBUG com.pages.LoginPage - verifyPageElements : Current Element = 'By.xpath: //div[@id="credentials"]//button[contains(@class,"loginButton")]' 
  &amp#27;[32mAnd &amp#27;[0m&amp#27;[32muser verify the Login Page Elements is Visible&amp#27;[0m                                                                                 &amp#27;[90m# stepdefinitions.LoginPageSteps.user_verify_the_login_page_elements_is_visible()&amp#27;[0m
12:42:17.513 [main] DEBUG com.pages.LoginPage - enterUserCredentails: username = 'invalidUser' | password = 'InvalidPassword' 
12:42:17.663 [main] DEBUG com.pages.LoginPage - verifyErrorMessage: 'The information you entered was not recognized.' 
  &amp#27;[32mWhen &amp#27;[0m&amp#27;[32muser login using invalid credentials with username &amp#27;[0m&amp#27;[32m&amp#27;[1m"invalidUser"&amp#27;[0m&amp#27;[32m and password &amp#27;[0m&amp#27;[32m&amp#27;[1m"InvalidPassword"&amp#27;[0m                               &amp#27;[90m# stepdefinitions.LoginPageSteps.user_login_using_invalid_credentials_with_username_and_password(java.lang.String,java.lang.String)&amp#27;[0m
12:42:20.634 [main] DEBUG stepdefinitions.LoginPageSteps - [{username=invalidUser@vrbank0, password=pega123!}, {username=invalidUser@vrbank1, password=pega123!}, {username=invalidUser@vrbank2, password=pega123!}, {username=, password=}]
12:42:22.637 [main] DEBUG com.pages.LoginPage - enterUserCredentails: username = 'invalidUser@vrbank0' | password = 'pega123!' 
12:42:22.779 [main] DEBUG com.pages.LoginPage - verifyErrorMessage: 'The information you entered was not recognized.' 
12:42:27.350 [main] DEBUG com.pages.LoginPage - enterUserCredentails: username = 'invalidUser@vrbank1' | password = 'pega123!' 
12:42:27.607 [main] DEBUG com.pages.LoginPage - verifyErrorMessage: 'The information you entered was not recognized.' 
12:42:34.240 [main] DEBUG com.pages.LoginPage - enterUserCredentails: username = 'invalidUser@vrbank2' | password = 'pega123!' 
12:42:34.379 [main] DEBUG com.pages.LoginPage - verifyErrorMessage: 'The information you entered was not recognized.' 
12:42:38.948 [main] DEBUG com.pages.LoginPage - enterUserCredentails: username = '' | password = '' 
12:42:39.058 [main] DEBUG com.pages.LoginPage - verifyErrorMessage: 'The information you entered was not recognized.' 
  &amp#27;[32mWhen &amp#27;[0m&amp#27;[32muser login using invalid credentials form ExcelData with File &amp#27;[0m&amp#27;[32m&amp#27;[1m"InvalidUserCredentials"&amp#27;[0m&amp#27;[32m and SheetName &amp#27;[0m&amp#27;[32m&amp#27;[1m"InvalidUserCredentials"&amp#27;[0m &amp#27;[90m# stepdefinitions.LoginPageSteps.user_login_using_invalid_credentials_form_excel_data_with_file_and_sheet_name(java.lang.String,java.lang.String)&amp#27;[0m
12:42:41.631 [main] DEBUG com.pages.LoginPage - verifyApplication: 'Login Page' 
12:42:46.638 [main] DEBUG com.pages.LoginPage - verifyErrorMessage: 'The information you entered was not recognized.' 
  &amp#27;[32mThen &amp#27;[0m&amp#27;[32muser should not proceed to Dashboard Page&amp#27;[0m                                                                                     &amp#27;[90m# stepdefinitions.LoginPageSteps.user_should_not_proceed_to_dashboard_page()&amp#27;[0m
12:42:48.659 [main] DEBUG com.pages.LoginPage - verifyErrorMessage: 'The information you entered was not recognized.' 
  &amp#27;[32mThen &amp#27;[0m&amp#27;[32muser gets login failed error message&amp#27;[0m                                                                                          &amp#27;[90m# stepdefinitions.LoginPageSteps.user_gets_login_failed_error_message()&amp#27;[0m
12:42:50.692 [main] DEBUG com.pages.drivers.DriversFactory - close the browser
]]></system-out>
    <system-err><![CDATA[Starting ChromeDriver 99.0.4844.51 (d537ec02474b5afe23684e7963d538896c63ac77-refs/branch-heads/4844@{#875}) on port 48441
Only local connections are allowed.
Please see https://chromedriver.chromium.org/security-considerations for suggestions on keeping ChromeDriver safe.
ChromeDriver was started successfully.
Mar 18, 2022 12:42:10 PM org.openqa.selenium.remote.ProtocolHandshake createSession
INFO: Detected dialect: W3C
ERROR StatusLogger Log4j2 could not find a logging implementation. Please add log4j-core to the classpath. Using SimpleLogger to log to the console...
Cleaning up unclosed ZipFile for archive Z:\Automation\JavaCucumber\BDD_HCL\CucumberHCL\.\src\main\resources\TestData\InvalidUserCredentials.xlsx
]]></system-err>
  </testcase>
  <testcase name="Login to PEGA Site using Author, Manager and User" classname="Validate And Verify Login Page to PEGA Site" time="28.339">
    <system-out><![CDATA[
@All @Smoke @Test1
Scenario: Login to PEGA Site using Author, Manager and User                                            &amp#27;[90m# src/main/resources/AppFeatures/ValidateAndVerifyLoginPage.feature:19&amp#27;[0m
12:42:51.309 [main] DEBUG com.pages.drivers.DriversFactory - Set up Browser
12:42:51.309 [main] DEBUG com.pages.drivers.DriversFactory - Initialize Driver Browser Configuration
12:42:51.309 [main] DEBUG com.pages.drivers.DriversFactory -  Driver Browser : chrome
12:42:51.316 [main] DEBUG i.g.b.wdm.cache.ResolutionCache - Resolution chrome=99 in cache (valid until 13:40:21 18/03/2022 CST)
12:42:51.316 [main] DEBUG i.g.b.wdm.cache.ResolutionCache - Resolution chrome99=99.0.4844.51 in cache (valid until 15:39:23 18/03/2022 CST)
12:42:51.316 [main] INFO  i.g.bonigarcia.wdm.WebDriverManager - Using chromedriver 99.0.4844.51 (resolved driver for Chrome 99)
12:42:51.320 [main] DEBUG i.g.bonigarcia.wdm.WebDriverManager - Driver chromedriver 99.0.4844.51 found in cache
12:42:51.320 [main] INFO  i.g.bonigarcia.wdm.WebDriverManager - Exporting webdriver.chrome.driver as C:\Users\DheyClaveria\.cache\selenium\chromedriver\win32\99.0.4844.51\chromedriver.exe
12:42:52.606 [main] DEBUG com.pages.LoginPage - verifyApplication: 'Login Page' 
  &amp#27;[32mGiven &amp#27;[0m&amp#27;[32mthat the user should navigate in PEGA Login Page&amp#27;[0m                                               &amp#27;[90m# stepdefinitions.LoginPageSteps.that_the_user_should_navigate_in_pega_login_page()&amp#27;[0m
12:42:57.614 [main] DEBUG com.pages.LoginPage - verifyPageElements : Current Element = 'By.xpath: //div[@id="credentials"]//div[@class="field user"]//input' 
12:42:57.667 [main] DEBUG com.pages.LoginPage - verifyPageElements : Current Element = 'By.xpath: //div[@id="credentials"]//div[@class="field password"]//input' 
12:42:57.708 [main] DEBUG com.pages.LoginPage - verifyPageElements : Current Element = 'By.xpath: //div[@id="credentials"]//button[contains(@class,"loginButton")]' 
  &amp#27;[32mAnd &amp#27;[0m&amp#27;[32muser verify the Login Page Elements is Visible&amp#27;[0m                                                   &amp#27;[90m# stepdefinitions.LoginPageSteps.user_verify_the_login_page_elements_is_visible()&amp#27;[0m
12:42:59.759 [main] DEBUG com.pages.LoginPage - enterUserCredentails: username = 'invalidUser' | password = 'InvalidPassword' 
12:42:59.908 [main] DEBUG com.pages.LoginPage - verifyErrorMessage: 'The information you entered was not recognized.' 
  &amp#27;[32mWhen &amp#27;[0m&amp#27;[32muser login using invalid credentials with username &amp#27;[0m&amp#27;[32m&amp#27;[1m"invalidUser"&amp#27;[0m&amp#27;[32m and password &amp#27;[0m&amp#27;[32m&amp#27;[1m"InvalidPassword"&amp#27;[0m &amp#27;[90m# stepdefinitions.LoginPageSteps.user_login_using_invalid_credentials_with_username_and_password(java.lang.String,java.lang.String)&amp#27;[0m
12:43:02.470 [main] DEBUG com.pages.LoginPage - verifyApplication: 'Login Page' 
12:43:07.487 [main] DEBUG com.pages.LoginPage - verifyErrorMessage: 'The information you entered was not recognized.' 
  &amp#27;[32mThen &amp#27;[0m&amp#27;[32muser should not proceed to Dashboard Page&amp#27;[0m                                                       &amp#27;[90m# stepdefinitions.LoginPageSteps.user_should_not_proceed_to_dashboard_page()&amp#27;[0m
12:43:09.512 [main] DEBUG stepdefinitions.LoginPageSteps - List of User: [{username=author@vrbank, password=pega123!, titlePage=Pega Dev Studio}]
author@vrbanke.get("username")
12:43:11.526 [main] DEBUG com.pages.LoginPage - enterUserCredentails: username = 'author@vrbank' | password = 'pega123!' 
  &amp#27;[32mWhen &amp#27;[0m&amp#27;[32muser login using valid credentials&amp#27;[0m                                                              &amp#27;[90m# stepdefinitions.LoginPageSteps.user_login_using_valid_credentials(io.cucumber.datatable.DataTable)&amp#27;[0m
    | username      | password | titlePage       |
    | author@vrbank | pega123! | Pega Dev Studio |
12:43:14.033 [main] DEBUG com.pages.LoginPage - verifyApplication: 'Pega Dev Studio' 
  &amp#27;[32mThen &amp#27;[0m&amp#27;[32muser should proceed to Dashboard Page&amp#27;[0m                                                           &amp#27;[90m# stepdefinitions.LoginPageSteps.user_should_proceed_to_dashboard_page()&amp#27;[0m
12:43:19.039 [main] DEBUG com.pages.drivers.DriversFactory - close the browser
]]></system-out>
    <system-err><![CDATA[Starting ChromeDriver 99.0.4844.51 (d537ec02474b5afe23684e7963d538896c63ac77-refs/branch-heads/4844@{#875}) on port 21192
Only local connections are allowed.
Please see https://chromedriver.chromium.org/security-considerations for suggestions on keeping ChromeDriver safe.
ChromeDriver was started successfully.
Mar 18, 2022 12:42:52 PM org.openqa.selenium.remote.ProtocolHandshake createSession
INFO: Detected dialect: W3C
]]></system-err>
  </testcase>
  <testcase name="Login to PEGA Site using User" classname="Validate And Verify Login Page to PEGA Site" time="29.557">
    <system-out><![CDATA[
@All @Regression
Scenario: Login to PEGA Site using User                                                                &amp#27;[90m# src/main/resources/AppFeatures/ValidateAndVerifyLoginPage.feature:31&amp#27;[0m
12:43:19.642 [main] DEBUG com.pages.drivers.DriversFactory - Set up Browser
12:43:19.642 [main] DEBUG com.pages.drivers.DriversFactory - Initialize Driver Browser Configuration
12:43:19.643 [main] DEBUG com.pages.drivers.DriversFactory -  Driver Browser : chrome
12:43:19.650 [main] DEBUG i.g.b.wdm.cache.ResolutionCache - Resolution chrome=99 in cache (valid until 13:40:21 18/03/2022 CST)
12:43:19.651 [main] DEBUG i.g.b.wdm.cache.ResolutionCache - Resolution chrome99=99.0.4844.51 in cache (valid until 15:39:23 18/03/2022 CST)
12:43:19.651 [main] INFO  i.g.bonigarcia.wdm.WebDriverManager - Using chromedriver 99.0.4844.51 (resolved driver for Chrome 99)
12:43:19.655 [main] DEBUG i.g.bonigarcia.wdm.WebDriverManager - Driver chromedriver 99.0.4844.51 found in cache
12:43:19.656 [main] INFO  i.g.bonigarcia.wdm.WebDriverManager - Exporting webdriver.chrome.driver as C:\Users\DheyClaveria\.cache\selenium\chromedriver\win32\99.0.4844.51\chromedriver.exe
12:43:21.105 [main] DEBUG com.pages.LoginPage - verifyApplication: 'Login Page' 
  &amp#27;[32mGiven &amp#27;[0m&amp#27;[32mthat the user should navigate in PEGA Login Page&amp#27;[0m                                               &amp#27;[90m# stepdefinitions.LoginPageSteps.that_the_user_should_navigate_in_pega_login_page()&amp#27;[0m
12:43:26.121 [main] DEBUG com.pages.LoginPage - verifyPageElements : Current Element = 'By.xpath: //div[@id="credentials"]//div[@class="field user"]//input' 
12:43:26.175 [main] DEBUG com.pages.LoginPage - verifyPageElements : Current Element = 'By.xpath: //div[@id="credentials"]//div[@class="field password"]//input' 
12:43:26.215 [main] DEBUG com.pages.LoginPage - verifyPageElements : Current Element = 'By.xpath: //div[@id="credentials"]//button[contains(@class,"loginButton")]' 
  &amp#27;[32mAnd &amp#27;[0m&amp#27;[32muser verify the Login Page Elements is Visible&amp#27;[0m                                                   &amp#27;[90m# stepdefinitions.LoginPageSteps.user_verify_the_login_page_elements_is_visible()&amp#27;[0m
12:43:28.262 [main] DEBUG com.pages.LoginPage - enterUserCredentails: username = 'invalidUser' | password = 'InvalidPassword' 
12:43:28.416 [main] DEBUG com.pages.LoginPage - verifyErrorMessage: 'The information you entered was not recognized.' 
  &amp#27;[32mWhen &amp#27;[0m&amp#27;[32muser login using invalid credentials with username &amp#27;[0m&amp#27;[32m&amp#27;[1m"invalidUser"&amp#27;[0m&amp#27;[32m and password &amp#27;[0m&amp#27;[32m&amp#27;[1m"InvalidPassword"&amp#27;[0m &amp#27;[90m# stepdefinitions.LoginPageSteps.user_login_using_invalid_credentials_with_username_and_password(java.lang.String,java.lang.String)&amp#27;[0m
12:43:31.481 [main] DEBUG com.pages.LoginPage - verifyApplication: 'Login Page' 
12:43:36.494 [main] DEBUG com.pages.LoginPage - verifyErrorMessage: 'The information you entered was not recognized.' 
  &amp#27;[32mThen &amp#27;[0m&amp#27;[32muser should not proceed to Dashboard Page&amp#27;[0m                                                       &amp#27;[90m# stepdefinitions.LoginPageSteps.user_should_not_proceed_to_dashboard_page()&amp#27;[0m
12:43:40.521 [main] DEBUG com.pages.LoginPage - enterUserCredentails: username = 'user@vrbank' | password = 'pega123!' 
  &amp#27;[32mWhen &amp#27;[0m&amp#27;[32muser login using valid credentials with username &amp#27;[0m&amp#27;[32m&amp#27;[1m"user@vrbank"&amp#27;[0m&amp#27;[32m and password &amp#27;[0m&amp#27;[32m&amp#27;[1m"pega123!"&amp#27;[0m          &amp#27;[90m# stepdefinitions.LoginPageSteps.user_login_using_valid_credentials_with_username_and_password(java.lang.String,java.lang.String)&amp#27;[0m
12:43:43.572 [main] DEBUG com.pages.LoginPage - verifyApplication: 'Cosmos Application' 
  &amp#27;[32mThen &amp#27;[0m&amp#27;[32muser should proceed to Dashboard Page&amp#27;[0m                                                           &amp#27;[90m# stepdefinitions.LoginPageSteps.user_should_proceed_to_dashboard_page()&amp#27;[0m
12:43:48.588 [main] DEBUG com.pages.drivers.DriversFactory - close the browser
]]></system-out>
    <system-err><![CDATA[Starting ChromeDriver 99.0.4844.51 (d537ec02474b5afe23684e7963d538896c63ac77-refs/branch-heads/4844@{#875}) on port 40393
Only local connections are allowed.
Please see https://chromedriver.chromium.org/security-considerations for suggestions on keeping ChromeDriver safe.
ChromeDriver was started successfully.
Mar 18, 2022 12:43:20 PM org.openqa.selenium.remote.ProtocolHandshake createSession
INFO: Detected dialect: W3C
]]></system-err>
  </testcase>
</testsuite>