<?xml version="1.0" encoding="UTF-8"?>
<testsuite xmlns:xsi="http://www.w3.org/2001/XMLSchema-instance" xsi:noNamespaceSchemaLocation="https://maven.apache.org/surefire/maven-failsafe-plugin/xsd/failsafe-test-report-3.0.xsd" version="3.0" name="testsuites.HCLSerenityTestRunner" time="101.935" tests="4" errors="0" skipped="0" failures="0">
  <properties>
[...]
</properties>
  <testcase name="Verify one author of the post" classname="Verify different GET operations using REST-assured" time="5.278">
    <system-out><![CDATA[16:40:31.935 [main] INFO  i.c.core.plugin.SerenityReporter - Running feature from file:///Z:/Automation/JavaCucumber/BDD_HCL/CucumberHCL/src/main/resources/AppFeatures/GetPost.feature
16:40:31.938 [main] WARN  i.c.core.plugin.SerenityReporter - Feature from file:///Z:/Automation/JavaCucumber/BDD_HCL/CucumberHCL/src/main/resources/AppFeatures/GetPost.feature is not under the 'features' directory. Requirements report will not be correctly generated!
16:40:32.132 [main] INFO   - 

-------------------------------------------------------------------------------------
     _______. _______ .______       _______ .__   __.  __  .___________.____    ____ 
    /       ||   ____||   _  \     |   ____||  \ |  | |  | |           |\   \  /   / 
   |   (----`|  |__   |  |_)  |    |  |__   |   \|  | |  | `---|  |----` \   \/   /  
    \   \    |   __|  |      /     |   __|  |  . `  | |  |     |  |       \_    _/   
.----)   |   |  |____ |  |\  \----.|  |____ |  |\   | |  |     |  |         |  |     
|_______/    |_______|| _| `._____||_______||__| \__| |__|     |__|         |__|    
                                                                                     
 News and tutorials at http://www.serenity-bdd.info                                  
 Documentation at https://wakaleo.gitbooks.io/the-serenity-book/content/             
 Join the Serenity Community on Gitter: https://gitter.im/serenity-bdd/serenity-core 
 Serenity BDD Support and Training at http://serenity-bdd.info/#/trainingandsupport  
-------------------------------------------------------------------------------------

16:40:32.135 [main] DEBUG n.thucydides.core.steps.StepEventBus - Test suite started for story net.thucydides.core.model.Story@d1e746b5
16:40:32.138 [main] INFO   - Test Suite Started: Verify different GET operations using REST-assured
16:40:32.154 [main] INFO  i.c.core.plugin.SerenityReporter - Running feature from file:///Z:/Automation/JavaCucumber/BDD_HCL/CucumberHCL/src/main/resources/AppFeatures/ValidateAndVerifyInvalidLogin.feature
16:40:32.155 [main] WARN  i.c.core.plugin.SerenityReporter - Feature from file:///Z:/Automation/JavaCucumber/BDD_HCL/CucumberHCL/src/main/resources/AppFeatures/ValidateAndVerifyInvalidLogin.feature is not under the 'features' directory. Requirements report will not be correctly generated!
16:40:32.162 [main] DEBUG n.thucydides.core.steps.StepEventBus - Test suite started for story net.thucydides.core.model.Story@b13a1f46
16:40:32.163 [main] INFO   - Test Suite Started: Test Invalid User Credentials Feature
16:40:32.163 [main] INFO  i.c.core.plugin.SerenityReporter - Running feature from file:///Z:/Automation/JavaCucumber/BDD_HCL/CucumberHCL/src/main/resources/AppFeatures/ValidateAndVerifyLoginPage.feature
16:40:32.163 [main] WARN  i.c.core.plugin.SerenityReporter - Feature from file:///Z:/Automation/JavaCucumber/BDD_HCL/CucumberHCL/src/main/resources/AppFeatures/ValidateAndVerifyLoginPage.feature is not under the 'features' directory. Requirements report will not be correctly generated!
16:40:32.171 [main] DEBUG n.thucydides.core.steps.StepEventBus - Test suite started for story net.thucydides.core.model.Story@7f1849ba
16:40:32.171 [main] INFO   - Test Suite Started: Validate And Verify Login Page to PEGA Site
16:40:32.172 [main] INFO  i.c.core.plugin.SerenityReporter - Running feature from file:///Z:/Automation/JavaCucumber/BDD_HCL/CucumberHCL/src/main/resources/AppFeatures/GetPost.feature
16:40:32.172 [main] WARN  i.c.core.plugin.SerenityReporter - Feature from file:///Z:/Automation/JavaCucumber/BDD_HCL/CucumberHCL/src/main/resources/AppFeatures/GetPost.feature is not under the 'features' directory. Requirements report will not be correctly generated!
16:40:32.175 [main] DEBUG n.thucydides.core.steps.StepEventBus - Test suite started for story net.thucydides.core.model.Story@d1e746b5
16:40:32.175 [main] INFO   - Test Suite Started: Verify different GET operations using REST-assured

@All @Performance
Scenario: Verify one author of the post      &amp#27;[90m# src/main/resources/AppFeatures/GetPost.feature:4&amp#27;[0m
16:40:32.263 [main] INFO  i.c.core.plugin.SerenityReporter - Running feature from file:///Z:/Automation/JavaCucumber/BDD_HCL/CucumberHCL/src/main/resources/AppFeatures/GetPost.feature
16:40:32.264 [main] WARN  i.c.core.plugin.SerenityReporter - Feature from file:///Z:/Automation/JavaCucumber/BDD_HCL/CucumberHCL/src/main/resources/AppFeatures/GetPost.feature is not under the 'features' directory. Requirements report will not be correctly generated!
16:40:32.358 [main] INFO   - 
  _____   ___   ___   _____     ___   _____     _     ___   _____   ___   ___  
 |_   _| | __| / __| |_   _|   / __| |_   _|   /_\   | _ \ |_   _| | __| |   \ 
   | |   | _|  \__ \   | |     \__ \   | |    / _ \  |   /   | |   | _|  | |) |
   |_|   |___| |___/   |_|     |___/   |_|   /_/ \_\ |_|_\   |_|   |___| |___/ 

Verify one author of the post(verify-different-get-operations-using-rest-assured;verify-one-author-of-the-post)
--------------------------------------------------------------------------------
16:40:32.469 [main] DEBUG com.pages.drivers.DriversFactory - Initialize Driver Browser Configuration
16:40:32.470 [main] DEBUG com.pages.drivers.DriversFactory -  Driver Browser : chrome
16:40:32.762 [main] DEBUG i.g.bonigarcia.wdm.WebDriverManager - Driver chromedriver 99.0.4844.51 found in cache
16:40:32.763 [main] INFO  i.g.bonigarcia.wdm.WebDriverManager - Exporting webdriver.chrome.driver as C:\Users\DheyClaveria\.cache\selenium\chromedriver\win32\99.0.4844.51\chromedriver.exe
16:40:32.853 [main] DEBUG i.n.u.i.l.InternalLoggerFactory - Using SLF4J as the default logging framework
16:40:32.855 [main] DEBUG io.netty.util.ResourceLeakDetector - -Dio.netty.leakDetection.level: simple
16:40:32.856 [main] DEBUG io.netty.util.ResourceLeakDetector - -Dio.netty.leakDetection.targetRecords: 4
16:40:32.860 [main] DEBUG i.n.util.ResourceLeakDetectorFactory - Loaded default ResourceLeakDetector: io.netty.util.ResourceLeakDetector@4ceff87d
16:40:32.879 [main] DEBUG i.n.util.internal.PlatformDependent0 - -Dio.netty.noUnsafe: false
16:40:32.880 [main] DEBUG i.n.util.internal.PlatformDependent0 - Java version: 15
16:40:32.880 [main] DEBUG i.n.util.internal.PlatformDependent0 - sun.misc.Unsafe.theUnsafe: available
16:40:32.881 [main] DEBUG i.n.util.internal.PlatformDependent0 - sun.misc.Unsafe.copyMemory: available
16:40:32.881 [main] DEBUG i.n.util.internal.PlatformDependent0 - java.nio.Buffer.address: available
16:40:32.882 [main] DEBUG i.n.util.internal.PlatformDependent0 - direct buffer constructor: unavailable: Reflective setAccessible(true) disabled
16:40:32.883 [main] DEBUG i.n.util.internal.PlatformDependent0 - java.nio.Bits.unaligned: available, true
16:40:32.884 [main] DEBUG i.n.util.internal.PlatformDependent0 - jdk.internal.misc.Unsafe.allocateUninitializedArray(int): unavailable: class io.netty.util.internal.PlatformDependent0$6 cannot access class jdk.internal.misc.Unsafe (in module java.base) because module java.base does not export jdk.internal.misc to unnamed module @438bad7c
16:40:32.885 [main] DEBUG i.n.util.internal.PlatformDependent0 - java.nio.DirectByteBuffer.<init>(long, int): unavailable
16:40:32.885 [main] DEBUG i.n.util.internal.PlatformDependent - sun.misc.Unsafe: available
16:40:32.887 [main] DEBUG i.n.util.internal.PlatformDependent - maxDirectMemory: 4276092928 bytes (maybe)
16:40:32.887 [main] DEBUG i.n.util.internal.PlatformDependent - -Dio.netty.tmpdir: C:\Users\DheyClaveria\AppData\Local\Temp (java.io.tmpdir)
16:40:32.887 [main] DEBUG i.n.util.internal.PlatformDependent - -Dio.netty.bitMode: 64 (sun.arch.data.model)
16:40:32.887 [main] DEBUG i.n.util.internal.PlatformDependent - Platform: Windows
16:40:32.888 [main] DEBUG i.n.util.internal.PlatformDependent - -Dio.netty.maxDirectMemory: -1 bytes
16:40:32.888 [main] DEBUG i.n.util.internal.PlatformDependent - -Dio.netty.uninitializedArrayAllocationThreshold: -1
16:40:32.889 [main] DEBUG io.netty.util.internal.CleanerJava9 - java.nio.ByteBuffer.cleaner(): available
16:40:32.889 [main] DEBUG i.n.util.internal.PlatformDependent - -Dio.netty.noPreferDirect: false
16:40:32.897 [main] DEBUG i.n.util.internal.PlatformDependent - org.jctools-core.MpscChunkedArrayQueue: available
16:40:32.914 [main] DEBUG i.n.u.i.InternalThreadLocalMap - -Dio.netty.threadLocalMap.stringBuilder.initialSize: 1024
16:40:32.914 [main] DEBUG i.n.u.i.InternalThreadLocalMap - -Dio.netty.threadLocalMap.stringBuilder.maxSize: 4096
16:40:32.964 [main] DEBUG io.netty.handler.ssl.JdkSslContext - Default protocols (JDK): [TLSv1.3, TLSv1.2, TLSv1.1, TLSv1] 
16:40:32.964 [main] DEBUG io.netty.handler.ssl.JdkSslContext - Default cipher suites (JDK): [TLS_ECDHE_ECDSA_WITH_AES_256_GCM_SHA384, TLS_ECDHE_ECDSA_WITH_AES_128_GCM_SHA256, TLS_ECDHE_RSA_WITH_AES_128_GCM_SHA256, TLS_ECDHE_RSA_WITH_AES_256_GCM_SHA384, TLS_ECDHE_RSA_WITH_AES_128_CBC_SHA, TLS_ECDHE_RSA_WITH_AES_256_CBC_SHA, TLS_RSA_WITH_AES_128_GCM_SHA256, TLS_RSA_WITH_AES_128_CBC_SHA, TLS_RSA_WITH_AES_256_CBC_SHA, TLS_AES_128_GCM_SHA256, TLS_AES_256_GCM_SHA384]
16:40:32.993 [main] DEBUG i.n.c.MultithreadEventLoopGroup - -Dio.netty.eventLoopThreads: 24
16:40:33.002 [main] DEBUG io.netty.channel.nio.NioEventLoop - -Dio.netty.noKeySetOptimization: false
16:40:33.002 [main] DEBUG io.netty.channel.nio.NioEventLoop - -Dio.netty.selectorAutoRebuildThreshold: 512
16:40:33.053 [main] DEBUG i.n.buffer.PooledByteBufAllocator - -Dio.netty.allocator.numHeapArenas: 24
16:40:33.053 [main] DEBUG i.n.buffer.PooledByteBufAllocator - -Dio.netty.allocator.numDirectArenas: 24
16:40:33.053 [main] DEBUG i.n.buffer.PooledByteBufAllocator - -Dio.netty.allocator.pageSize: 8192
16:40:33.053 [main] DEBUG i.n.buffer.PooledByteBufAllocator - -Dio.netty.allocator.maxOrder: 11
16:40:33.053 [main] DEBUG i.n.buffer.PooledByteBufAllocator - -Dio.netty.allocator.chunkSize: 16777216
16:40:33.054 [main] DEBUG i.n.buffer.PooledByteBufAllocator - -Dio.netty.allocator.smallCacheSize: 256
16:40:33.054 [main] DEBUG i.n.buffer.PooledByteBufAllocator - -Dio.netty.allocator.normalCacheSize: 64
16:40:33.054 [main] DEBUG i.n.buffer.PooledByteBufAllocator - -Dio.netty.allocator.maxCachedBufferCapacity: 32768
16:40:33.054 [main] DEBUG i.n.buffer.PooledByteBufAllocator - -Dio.netty.allocator.cacheTrimInterval: 8192
16:40:33.054 [main] DEBUG i.n.buffer.PooledByteBufAllocator - -Dio.netty.allocator.cacheTrimIntervalMillis: 0
16:40:33.054 [main] DEBUG i.n.buffer.PooledByteBufAllocator - -Dio.netty.allocator.useCacheForAllThreads: true
16:40:33.054 [main] DEBUG i.n.buffer.PooledByteBufAllocator - -Dio.netty.allocator.maxCachedByteBuffersPerChunk: 1023
16:40:33.065 [main] DEBUG io.netty.buffer.ByteBufUtil - -Dio.netty.allocator.type: pooled
16:40:33.065 [main] DEBUG io.netty.buffer.ByteBufUtil - -Dio.netty.threadLocalDirectBufferSize: 0
16:40:33.065 [main] DEBUG io.netty.buffer.ByteBufUtil - -Dio.netty.maxThreadLocalCharBufferSize: 16384
16:40:33.801 [Forwarding newSession on session null to remote] DEBUG io.netty.channel.DefaultChannelId - -Dio.netty.processId: 33080 (auto-detected)
16:40:33.803 [Forwarding newSession on session null to remote] DEBUG io.netty.util.NetUtil - -Djava.net.preferIPv4Stack: false
16:40:33.803 [Forwarding newSession on session null to remote] DEBUG io.netty.util.NetUtil - -Djava.net.preferIPv6Addresses: false
16:40:33.811 [Forwarding newSession on session null to remote] DEBUG io.netty.util.NetUtilInitializations - Loopback interface: lo (Software Loopback Interface 1, 127.0.0.1)
16:40:33.812 [Forwarding newSession on session null to remote] DEBUG io.netty.util.NetUtil - Failed to get SOMAXCONN from sysctl and file \proc\sys\net\core\somaxconn. Default: 200
16:40:33.826 [Forwarding newSession on session null to remote] DEBUG io.netty.channel.DefaultChannelId - -Dio.netty.machineId: 00:d8:61:ff:fe:9b:78:4c (auto-detected)
16:40:33.881 [AsyncHttpClient-1-2] DEBUG io.netty.buffer.AbstractByteBuf - -Dio.netty.buffer.checkAccessible: true
16:40:33.881 [AsyncHttpClient-1-2] DEBUG io.netty.buffer.AbstractByteBuf - -Dio.netty.buffer.checkBounds: true
16:40:33.881 [AsyncHttpClient-1-2] DEBUG i.n.util.ResourceLeakDetectorFactory - Loaded default ResourceLeakDetector: io.netty.util.ResourceLeakDetector@1f12f708
16:40:33.892 [AsyncHttpClient-1-2] DEBUG o.a.n.channel.NettyConnectListener - Using new Channel '[id: 0xf688517c, L:/127.0.0.1:53262 - R:localhost/127.0.0.1:65221]' for 'POST' to '/session'
16:40:33.911 [AsyncHttpClient-1-2] DEBUG io.netty.util.Recycler - -Dio.netty.recycler.maxCapacityPerThread: 4096
16:40:33.911 [AsyncHttpClient-1-2] DEBUG io.netty.util.Recycler - -Dio.netty.recycler.maxSharedCapacityFactor: 2
16:40:33.911 [AsyncHttpClient-1-2] DEBUG io.netty.util.Recycler - -Dio.netty.recycler.linkCapacity: 16
16:40:33.911 [AsyncHttpClient-1-2] DEBUG io.netty.util.Recycler - -Dio.netty.recycler.ratio: 8
16:40:33.911 [AsyncHttpClient-1-2] DEBUG io.netty.util.Recycler - -Dio.netty.recycler.delayedQueue.ratio: 8
16:40:34.612 [AsyncHttpClient-1-2] DEBUG i.n.handler.codec.compression.Brotli - brotli4j not in the classpath; Brotli support will be unavailable.
16:40:34.612 [AsyncHttpClient-1-2] DEBUG o.a.netty.handler.HttpHandler - 

Request DefaultHttpRequest(decodeResult: success, version: HTTP/1.1)
POST /session HTTP/1.1
User-Agent: selenium/4.1.2 (java windows)
Content-Length: 365
Content-Type: application/json; charset=utf-8
host: localhost:65221
accept: */*

Response DefaultHttpResponse(decodeResult: success, version: HTTP/1.1)
HTTP/1.1 200 OK
Content-Type: application/json; charset=utf-8
cache-control: no-cache
content-length: 795

16:40:34.618 [AsyncHttpClient-1-2] DEBUG o.a.netty.channel.ChannelManager - Adding key: http://localhost:65221 for channel [id: 0xf688517c, L:/127.0.0.1:53262 - R:localhost/127.0.0.1:65221]
16:40:34.683 [AsyncHttpClient-1-3] DEBUG o.a.n.channel.NettyConnectListener - Using new Channel '[id: 0xb6eb8145, L:/127.0.0.1:53269 - R:localhost/127.0.0.1:53263]' for 'GET' to '/json/version'
16:40:34.688 [AsyncHttpClient-1-3] DEBUG o.a.netty.handler.HttpHandler - 

Request DefaultFullHttpRequest(decodeResult: success, version: HTTP/1.1, content: EmptyByteBufBE)
GET /json/version HTTP/1.1
User-Agent: selenium/4.1.2 (java windows)
host: localhost:53263
accept: */*

Response DefaultHttpResponse(decodeResult: success, version: HTTP/1.1)
HTTP/1.1 200 OK
Content-Type: application/json; charset=UTF-8
content-length: 423

16:40:34.688 [AsyncHttpClient-1-3] DEBUG o.a.netty.channel.ChannelManager - Adding key: http://localhost:53263 for channel [id: 0xb6eb8145, L:/127.0.0.1:53269 - R:localhost/127.0.0.1:53263]
16:40:34.696 [main] DEBUG i.n.util.internal.ThreadLocalRandom - -Dio.netty.initialSeedUniquifier: 0xc791fbdc488de868
16:40:34.699 [AsyncHttpClient-1-4] DEBUG o.a.n.channel.NettyConnectListener - Using new Channel '[id: 0xa59db7d5, L:/127.0.0.1:53270 - R:localhost/127.0.0.1:53263]' for 'GET' to '/devtools/browser/c07088e3-7af2-46fe-a626-35710f813ca1'
16:40:34.703 [AsyncHttpClient-1-4] DEBUG o.a.netty.handler.WebSocketHandler - 

Request DefaultFullHttpRequest(decodeResult: success, version: HTTP/1.1, content: EmptyByteBufBE)
GET /devtools/browser/c07088e3-7af2-46fe-a626-35710f813ca1 HTTP/1.1
upgrade: websocket
connection: upgrade
sec-websocket-key: ClolzfQDsmgVuo97hWd4dA==
sec-websocket-version: 13
origin: http://localhost:53263
host: localhost:53263
accept: */*
user-agent: AHC/2.1

Response DefaultHttpResponse(decodeResult: success, version: HTTP/1.1)
HTTP/1.1 101 WebSocket Protocol Handshake
Upgrade: WebSocket
Connection: Upgrade
Sec-WebSocket-Accept: tX3T7Rvr6t3YQlg8XchHHZoDcnM=

16:40:34.737 [Forwarding deleteAllCookies on session fb93271d4cfd90ab860d6b61c9af0d51 to remote] DEBUG o.a.netty.request.NettyRequestSender - Using pooled Channel '[id: 0xf688517c, L:/127.0.0.1:53262 - R:localhost/127.0.0.1:65221]' for 'DELETE' to 'http://localhost:65221/session/fb93271d4cfd90ab860d6b61c9af0d51/cookie'
16:40:34.737 [Forwarding deleteAllCookies on session fb93271d4cfd90ab860d6b61c9af0d51 to remote] DEBUG o.a.netty.request.NettyRequestSender - Using open Channel [id: 0xf688517c, L:/127.0.0.1:53262 - R:localhost/127.0.0.1:65221] for DELETE '/session/fb93271d4cfd90ab860d6b61c9af0d51/cookie'
16:40:34.745 [AsyncHttpClient-1-2] DEBUG o.a.netty.handler.HttpHandler - 

Request DefaultFullHttpRequest(decodeResult: success, version: HTTP/1.1, content: EmptyByteBufBE)
DELETE /session/fb93271d4cfd90ab860d6b61c9af0d51/cookie HTTP/1.1
User-Agent: selenium/4.1.2 (java windows)
Content-Type: application/json; charset=utf-8
host: localhost:65221
accept: */*

Response DefaultHttpResponse(decodeResult: success, version: HTTP/1.1)
HTTP/1.1 200 OK
Content-Type: application/json; charset=utf-8
cache-control: no-cache
content-length: 14

16:40:34.745 [AsyncHttpClient-1-2] DEBUG o.a.netty.channel.ChannelManager - Adding key: http://localhost:65221 for channel [id: 0xf688517c, L:/127.0.0.1:53262 - R:localhost/127.0.0.1:65221]
16:40:34.751 [Forwarding maximizeCurrentWindow on session fb93271d4cfd90ab860d6b61c9af0d51 to remote] DEBUG o.a.netty.request.NettyRequestSender - Using pooled Channel '[id: 0xf688517c, L:/127.0.0.1:53262 - R:localhost/127.0.0.1:65221]' for 'POST' to 'http://localhost:65221/session/fb93271d4cfd90ab860d6b61c9af0d51/window/maximize'
16:40:34.751 [Forwarding maximizeCurrentWindow on session fb93271d4cfd90ab860d6b61c9af0d51 to remote] DEBUG o.a.netty.request.NettyRequestSender - Using open Channel [id: 0xf688517c, L:/127.0.0.1:53262 - R:localhost/127.0.0.1:65221] for POST '/session/fb93271d4cfd90ab860d6b61c9af0d51/window/maximize'
16:40:34.874 [AsyncHttpClient-1-2] DEBUG o.a.netty.handler.HttpHandler - 

Request DefaultHttpRequest(decodeResult: success, version: HTTP/1.1)
POST /session/fb93271d4cfd90ab860d6b61c9af0d51/window/maximize HTTP/1.1
User-Agent: selenium/4.1.2 (java windows)
Content-Length: 3
Content-Type: application/json; charset=utf-8
host: localhost:65221
accept: */*

Response DefaultHttpResponse(decodeResult: success, version: HTTP/1.1)
HTTP/1.1 200 OK
Content-Type: application/json; charset=utf-8
cache-control: no-cache
content-length: 52

16:40:34.875 [AsyncHttpClient-1-2] DEBUG o.a.netty.channel.ChannelManager - Adding key: http://localhost:65221 for channel [id: 0xf688517c, L:/127.0.0.1:53262 - R:localhost/127.0.0.1:65221]
16:40:35.109 [AsyncHttpClient-1-1] DEBUG o.a.netty.channel.DefaultChannelPool - Entry count for : http://localhost:65221 : 1
16:40:35.109 [AsyncHttpClient-1-1] DEBUG o.a.netty.channel.DefaultChannelPool - Entry count for : http://localhost:53263 : 1
  &amp#27;[32mGiven &amp#27;[0m&amp#27;[32mI perform GET operation for "&amp#27;[0m&amp#27;[32m&amp#27;[1m/posts&amp#27;[0m&amp#27;[32m"&amp#27;[0m &amp#27;[90m# stepdefinitions.GetPostSteps.i_perform_get_operation_for(java.lang.String)&amp#27;[0m
16:40:36.202 [AsyncHttpClient-1-1] DEBUG o.a.netty.channel.DefaultChannelPool - Entry count for : http://localhost:65221 : 1
16:40:36.202 [AsyncHttpClient-1-1] DEBUG o.a.netty.channel.DefaultChannelPool - Entry count for : http://localhost:53263 : 1
  &amp#27;[32mWhen &amp#27;[0m&amp#27;[32mI perform GET for the post number "&amp#27;[0m&amp#27;[32m&amp#27;[1m2&amp#27;[0m&amp#27;[32m"&amp#27;[0m &amp#27;[90m# stepdefinitions.GetPostSteps.i_perform_get_for_the_post_number(java.lang.String)&amp#27;[0m
  &amp#27;[32mThen &amp#27;[0m&amp#27;[32mI should see the author name as "&amp#27;[0m&amp#27;[32m&amp#27;[1mapi&amp#27;[0m&amp#27;[32m"&amp#27;[0m &amp#27;[90m# stepdefinitions.GetPostSteps.i_should_see_the_author_name_as(java.lang.String)&amp#27;[0m
16:40:36.827 [Driver Command Executor] DEBUG o.a.netty.request.NettyRequestSender - Using pooled Channel '[id: 0xf688517c, L:/127.0.0.1:53262 - R:localhost/127.0.0.1:65221]' for 'DELETE' to 'http://localhost:65221/session/fb93271d4cfd90ab860d6b61c9af0d51'
16:40:36.827 [Driver Command Executor] DEBUG o.a.netty.request.NettyRequestSender - Using open Channel [id: 0xf688517c, L:/127.0.0.1:53262 - R:localhost/127.0.0.1:65221] for DELETE '/session/fb93271d4cfd90ab860d6b61c9af0d51'
16:40:36.828 [AsyncHttpClient-1-4] DEBUG o.a.netty.handler.WebSocketHandler - Channel Closed: [id: 0xa59db7d5, L:/127.0.0.1:53270 ! R:localhost/127.0.0.1:53263] with attribute NettyResponseFuture{currentRetry=5,
	isDone=1,
	isCancelled=0,
	asyncHandler=org.asynchttpclient.ws.WebSocketUpgradeHandler@41d557ad,
	nettyRequest=org.asynchttpclient.netty.request.NettyRequest@12285307,
	future=java.util.concurrent.CompletableFuture@ac67d39[Completed normally],
	uri=ws://localhost:53263/devtools/browser/c07088e3-7af2-46fe-a626-35710f813ca1,
	keepAlive=true,
	redirectCount=0,
	timeoutsHolder=null,
	inAuth=0,
	touch=1648197634713}
16:40:36.829 [AsyncHttpClient-1-4] DEBUG o.a.netty.channel.ChannelManager - Closing Channel [id: 0xa59db7d5, L:/127.0.0.1:53270 ! R:localhost/127.0.0.1:53263] 
16:40:36.860 [AsyncHttpClient-1-3] DEBUG o.a.netty.handler.HttpHandler - Unexpected I/O exception on channel [id: 0xb6eb8145, L:/127.0.0.1:53269 - R:localhost/127.0.0.1:53263]
java.net.SocketException: Connection reset
	at java.base/sun.nio.ch.SocketChannelImpl.throwConnectionReset(SocketChannelImpl.java:367) ~[na:na]
	at java.base/sun.nio.ch.SocketChannelImpl.read(SocketChannelImpl.java:398) ~[na:na]
	at io.netty.buffer.PooledByteBuf.setBytes(PooledByteBuf.java:253) ~[netty-buffer-4.1.70.Final.jar:4.1.70.Final]
	at io.netty.buffer.AbstractByteBuf.writeBytes(AbstractByteBuf.java:1132) ~[netty-buffer-4.1.70.Final.jar:4.1.70.Final]
	at io.netty.channel.socket.nio.NioSocketChannel.doReadBytes(NioSocketChannel.java:350) ~[netty-transport-4.1.70.Final.jar:4.1.70.Final]
	at io.netty.channel.nio.AbstractNioByteChannel$NioByteUnsafe.read(AbstractNioByteChannel.java:151) ~[netty-transport-4.1.70.Final.jar:4.1.70.Final]
	at io.netty.channel.nio.NioEventLoop.processSelectedKey(NioEventLoop.java:719) ~[netty-transport-4.1.70.Final.jar:4.1.70.Final]
	at io.netty.channel.nio.NioEventLoop.processSelectedKeysOptimized(NioEventLoop.java:655) ~[netty-transport-4.1.70.Final.jar:4.1.70.Final]
	at io.netty.channel.nio.NioEventLoop.processSelectedKeys(NioEventLoop.java:581) ~[netty-transport-4.1.70.Final.jar:4.1.70.Final]
	at io.netty.channel.nio.NioEventLoop.run(NioEventLoop.java:493) ~[netty-transport-4.1.70.Final.jar:4.1.70.Final]
	at io.netty.util.concurrent.SingleThreadEventExecutor$4.run(SingleThreadEventExecutor.java:986) ~[netty-common-4.1.70.Final.jar:4.1.70.Final]
	at io.netty.util.internal.ThreadExecutorMap$2.run(ThreadExecutorMap.java:74) ~[netty-common-4.1.70.Final.jar:4.1.70.Final]
	at io.netty.util.concurrent.FastThreadLocalRunnable.run(FastThreadLocalRunnable.java:30) ~[netty-common-4.1.70.Final.jar:4.1.70.Final]
	at java.base/java.lang.Thread.run(Thread.java:832) ~[na:na]
16:40:36.861 [AsyncHttpClient-1-3] DEBUG o.a.netty.channel.ChannelManager - Closing Channel [id: 0xb6eb8145, L:/127.0.0.1:53269 - R:localhost/127.0.0.1:53263] 
16:40:36.862 [AsyncHttpClient-1-3] DEBUG o.a.netty.handler.HttpHandler - Channel Closed: [id: 0xb6eb8145, L:/127.0.0.1:53269 ! R:localhost/127.0.0.1:53263] with attribute DISCARD
16:40:36.873 [AsyncHttpClient-1-2] DEBUG o.a.netty.handler.HttpHandler - 

Request DefaultFullHttpRequest(decodeResult: success, version: HTTP/1.1, content: EmptyByteBufBE)
DELETE /session/fb93271d4cfd90ab860d6b61c9af0d51 HTTP/1.1
User-Agent: selenium/4.1.2 (java windows)
Content-Type: application/json; charset=utf-8
host: localhost:65221
accept: */*

Response DefaultHttpResponse(decodeResult: success, version: HTTP/1.1)
HTTP/1.1 200 OK
Content-Type: application/json; charset=utf-8
cache-control: no-cache
content-length: 14

16:40:36.874 [AsyncHttpClient-1-2] DEBUG o.a.netty.channel.ChannelManager - Adding key: http://localhost:65221 for channel [id: 0xf688517c, L:/127.0.0.1:53262 - R:localhost/127.0.0.1:65221]
16:40:36.919 [AsyncHttpClient-1-2] DEBUG o.a.netty.handler.HttpHandler - Channel Closed: [id: 0xf688517c, L:/127.0.0.1:53262 ! R:localhost/127.0.0.1:65221] with attribute DISCARD
16:40:37.304 [AsyncHttpClient-1-1] DEBUG o.a.netty.channel.DefaultChannelPool - Entry count for : http://localhost:65221 : 1
16:40:37.304 [AsyncHttpClient-1-1] DEBUG o.a.netty.channel.DefaultChannelPool - Entry count for : http://localhost:53263 : 1
16:40:37.304 [AsyncHttpClient-1-1] DEBUG o.a.netty.channel.DefaultChannelPool - Adding Candidate expired Channel [id: 0xf688517c, L:/127.0.0.1:53262 ! R:localhost/127.0.0.1:65221] isIdleTimeoutExpired=false isRemotelyClosed=true isTtlExpired=false
16:40:37.304 [AsyncHttpClient-1-1] DEBUG o.a.netty.channel.DefaultChannelPool - Closing Idle Channel [id: 0xf688517c, L:/127.0.0.1:53262 ! R:localhost/127.0.0.1:65221]
16:40:37.305 [AsyncHttpClient-1-1] DEBUG o.a.netty.channel.DefaultChannelPool - Adding Candidate expired Channel [id: 0xb6eb8145, L:/127.0.0.1:53269 ! R:localhost/127.0.0.1:53263] isIdleTimeoutExpired=false isRemotelyClosed=true isTtlExpired=false
16:40:37.305 [AsyncHttpClient-1-1] DEBUG o.a.netty.channel.DefaultChannelPool - Closing Idle Channel [id: 0xb6eb8145, L:/127.0.0.1:53269 ! R:localhost/127.0.0.1:53263]
16:40:37.305 [AsyncHttpClient-1-1] DEBUG o.a.netty.channel.DefaultChannelPool - Closed 2 connections out of 2 in 1 ms
16:40:37.452 [main] INFO   - 
  _____   ___   ___   _____     ___     _     ___   ___   ___   ___  
 |_   _| | __| / __| |_   _|   | _ \   /_\   / __| / __| | __| |   \ 
   | |   | _|  \__ \   | |     |  _/  / _ \  \__ \ \__ \ | _|  | |) |
   |_|   |___| |___/   |_|     |_|   /_/ \_\ |___/ |___/ |___| |___/ 

Verify one author of the post
----------------------------------------------------------------------
]]></system-out>
    <system-err><![CDATA[log4j:WARN No appenders could be found for logger (hooks.apphooks).
log4j:WARN Please initialize the log4j system properly.
log4j:WARN See http://logging.apache.org/log4j/1.2/faq.html#noconfig for more info.
Starting ChromeDriver 99.0.4844.51 (d537ec02474b5afe23684e7963d538896c63ac77-refs/branch-heads/4844@{#875}) on port 65221
Only local connections are allowed.
Please see https://chromedriver.chromium.org/security-considerations for suggestions on keeping ChromeDriver safe.
ChromeDriver was started successfully.
Mar 25, 2022 4:40:34 PM org.openqa.selenium.remote.ProtocolHandshake createSession
INFO: Detected dialect: W3C
Mar 25, 2022 4:40:34 PM org.openqa.selenium.devtools.CdpVersionFinder findNearestMatch
WARNING: Unable to find an exact match for CDP version 99, so returning the closest version found: 96
Mar 25, 2022 4:40:34 PM org.openqa.selenium.devtools.CdpVersionFinder findNearestMatch
INFO: Found CDP implementation for version 99 of 96
]]></system-err>
  </testcase>
  <testcase name="Login fail possible combinations" classname="Test Invalid User Credentials Feature" time="37.049">
    <system-out><![CDATA[16:40:37.457 [main] INFO  i.c.core.plugin.SerenityReporter - Running feature from file:///Z:/Automation/JavaCucumber/BDD_HCL/CucumberHCL/src/main/resources/AppFeatures/ValidateAndVerifyInvalidLogin.feature
16:40:37.458 [main] WARN  i.c.core.plugin.SerenityReporter - Feature from file:///Z:/Automation/JavaCucumber/BDD_HCL/CucumberHCL/src/main/resources/AppFeatures/ValidateAndVerifyInvalidLogin.feature is not under the 'features' directory. Requirements report will not be correctly generated!
16:40:37.460 [main] DEBUG n.thucydides.core.steps.StepEventBus - Test suite started for story net.thucydides.core.model.Story@b13a1f46
16:40:37.461 [main] INFO   - Test Suite Started: Test Invalid User Credentials Feature

@All @testInvalid
Scenario Outline: Login fail possible combinations                                                                                   &amp#27;[90m# src/main/resources/AppFeatures/ValidateAndVerifyInvalidLogin.feature:15&amp#27;[0m
16:40:37.478 [main] INFO  i.c.core.plugin.SerenityReporter - Running feature from file:///Z:/Automation/JavaCucumber/BDD_HCL/CucumberHCL/src/main/resources/AppFeatures/ValidateAndVerifyInvalidLogin.feature
16:40:37.478 [main] WARN  i.c.core.plugin.SerenityReporter - Feature from file:///Z:/Automation/JavaCucumber/BDD_HCL/CucumberHCL/src/main/resources/AppFeatures/ValidateAndVerifyInvalidLogin.feature is not under the 'features' directory. Requirements report will not be correctly generated!
16:40:37.490 [main] INFO   - 
  _____   ___   ___   _____     ___   _____     _     ___   _____   ___   ___  
 |_   _| | __| / __| |_   _|   / __| |_   _|   /_\   | _ \ |_   _| | __| |   \ 
   | |   | _|  \__ \   | |     \__ \   | |    / _ \  |   /   | |   | _|  | |) |
   |_|   |___| |___/   |_|     |___/   |_|   /_/ \_\ |_|_\   |_|   |___| |___/ 

Login fail possible combinations(test-invalid-user-credentials-feature;login-fail-possible-combinations)
--------------------------------------------------------------------------------
16:40:37.502 [main] DEBUG com.pages.drivers.DriversFactory - Initialize Driver Browser Configuration
16:40:37.502 [main] DEBUG com.pages.drivers.DriversFactory -  Driver Browser : chrome
16:40:37.515 [main] DEBUG i.g.bonigarcia.wdm.WebDriverManager - Driver chromedriver 99.0.4844.51 found in cache
16:40:37.516 [main] INFO  i.g.bonigarcia.wdm.WebDriverManager - Exporting webdriver.chrome.driver as C:\Users\DheyClaveria\.cache\selenium\chromedriver\win32\99.0.4844.51\chromedriver.exe
16:40:38.059 [AsyncHttpClient-1-5] DEBUG o.a.n.channel.NettyConnectListener - Using new Channel '[id: 0x392d8bfc, L:/127.0.0.1:53278 - R:localhost/127.0.0.1:58660]' for 'POST' to '/session'
16:40:38.748 [AsyncHttpClient-1-5] DEBUG o.a.netty.handler.HttpHandler - 

Request DefaultHttpRequest(decodeResult: success, version: HTTP/1.1)
POST /session HTTP/1.1
User-Agent: selenium/4.1.2 (java windows)
Content-Length: 365
Content-Type: application/json; charset=utf-8
host: localhost:58660
accept: */*

Response DefaultHttpResponse(decodeResult: success, version: HTTP/1.1)
HTTP/1.1 200 OK
Content-Type: application/json; charset=utf-8
cache-control: no-cache
content-length: 794

16:40:38.748 [AsyncHttpClient-1-5] DEBUG o.a.netty.channel.ChannelManager - Adding key: http://localhost:58660 for channel [id: 0x392d8bfc, L:/127.0.0.1:53278 - R:localhost/127.0.0.1:58660]
16:40:38.756 [AsyncHttpClient-1-6] DEBUG o.a.n.channel.NettyConnectListener - Using new Channel '[id: 0x6624d7d2, L:/127.0.0.1:53285 - R:localhost/127.0.0.1:53279]' for 'GET' to '/json/version'
16:40:38.760 [AsyncHttpClient-1-6] DEBUG o.a.netty.handler.HttpHandler - 

Request DefaultFullHttpRequest(decodeResult: success, version: HTTP/1.1, content: EmptyByteBufBE)
GET /json/version HTTP/1.1
User-Agent: selenium/4.1.2 (java windows)
host: localhost:53279
accept: */*

Response DefaultHttpResponse(decodeResult: success, version: HTTP/1.1)
HTTP/1.1 200 OK
Content-Type: application/json; charset=UTF-8
content-length: 423

16:40:38.761 [AsyncHttpClient-1-6] DEBUG o.a.netty.channel.ChannelManager - Adding key: http://localhost:53279 for channel [id: 0x6624d7d2, L:/127.0.0.1:53285 - R:localhost/127.0.0.1:53279]
16:40:38.764 [AsyncHttpClient-1-7] DEBUG o.a.n.channel.NettyConnectListener - Using new Channel '[id: 0xfa2bf4c4, L:/127.0.0.1:53286 - R:localhost/127.0.0.1:53279]' for 'GET' to '/devtools/browser/4edf3ac0-e098-4ecd-82e8-71e86d832625'
16:40:38.768 [AsyncHttpClient-1-7] DEBUG o.a.netty.handler.WebSocketHandler - 

Request DefaultFullHttpRequest(decodeResult: success, version: HTTP/1.1, content: EmptyByteBufBE)
GET /devtools/browser/4edf3ac0-e098-4ecd-82e8-71e86d832625 HTTP/1.1
upgrade: websocket
connection: upgrade
sec-websocket-key: hvEeKV2WzYkV4J/vq1lLZg==
sec-websocket-version: 13
origin: http://localhost:53279
host: localhost:53279
accept: */*
user-agent: AHC/2.1

Response DefaultHttpResponse(decodeResult: success, version: HTTP/1.1)
HTTP/1.1 101 WebSocket Protocol Handshake
Upgrade: WebSocket
Connection: Upgrade
Sec-WebSocket-Accept: oyNIUxZtgtu32r2MYoXmB+f+vgA=

16:40:38.773 [Forwarding deleteAllCookies on session c6001ee48c420b967e4eeec3a75289c8 to remote] DEBUG o.a.netty.request.NettyRequestSender - Using pooled Channel '[id: 0x392d8bfc, L:/127.0.0.1:53278 - R:localhost/127.0.0.1:58660]' for 'DELETE' to 'http://localhost:58660/session/c6001ee48c420b967e4eeec3a75289c8/cookie'
16:40:38.773 [Forwarding deleteAllCookies on session c6001ee48c420b967e4eeec3a75289c8 to remote] DEBUG o.a.netty.request.NettyRequestSender - Using open Channel [id: 0x392d8bfc, L:/127.0.0.1:53278 - R:localhost/127.0.0.1:58660] for DELETE '/session/c6001ee48c420b967e4eeec3a75289c8/cookie'
16:40:38.778 [AsyncHttpClient-1-5] DEBUG o.a.netty.handler.HttpHandler - 

Request DefaultFullHttpRequest(decodeResult: success, version: HTTP/1.1, content: EmptyByteBufBE)
DELETE /session/c6001ee48c420b967e4eeec3a75289c8/cookie HTTP/1.1
User-Agent: selenium/4.1.2 (java windows)
Content-Type: application/json; charset=utf-8
host: localhost:58660
accept: */*

Response DefaultHttpResponse(decodeResult: success, version: HTTP/1.1)
HTTP/1.1 200 OK
Content-Type: application/json; charset=utf-8
cache-control: no-cache
content-length: 14

16:40:38.779 [AsyncHttpClient-1-5] DEBUG o.a.netty.channel.ChannelManager - Adding key: http://localhost:58660 for channel [id: 0x392d8bfc, L:/127.0.0.1:53278 - R:localhost/127.0.0.1:58660]
16:40:38.780 [Forwarding maximizeCurrentWindow on session c6001ee48c420b967e4eeec3a75289c8 to remote] DEBUG o.a.netty.request.NettyRequestSender - Using pooled Channel '[id: 0x392d8bfc, L:/127.0.0.1:53278 - R:localhost/127.0.0.1:58660]' for 'POST' to 'http://localhost:58660/session/c6001ee48c420b967e4eeec3a75289c8/window/maximize'
16:40:38.780 [Forwarding maximizeCurrentWindow on session c6001ee48c420b967e4eeec3a75289c8 to remote] DEBUG o.a.netty.request.NettyRequestSender - Using open Channel [id: 0x392d8bfc, L:/127.0.0.1:53278 - R:localhost/127.0.0.1:58660] for POST '/session/c6001ee48c420b967e4eeec3a75289c8/window/maximize'
16:40:38.912 [AsyncHttpClient-1-5] DEBUG o.a.netty.handler.HttpHandler - 

Request DefaultHttpRequest(decodeResult: success, version: HTTP/1.1)
POST /session/c6001ee48c420b967e4eeec3a75289c8/window/maximize HTTP/1.1
User-Agent: selenium/4.1.2 (java windows)
Content-Length: 3
Content-Type: application/json; charset=utf-8
host: localhost:58660
accept: */*

Response DefaultHttpResponse(decodeResult: success, version: HTTP/1.1)
HTTP/1.1 200 OK
Content-Type: application/json; charset=utf-8
cache-control: no-cache
content-length: 52

16:40:38.912 [AsyncHttpClient-1-5] DEBUG o.a.netty.channel.ChannelManager - Adding key: http://localhost:58660 for channel [id: 0x392d8bfc, L:/127.0.0.1:53278 - R:localhost/127.0.0.1:58660]
16:40:38.922 [Forwarding get on session c6001ee48c420b967e4eeec3a75289c8 to remote] DEBUG o.a.netty.request.NettyRequestSender - Using pooled Channel '[id: 0x392d8bfc, L:/127.0.0.1:53278 - R:localhost/127.0.0.1:58660]' for 'POST' to 'http://localhost:58660/session/c6001ee48c420b967e4eeec3a75289c8/url'
16:40:38.922 [Forwarding get on session c6001ee48c420b967e4eeec3a75289c8 to remote] DEBUG o.a.netty.request.NettyRequestSender - Using open Channel [id: 0x392d8bfc, L:/127.0.0.1:53278 - R:localhost/127.0.0.1:58660] for POST '/session/c6001ee48c420b967e4eeec3a75289c8/url'
16:40:39.096 [AsyncHttpClient-1-5] DEBUG o.a.netty.handler.HttpHandler - 

Request DefaultHttpRequest(decodeResult: success, version: HTTP/1.1)
POST /session/c6001ee48c420b967e4eeec3a75289c8/url HTTP/1.1
User-Agent: selenium/4.1.2 (java windows)
Content-Length: 148
Content-Type: application/json; charset=utf-8
host: localhost:58660
accept: */*

Response DefaultHttpResponse(decodeResult: success, version: HTTP/1.1)
HTTP/1.1 200 OK
Content-Type: application/json; charset=utf-8
cache-control: no-cache
content-length: 14

16:40:39.096 [AsyncHttpClient-1-5] DEBUG o.a.netty.channel.ChannelManager - Adding key: http://localhost:58660 for channel [id: 0x392d8bfc, L:/127.0.0.1:53278 - R:localhost/127.0.0.1:58660]
16:40:39.098 [Forwarding getTitle on session c6001ee48c420b967e4eeec3a75289c8 to remote] DEBUG o.a.netty.request.NettyRequestSender - Using pooled Channel '[id: 0x392d8bfc, L:/127.0.0.1:53278 - R:localhost/127.0.0.1:58660]' for 'GET' to 'http://localhost:58660/session/c6001ee48c420b967e4eeec3a75289c8/title'
16:40:39.098 [Forwarding getTitle on session c6001ee48c420b967e4eeec3a75289c8 to remote] DEBUG o.a.netty.request.NettyRequestSender - Using open Channel [id: 0x392d8bfc, L:/127.0.0.1:53278 - R:localhost/127.0.0.1:58660] for GET '/session/c6001ee48c420b967e4eeec3a75289c8/title'
16:40:39.103 [AsyncHttpClient-1-5] DEBUG o.a.netty.handler.HttpHandler - 

Request DefaultFullHttpRequest(decodeResult: success, version: HTTP/1.1, content: EmptyByteBufBE)
GET /session/c6001ee48c420b967e4eeec3a75289c8/title HTTP/1.1
User-Agent: selenium/4.1.2 (java windows)
Cache-Control: no-cache
Content-Type: application/json; charset=utf-8
host: localhost:58660
accept: */*

Response DefaultHttpResponse(decodeResult: success, version: HTTP/1.1)
HTTP/1.1 200 OK
Content-Type: application/json; charset=utf-8
cache-control: no-cache
content-length: 22

16:40:39.103 [AsyncHttpClient-1-5] DEBUG o.a.netty.channel.ChannelManager - Adding key: http://localhost:58660 for channel [id: 0x392d8bfc, L:/127.0.0.1:53278 - R:localhost/127.0.0.1:58660]
16:40:39.108 [Forwarding getTitle on session c6001ee48c420b967e4eeec3a75289c8 to remote] DEBUG o.a.netty.request.NettyRequestSender - Using pooled Channel '[id: 0x392d8bfc, L:/127.0.0.1:53278 - R:localhost/127.0.0.1:58660]' for 'GET' to 'http://localhost:58660/session/c6001ee48c420b967e4eeec3a75289c8/title'
16:40:39.108 [Forwarding getTitle on session c6001ee48c420b967e4eeec3a75289c8 to remote] DEBUG o.a.netty.request.NettyRequestSender - Using open Channel [id: 0x392d8bfc, L:/127.0.0.1:53278 - R:localhost/127.0.0.1:58660] for GET '/session/c6001ee48c420b967e4eeec3a75289c8/title'
16:40:39.111 [AsyncHttpClient-1-5] DEBUG o.a.netty.handler.HttpHandler - 

Request DefaultFullHttpRequest(decodeResult: success, version: HTTP/1.1, content: EmptyByteBufBE)
GET /session/c6001ee48c420b967e4eeec3a75289c8/title HTTP/1.1
User-Agent: selenium/4.1.2 (java windows)
Cache-Control: no-cache
Content-Type: application/json; charset=utf-8
host: localhost:58660
accept: */*

Response DefaultHttpResponse(decodeResult: success, version: HTTP/1.1)
HTTP/1.1 200 OK
Content-Type: application/json; charset=utf-8
cache-control: no-cache
content-length: 22

16:40:39.111 [AsyncHttpClient-1-5] DEBUG o.a.netty.channel.ChannelManager - Adding key: http://localhost:58660 for channel [id: 0x392d8bfc, L:/127.0.0.1:53278 - R:localhost/127.0.0.1:58660]
16:40:39.514 [AsyncHttpClient-1-1] DEBUG o.a.netty.channel.DefaultChannelPool - Entry count for : http://localhost:58660 : 1
16:40:39.514 [AsyncHttpClient-1-1] DEBUG o.a.netty.channel.DefaultChannelPool - Entry count for : http://localhost:53279 : 1
16:40:40.615 [AsyncHttpClient-1-1] DEBUG o.a.netty.channel.DefaultChannelPool - Entry count for : http://localhost:58660 : 1
16:40:40.615 [AsyncHttpClient-1-1] DEBUG o.a.netty.channel.DefaultChannelPool - Entry count for : http://localhost:53279 : 1
16:40:41.714 [AsyncHttpClient-1-1] DEBUG o.a.netty.channel.DefaultChannelPool - Entry count for : http://localhost:58660 : 1
16:40:41.714 [AsyncHttpClient-1-1] DEBUG o.a.netty.channel.DefaultChannelPool - Entry count for : http://localhost:53279 : 1
16:40:42.813 [AsyncHttpClient-1-1] DEBUG o.a.netty.channel.DefaultChannelPool - Entry count for : http://localhost:58660 : 1
16:40:42.813 [AsyncHttpClient-1-1] DEBUG o.a.netty.channel.DefaultChannelPool - Entry count for : http://localhost:53279 : 1
16:40:43.904 [AsyncHttpClient-1-1] DEBUG o.a.netty.channel.DefaultChannelPool - Entry count for : http://localhost:58660 : 1
16:40:43.904 [AsyncHttpClient-1-1] DEBUG o.a.netty.channel.DefaultChannelPool - Entry count for : http://localhost:53279 : 1
  &amp#27;[32mGiven &amp#27;[0m&amp#27;[32mthat the user should navigate in PEGA Login Page&amp#27;[0m                                                                             &amp#27;[90m# stepdefinitions.LoginPageSteps.that_the_user_should_navigate_in_pega_login_page()&amp#27;[0m
16:40:44.129 [Forwarding findElement on session c6001ee48c420b967e4eeec3a75289c8 to remote] DEBUG o.a.netty.request.NettyRequestSender - Using pooled Channel '[id: 0x392d8bfc, L:/127.0.0.1:53278 - R:localhost/127.0.0.1:58660]' for 'POST' to 'http://localhost:58660/session/c6001ee48c420b967e4eeec3a75289c8/element'
16:40:44.129 [Forwarding findElement on session c6001ee48c420b967e4eeec3a75289c8 to remote] DEBUG o.a.netty.request.NettyRequestSender - Using open Channel [id: 0x392d8bfc, L:/127.0.0.1:53278 - R:localhost/127.0.0.1:58660] for POST '/session/c6001ee48c420b967e4eeec3a75289c8/element'
16:40:44.144 [AsyncHttpClient-1-5] DEBUG o.a.netty.handler.HttpHandler - 

Request DefaultHttpRequest(decodeResult: success, version: HTTP/1.1)
POST /session/c6001ee48c420b967e4eeec3a75289c8/element HTTP/1.1
User-Agent: selenium/4.1.2 (java windows)
Content-Length: 128
Content-Type: application/json; charset=utf-8
host: localhost:58660
accept: */*

Response DefaultHttpResponse(decodeResult: success, version: HTTP/1.1)
HTTP/1.1 200 OK
Content-Type: application/json; charset=utf-8
cache-control: no-cache
content-length: 88

16:40:44.145 [AsyncHttpClient-1-5] DEBUG o.a.netty.channel.ChannelManager - Adding key: http://localhost:58660 for channel [id: 0x392d8bfc, L:/127.0.0.1:53278 - R:localhost/127.0.0.1:58660]
16:40:44.157 [Forwarding isElementDisplayed on session c6001ee48c420b967e4eeec3a75289c8 to remote] DEBUG o.a.netty.request.NettyRequestSender - Using pooled Channel '[id: 0x392d8bfc, L:/127.0.0.1:53278 - R:localhost/127.0.0.1:58660]' for 'POST' to 'http://localhost:58660/session/c6001ee48c420b967e4eeec3a75289c8/execute/sync'
16:40:44.158 [Forwarding isElementDisplayed on session c6001ee48c420b967e4eeec3a75289c8 to remote] DEBUG o.a.netty.request.NettyRequestSender - Using open Channel [id: 0x392d8bfc, L:/127.0.0.1:53278 - R:localhost/127.0.0.1:58660] for POST '/session/c6001ee48c420b967e4eeec3a75289c8/execute/sync'
16:40:44.181 [AsyncHttpClient-1-5] DEBUG o.a.netty.handler.HttpHandler - 

Request DefaultHttpRequest(decodeResult: success, version: HTTP/1.1)
POST /session/c6001ee48c420b967e4eeec3a75289c8/execute/sync HTTP/1.1
User-Agent: selenium/4.1.2 (java windows)
Content-Length: 48780
Content-Type: application/json; charset=utf-8
host: localhost:58660
accept: */*

Response DefaultHttpResponse(decodeResult: success, version: HTTP/1.1)
HTTP/1.1 200 OK
Content-Type: application/json; charset=utf-8
cache-control: no-cache
content-length: 14

16:40:44.181 [AsyncHttpClient-1-5] DEBUG o.a.netty.channel.ChannelManager - Adding key: http://localhost:58660 for channel [id: 0x392d8bfc, L:/127.0.0.1:53278 - R:localhost/127.0.0.1:58660]
16:40:44.183 [Forwarding findElement on session c6001ee48c420b967e4eeec3a75289c8 to remote] DEBUG o.a.netty.request.NettyRequestSender - Using pooled Channel '[id: 0x392d8bfc, L:/127.0.0.1:53278 - R:localhost/127.0.0.1:58660]' for 'POST' to 'http://localhost:58660/session/c6001ee48c420b967e4eeec3a75289c8/element'
16:40:44.183 [Forwarding findElement on session c6001ee48c420b967e4eeec3a75289c8 to remote] DEBUG o.a.netty.request.NettyRequestSender - Using open Channel [id: 0x392d8bfc, L:/127.0.0.1:53278 - R:localhost/127.0.0.1:58660] for POST '/session/c6001ee48c420b967e4eeec3a75289c8/element'
16:40:44.190 [AsyncHttpClient-1-5] DEBUG o.a.netty.handler.HttpHandler - 

Request DefaultHttpRequest(decodeResult: success, version: HTTP/1.1)
POST /session/c6001ee48c420b967e4eeec3a75289c8/element HTTP/1.1
User-Agent: selenium/4.1.2 (java windows)
Content-Length: 128
Content-Type: application/json; charset=utf-8
host: localhost:58660
accept: */*

Response DefaultHttpResponse(decodeResult: success, version: HTTP/1.1)
HTTP/1.1 200 OK
Content-Type: application/json; charset=utf-8
cache-control: no-cache
content-length: 88

16:40:44.190 [AsyncHttpClient-1-5] DEBUG o.a.netty.channel.ChannelManager - Adding key: http://localhost:58660 for channel [id: 0x392d8bfc, L:/127.0.0.1:53278 - R:localhost/127.0.0.1:58660]
16:40:44.196 [Forwarding isElementDisplayed on session c6001ee48c420b967e4eeec3a75289c8 to remote] DEBUG o.a.netty.request.NettyRequestSender - Using pooled Channel '[id: 0x392d8bfc, L:/127.0.0.1:53278 - R:localhost/127.0.0.1:58660]' for 'POST' to 'http://localhost:58660/session/c6001ee48c420b967e4eeec3a75289c8/execute/sync'
16:40:44.196 [Forwarding isElementDisplayed on session c6001ee48c420b967e4eeec3a75289c8 to remote] DEBUG o.a.netty.request.NettyRequestSender - Using open Channel [id: 0x392d8bfc, L:/127.0.0.1:53278 - R:localhost/127.0.0.1:58660] for POST '/session/c6001ee48c420b967e4eeec3a75289c8/execute/sync'
16:40:44.210 [AsyncHttpClient-1-5] DEBUG o.a.netty.handler.HttpHandler - 

Request DefaultHttpRequest(decodeResult: success, version: HTTP/1.1)
POST /session/c6001ee48c420b967e4eeec3a75289c8/execute/sync HTTP/1.1
User-Agent: selenium/4.1.2 (java windows)
Content-Length: 48780
Content-Type: application/json; charset=utf-8
host: localhost:58660
accept: */*

Response DefaultHttpResponse(decodeResult: success, version: HTTP/1.1)
HTTP/1.1 200 OK
Content-Type: application/json; charset=utf-8
cache-control: no-cache
content-length: 14

16:40:44.210 [AsyncHttpClient-1-5] DEBUG o.a.netty.channel.ChannelManager - Adding key: http://localhost:58660 for channel [id: 0x392d8bfc, L:/127.0.0.1:53278 - R:localhost/127.0.0.1:58660]
16:40:44.212 [Forwarding findElement on session c6001ee48c420b967e4eeec3a75289c8 to remote] DEBUG o.a.netty.request.NettyRequestSender - Using pooled Channel '[id: 0x392d8bfc, L:/127.0.0.1:53278 - R:localhost/127.0.0.1:58660]' for 'POST' to 'http://localhost:58660/session/c6001ee48c420b967e4eeec3a75289c8/element'
16:40:44.212 [Forwarding findElement on session c6001ee48c420b967e4eeec3a75289c8 to remote] DEBUG o.a.netty.request.NettyRequestSender - Using open Channel [id: 0x392d8bfc, L:/127.0.0.1:53278 - R:localhost/127.0.0.1:58660] for POST '/session/c6001ee48c420b967e4eeec3a75289c8/element'
16:40:44.219 [AsyncHttpClient-1-5] DEBUG o.a.netty.handler.HttpHandler - 

Request DefaultHttpRequest(decodeResult: success, version: HTTP/1.1)
POST /session/c6001ee48c420b967e4eeec3a75289c8/element HTTP/1.1
User-Agent: selenium/4.1.2 (java windows)
Content-Length: 128
Content-Type: application/json; charset=utf-8
host: localhost:58660
accept: */*

Response DefaultHttpResponse(decodeResult: success, version: HTTP/1.1)
HTTP/1.1 200 OK
Content-Type: application/json; charset=utf-8
cache-control: no-cache
content-length: 88

16:40:44.219 [AsyncHttpClient-1-5] DEBUG o.a.netty.channel.ChannelManager - Adding key: http://localhost:58660 for channel [id: 0x392d8bfc, L:/127.0.0.1:53278 - R:localhost/127.0.0.1:58660]
16:40:44.222 [Forwarding isElementEnabled on session c6001ee48c420b967e4eeec3a75289c8 to remote] DEBUG o.a.netty.request.NettyRequestSender - Using pooled Channel '[id: 0x392d8bfc, L:/127.0.0.1:53278 - R:localhost/127.0.0.1:58660]' for 'GET' to 'http://localhost:58660/session/c6001ee48c420b967e4eeec3a75289c8/element/1e580a5a-5b34-492e-be52-a2cfc9d26da8/enabled'
16:40:44.222 [Forwarding isElementEnabled on session c6001ee48c420b967e4eeec3a75289c8 to remote] DEBUG o.a.netty.request.NettyRequestSender - Using open Channel [id: 0x392d8bfc, L:/127.0.0.1:53278 - R:localhost/127.0.0.1:58660] for GET '/session/c6001ee48c420b967e4eeec3a75289c8/element/1e580a5a-5b34-492e-be52-a2cfc9d26da8/enabled'
16:40:44.230 [AsyncHttpClient-1-5] DEBUG o.a.netty.handler.HttpHandler - 

Request DefaultFullHttpRequest(decodeResult: success, version: HTTP/1.1, content: EmptyByteBufBE)
GET /session/c6001ee48c420b967e4eeec3a75289c8/element/1e580a5a-5b34-492e-be52-a2cfc9d26da8/enabled HTTP/1.1
User-Agent: selenium/4.1.2 (java windows)
Cache-Control: no-cache
Content-Type: application/json; charset=utf-8
host: localhost:58660
accept: */*

Response DefaultHttpResponse(decodeResult: success, version: HTTP/1.1)
HTTP/1.1 200 OK
Content-Type: application/json; charset=utf-8
cache-control: no-cache
content-length: 14

16:40:44.230 [AsyncHttpClient-1-5] DEBUG o.a.netty.channel.ChannelManager - Adding key: http://localhost:58660 for channel [id: 0x392d8bfc, L:/127.0.0.1:53278 - R:localhost/127.0.0.1:58660]
16:40:44.232 [Forwarding findElement on session c6001ee48c420b967e4eeec3a75289c8 to remote] DEBUG o.a.netty.request.NettyRequestSender - Using pooled Channel '[id: 0x392d8bfc, L:/127.0.0.1:53278 - R:localhost/127.0.0.1:58660]' for 'POST' to 'http://localhost:58660/session/c6001ee48c420b967e4eeec3a75289c8/element'
16:40:44.232 [Forwarding findElement on session c6001ee48c420b967e4eeec3a75289c8 to remote] DEBUG o.a.netty.request.NettyRequestSender - Using open Channel [id: 0x392d8bfc, L:/127.0.0.1:53278 - R:localhost/127.0.0.1:58660] for POST '/session/c6001ee48c420b967e4eeec3a75289c8/element'
16:40:44.243 [AsyncHttpClient-1-5] DEBUG o.a.netty.handler.HttpHandler - 

Request DefaultHttpRequest(decodeResult: success, version: HTTP/1.1)
POST /session/c6001ee48c420b967e4eeec3a75289c8/element HTTP/1.1
User-Agent: selenium/4.1.2 (java windows)
Content-Length: 132
Content-Type: application/json; charset=utf-8
host: localhost:58660
accept: */*

Response DefaultHttpResponse(decodeResult: success, version: HTTP/1.1)
HTTP/1.1 200 OK
Content-Type: application/json; charset=utf-8
cache-control: no-cache
content-length: 88

16:40:44.244 [AsyncHttpClient-1-5] DEBUG o.a.netty.channel.ChannelManager - Adding key: http://localhost:58660 for channel [id: 0x392d8bfc, L:/127.0.0.1:53278 - R:localhost/127.0.0.1:58660]
16:40:44.249 [Forwarding isElementDisplayed on session c6001ee48c420b967e4eeec3a75289c8 to remote] DEBUG o.a.netty.request.NettyRequestSender - Using pooled Channel '[id: 0x392d8bfc, L:/127.0.0.1:53278 - R:localhost/127.0.0.1:58660]' for 'POST' to 'http://localhost:58660/session/c6001ee48c420b967e4eeec3a75289c8/execute/sync'
16:40:44.250 [Forwarding isElementDisplayed on session c6001ee48c420b967e4eeec3a75289c8 to remote] DEBUG o.a.netty.request.NettyRequestSender - Using open Channel [id: 0x392d8bfc, L:/127.0.0.1:53278 - R:localhost/127.0.0.1:58660] for POST '/session/c6001ee48c420b967e4eeec3a75289c8/execute/sync'
16:40:44.261 [AsyncHttpClient-1-5] DEBUG o.a.netty.handler.HttpHandler - 

Request DefaultHttpRequest(decodeResult: success, version: HTTP/1.1)
POST /session/c6001ee48c420b967e4eeec3a75289c8/execute/sync HTTP/1.1
User-Agent: selenium/4.1.2 (java windows)
Content-Length: 48780
Content-Type: application/json; charset=utf-8
host: localhost:58660
accept: */*

Response DefaultHttpResponse(decodeResult: success, version: HTTP/1.1)
HTTP/1.1 200 OK
Content-Type: application/json; charset=utf-8
cache-control: no-cache
content-length: 14

16:40:44.261 [AsyncHttpClient-1-5] DEBUG o.a.netty.channel.ChannelManager - Adding key: http://localhost:58660 for channel [id: 0x392d8bfc, L:/127.0.0.1:53278 - R:localhost/127.0.0.1:58660]
16:40:44.263 [Forwarding findElement on session c6001ee48c420b967e4eeec3a75289c8 to remote] DEBUG o.a.netty.request.NettyRequestSender - Using pooled Channel '[id: 0x392d8bfc, L:/127.0.0.1:53278 - R:localhost/127.0.0.1:58660]' for 'POST' to 'http://localhost:58660/session/c6001ee48c420b967e4eeec3a75289c8/element'
16:40:44.263 [Forwarding findElement on session c6001ee48c420b967e4eeec3a75289c8 to remote] DEBUG o.a.netty.request.NettyRequestSender - Using open Channel [id: 0x392d8bfc, L:/127.0.0.1:53278 - R:localhost/127.0.0.1:58660] for POST '/session/c6001ee48c420b967e4eeec3a75289c8/element'
16:40:44.269 [AsyncHttpClient-1-5] DEBUG o.a.netty.handler.HttpHandler - 

Request DefaultHttpRequest(decodeResult: success, version: HTTP/1.1)
POST /session/c6001ee48c420b967e4eeec3a75289c8/element HTTP/1.1
User-Agent: selenium/4.1.2 (java windows)
Content-Length: 132
Content-Type: application/json; charset=utf-8
host: localhost:58660
accept: */*

Response DefaultHttpResponse(decodeResult: success, version: HTTP/1.1)
HTTP/1.1 200 OK
Content-Type: application/json; charset=utf-8
cache-control: no-cache
content-length: 88

16:40:44.270 [AsyncHttpClient-1-5] DEBUG o.a.netty.channel.ChannelManager - Adding key: http://localhost:58660 for channel [id: 0x392d8bfc, L:/127.0.0.1:53278 - R:localhost/127.0.0.1:58660]
16:40:44.275 [Forwarding isElementDisplayed on session c6001ee48c420b967e4eeec3a75289c8 to remote] DEBUG o.a.netty.request.NettyRequestSender - Using pooled Channel '[id: 0x392d8bfc, L:/127.0.0.1:53278 - R:localhost/127.0.0.1:58660]' for 'POST' to 'http://localhost:58660/session/c6001ee48c420b967e4eeec3a75289c8/execute/sync'
16:40:44.275 [Forwarding isElementDisplayed on session c6001ee48c420b967e4eeec3a75289c8 to remote] DEBUG o.a.netty.request.NettyRequestSender - Using open Channel [id: 0x392d8bfc, L:/127.0.0.1:53278 - R:localhost/127.0.0.1:58660] for POST '/session/c6001ee48c420b967e4eeec3a75289c8/execute/sync'
16:40:44.285 [AsyncHttpClient-1-5] DEBUG o.a.netty.handler.HttpHandler - 

Request DefaultHttpRequest(decodeResult: success, version: HTTP/1.1)
POST /session/c6001ee48c420b967e4eeec3a75289c8/execute/sync HTTP/1.1
User-Agent: selenium/4.1.2 (java windows)
Content-Length: 48780
Content-Type: application/json; charset=utf-8
host: localhost:58660
accept: */*

Response DefaultHttpResponse(decodeResult: success, version: HTTP/1.1)
HTTP/1.1 200 OK
Content-Type: application/json; charset=utf-8
cache-control: no-cache
content-length: 14

16:40:44.286 [AsyncHttpClient-1-5] DEBUG o.a.netty.channel.ChannelManager - Adding key: http://localhost:58660 for channel [id: 0x392d8bfc, L:/127.0.0.1:53278 - R:localhost/127.0.0.1:58660]
16:40:44.288 [Forwarding findElement on session c6001ee48c420b967e4eeec3a75289c8 to remote] DEBUG o.a.netty.request.NettyRequestSender - Using pooled Channel '[id: 0x392d8bfc, L:/127.0.0.1:53278 - R:localhost/127.0.0.1:58660]' for 'POST' to 'http://localhost:58660/session/c6001ee48c420b967e4eeec3a75289c8/element'
16:40:44.288 [Forwarding findElement on session c6001ee48c420b967e4eeec3a75289c8 to remote] DEBUG o.a.netty.request.NettyRequestSender - Using open Channel [id: 0x392d8bfc, L:/127.0.0.1:53278 - R:localhost/127.0.0.1:58660] for POST '/session/c6001ee48c420b967e4eeec3a75289c8/element'
16:40:44.294 [AsyncHttpClient-1-5] DEBUG o.a.netty.handler.HttpHandler - 

Request DefaultHttpRequest(decodeResult: success, version: HTTP/1.1)
POST /session/c6001ee48c420b967e4eeec3a75289c8/element HTTP/1.1
User-Agent: selenium/4.1.2 (java windows)
Content-Length: 132
Content-Type: application/json; charset=utf-8
host: localhost:58660
accept: */*

Response DefaultHttpResponse(decodeResult: success, version: HTTP/1.1)
HTTP/1.1 200 OK
Content-Type: application/json; charset=utf-8
cache-control: no-cache
content-length: 88

16:40:44.295 [AsyncHttpClient-1-5] DEBUG o.a.netty.channel.ChannelManager - Adding key: http://localhost:58660 for channel [id: 0x392d8bfc, L:/127.0.0.1:53278 - R:localhost/127.0.0.1:58660]
16:40:44.296 [Forwarding isElementEnabled on session c6001ee48c420b967e4eeec3a75289c8 to remote] DEBUG o.a.netty.request.NettyRequestSender - Using pooled Channel '[id: 0x392d8bfc, L:/127.0.0.1:53278 - R:localhost/127.0.0.1:58660]' for 'GET' to 'http://localhost:58660/session/c6001ee48c420b967e4eeec3a75289c8/element/bb5841c7-0718-4b26-bb1d-a238a678c5b3/enabled'
16:40:44.297 [Forwarding isElementEnabled on session c6001ee48c420b967e4eeec3a75289c8 to remote] DEBUG o.a.netty.request.NettyRequestSender - Using open Channel [id: 0x392d8bfc, L:/127.0.0.1:53278 - R:localhost/127.0.0.1:58660] for GET '/session/c6001ee48c420b967e4eeec3a75289c8/element/bb5841c7-0718-4b26-bb1d-a238a678c5b3/enabled'
16:40:44.304 [AsyncHttpClient-1-5] DEBUG o.a.netty.handler.HttpHandler - 

Request DefaultFullHttpRequest(decodeResult: success, version: HTTP/1.1, content: EmptyByteBufBE)
GET /session/c6001ee48c420b967e4eeec3a75289c8/element/bb5841c7-0718-4b26-bb1d-a238a678c5b3/enabled HTTP/1.1
User-Agent: selenium/4.1.2 (java windows)
Cache-Control: no-cache
Content-Type: application/json; charset=utf-8
host: localhost:58660
accept: */*

Response DefaultHttpResponse(decodeResult: success, version: HTTP/1.1)
HTTP/1.1 200 OK
Content-Type: application/json; charset=utf-8
cache-control: no-cache
content-length: 14

16:40:44.304 [AsyncHttpClient-1-5] DEBUG o.a.netty.channel.ChannelManager - Adding key: http://localhost:58660 for channel [id: 0x392d8bfc, L:/127.0.0.1:53278 - R:localhost/127.0.0.1:58660]
16:40:44.306 [Forwarding findElement on session c6001ee48c420b967e4eeec3a75289c8 to remote] DEBUG o.a.netty.request.NettyRequestSender - Using pooled Channel '[id: 0x392d8bfc, L:/127.0.0.1:53278 - R:localhost/127.0.0.1:58660]' for 'POST' to 'http://localhost:58660/session/c6001ee48c420b967e4eeec3a75289c8/element'
16:40:44.306 [Forwarding findElement on session c6001ee48c420b967e4eeec3a75289c8 to remote] DEBUG o.a.netty.request.NettyRequestSender - Using open Channel [id: 0x392d8bfc, L:/127.0.0.1:53278 - R:localhost/127.0.0.1:58660] for POST '/session/c6001ee48c420b967e4eeec3a75289c8/element'
16:40:44.318 [AsyncHttpClient-1-5] DEBUG o.a.netty.handler.HttpHandler - 

Request DefaultHttpRequest(decodeResult: success, version: HTTP/1.1)
POST /session/c6001ee48c420b967e4eeec3a75289c8/element HTTP/1.1
User-Agent: selenium/4.1.2 (java windows)
Content-Length: 125
Content-Type: application/json; charset=utf-8
host: localhost:58660
accept: */*

Response DefaultHttpResponse(decodeResult: success, version: HTTP/1.1)
HTTP/1.1 200 OK
Content-Type: application/json; charset=utf-8
cache-control: no-cache
content-length: 88

16:40:44.318 [AsyncHttpClient-1-5] DEBUG o.a.netty.channel.ChannelManager - Adding key: http://localhost:58660 for channel [id: 0x392d8bfc, L:/127.0.0.1:53278 - R:localhost/127.0.0.1:58660]
16:40:44.324 [Forwarding isElementDisplayed on session c6001ee48c420b967e4eeec3a75289c8 to remote] DEBUG o.a.netty.request.NettyRequestSender - Using pooled Channel '[id: 0x392d8bfc, L:/127.0.0.1:53278 - R:localhost/127.0.0.1:58660]' for 'POST' to 'http://localhost:58660/session/c6001ee48c420b967e4eeec3a75289c8/execute/sync'
16:40:44.324 [Forwarding isElementDisplayed on session c6001ee48c420b967e4eeec3a75289c8 to remote] DEBUG o.a.netty.request.NettyRequestSender - Using open Channel [id: 0x392d8bfc, L:/127.0.0.1:53278 - R:localhost/127.0.0.1:58660] for POST '/session/c6001ee48c420b967e4eeec3a75289c8/execute/sync'
16:40:44.336 [AsyncHttpClient-1-5] DEBUG o.a.netty.handler.HttpHandler - 

Request DefaultHttpRequest(decodeResult: success, version: HTTP/1.1)
POST /session/c6001ee48c420b967e4eeec3a75289c8/execute/sync HTTP/1.1
User-Agent: selenium/4.1.2 (java windows)
Content-Length: 48780
Content-Type: application/json; charset=utf-8
host: localhost:58660
accept: */*

Response DefaultHttpResponse(decodeResult: success, version: HTTP/1.1)
HTTP/1.1 200 OK
Content-Type: application/json; charset=utf-8
cache-control: no-cache
content-length: 14

16:40:44.336 [AsyncHttpClient-1-5] DEBUG o.a.netty.channel.ChannelManager - Adding key: http://localhost:58660 for channel [id: 0x392d8bfc, L:/127.0.0.1:53278 - R:localhost/127.0.0.1:58660]
16:40:44.338 [Forwarding findElement on session c6001ee48c420b967e4eeec3a75289c8 to remote] DEBUG o.a.netty.request.NettyRequestSender - Using pooled Channel '[id: 0x392d8bfc, L:/127.0.0.1:53278 - R:localhost/127.0.0.1:58660]' for 'POST' to 'http://localhost:58660/session/c6001ee48c420b967e4eeec3a75289c8/element'
16:40:44.338 [Forwarding findElement on session c6001ee48c420b967e4eeec3a75289c8 to remote] DEBUG o.a.netty.request.NettyRequestSender - Using open Channel [id: 0x392d8bfc, L:/127.0.0.1:53278 - R:localhost/127.0.0.1:58660] for POST '/session/c6001ee48c420b967e4eeec3a75289c8/element'
16:40:44.345 [AsyncHttpClient-1-5] DEBUG o.a.netty.handler.HttpHandler - 

Request DefaultHttpRequest(decodeResult: success, version: HTTP/1.1)
POST /session/c6001ee48c420b967e4eeec3a75289c8/element HTTP/1.1
User-Agent: selenium/4.1.2 (java windows)
Content-Length: 125
Content-Type: application/json; charset=utf-8
host: localhost:58660
accept: */*

Response DefaultHttpResponse(decodeResult: success, version: HTTP/1.1)
HTTP/1.1 200 OK
Content-Type: application/json; charset=utf-8
cache-control: no-cache
content-length: 88

16:40:44.345 [AsyncHttpClient-1-5] DEBUG o.a.netty.channel.ChannelManager - Adding key: http://localhost:58660 for channel [id: 0x392d8bfc, L:/127.0.0.1:53278 - R:localhost/127.0.0.1:58660]
16:40:44.351 [Forwarding isElementDisplayed on session c6001ee48c420b967e4eeec3a75289c8 to remote] DEBUG o.a.netty.request.NettyRequestSender - Using pooled Channel '[id: 0x392d8bfc, L:/127.0.0.1:53278 - R:localhost/127.0.0.1:58660]' for 'POST' to 'http://localhost:58660/session/c6001ee48c420b967e4eeec3a75289c8/execute/sync'
16:40:44.351 [Forwarding isElementDisplayed on session c6001ee48c420b967e4eeec3a75289c8 to remote] DEBUG o.a.netty.request.NettyRequestSender - Using open Channel [id: 0x392d8bfc, L:/127.0.0.1:53278 - R:localhost/127.0.0.1:58660] for POST '/session/c6001ee48c420b967e4eeec3a75289c8/execute/sync'
16:40:44.362 [AsyncHttpClient-1-5] DEBUG o.a.netty.handler.HttpHandler - 

Request DefaultHttpRequest(decodeResult: success, version: HTTP/1.1)
POST /session/c6001ee48c420b967e4eeec3a75289c8/execute/sync HTTP/1.1
User-Agent: selenium/4.1.2 (java windows)
Content-Length: 48780
Content-Type: application/json; charset=utf-8
host: localhost:58660
accept: */*

Response DefaultHttpResponse(decodeResult: success, version: HTTP/1.1)
HTTP/1.1 200 OK
Content-Type: application/json; charset=utf-8
cache-control: no-cache
content-length: 14

16:40:44.362 [AsyncHttpClient-1-5] DEBUG o.a.netty.channel.ChannelManager - Adding key: http://localhost:58660 for channel [id: 0x392d8bfc, L:/127.0.0.1:53278 - R:localhost/127.0.0.1:58660]
16:40:44.364 [Forwarding findElement on session c6001ee48c420b967e4eeec3a75289c8 to remote] DEBUG o.a.netty.request.NettyRequestSender - Using pooled Channel '[id: 0x392d8bfc, L:/127.0.0.1:53278 - R:localhost/127.0.0.1:58660]' for 'POST' to 'http://localhost:58660/session/c6001ee48c420b967e4eeec3a75289c8/element'
16:40:44.364 [Forwarding findElement on session c6001ee48c420b967e4eeec3a75289c8 to remote] DEBUG o.a.netty.request.NettyRequestSender - Using open Channel [id: 0x392d8bfc, L:/127.0.0.1:53278 - R:localhost/127.0.0.1:58660] for POST '/session/c6001ee48c420b967e4eeec3a75289c8/element'
16:40:44.371 [AsyncHttpClient-1-5] DEBUG o.a.netty.handler.HttpHandler - 

Request DefaultHttpRequest(decodeResult: success, version: HTTP/1.1)
POST /session/c6001ee48c420b967e4eeec3a75289c8/element HTTP/1.1
User-Agent: selenium/4.1.2 (java windows)
Content-Length: 125
Content-Type: application/json; charset=utf-8
host: localhost:58660
accept: */*

Response DefaultHttpResponse(decodeResult: success, version: HTTP/1.1)
HTTP/1.1 200 OK
Content-Type: application/json; charset=utf-8
cache-control: no-cache
content-length: 88

16:40:44.371 [AsyncHttpClient-1-5] DEBUG o.a.netty.channel.ChannelManager - Adding key: http://localhost:58660 for channel [id: 0x392d8bfc, L:/127.0.0.1:53278 - R:localhost/127.0.0.1:58660]
16:40:44.372 [Forwarding isElementEnabled on session c6001ee48c420b967e4eeec3a75289c8 to remote] DEBUG o.a.netty.request.NettyRequestSender - Using pooled Channel '[id: 0x392d8bfc, L:/127.0.0.1:53278 - R:localhost/127.0.0.1:58660]' for 'GET' to 'http://localhost:58660/session/c6001ee48c420b967e4eeec3a75289c8/element/28f0c43a-ed72-487a-aea7-953f33681719/enabled'
16:40:44.373 [Forwarding isElementEnabled on session c6001ee48c420b967e4eeec3a75289c8 to remote] DEBUG o.a.netty.request.NettyRequestSender - Using open Channel [id: 0x392d8bfc, L:/127.0.0.1:53278 - R:localhost/127.0.0.1:58660] for GET '/session/c6001ee48c420b967e4eeec3a75289c8/element/28f0c43a-ed72-487a-aea7-953f33681719/enabled'
16:40:44.381 [AsyncHttpClient-1-5] DEBUG o.a.netty.handler.HttpHandler - 

Request DefaultFullHttpRequest(decodeResult: success, version: HTTP/1.1, content: EmptyByteBufBE)
GET /session/c6001ee48c420b967e4eeec3a75289c8/element/28f0c43a-ed72-487a-aea7-953f33681719/enabled HTTP/1.1
User-Agent: selenium/4.1.2 (java windows)
Cache-Control: no-cache
Content-Type: application/json; charset=utf-8
host: localhost:58660
accept: */*

Response DefaultHttpResponse(decodeResult: success, version: HTTP/1.1)
HTTP/1.1 200 OK
Content-Type: application/json; charset=utf-8
cache-control: no-cache
content-length: 14

16:40:44.381 [AsyncHttpClient-1-5] DEBUG o.a.netty.channel.ChannelManager - Adding key: http://localhost:58660 for channel [id: 0x392d8bfc, L:/127.0.0.1:53278 - R:localhost/127.0.0.1:58660]
  &amp#27;[32mAnd &amp#27;[0m&amp#27;[32muser verify the Login Page Elements is Visible&amp#27;[0m                                                                                 &amp#27;[90m# stepdefinitions.LoginPageSteps.user_verify_the_login_page_elements_is_visible()&amp#27;[0m
16:40:45.009 [AsyncHttpClient-1-1] DEBUG o.a.netty.channel.DefaultChannelPool - Entry count for : http://localhost:58660 : 1
16:40:45.009 [AsyncHttpClient-1-1] DEBUG o.a.netty.channel.DefaultChannelPool - Entry count for : http://localhost:53279 : 1
16:40:46.112 [AsyncHttpClient-1-1] DEBUG o.a.netty.channel.DefaultChannelPool - Entry count for : http://localhost:58660 : 1
16:40:46.112 [AsyncHttpClient-1-1] DEBUG o.a.netty.channel.DefaultChannelPool - Entry count for : http://localhost:53279 : 1
16:40:47.094 [Forwarding findElement on session c6001ee48c420b967e4eeec3a75289c8 to remote] DEBUG o.a.netty.request.NettyRequestSender - Using pooled Channel '[id: 0x392d8bfc, L:/127.0.0.1:53278 - R:localhost/127.0.0.1:58660]' for 'POST' to 'http://localhost:58660/session/c6001ee48c420b967e4eeec3a75289c8/element'
16:40:47.094 [Forwarding findElement on session c6001ee48c420b967e4eeec3a75289c8 to remote] DEBUG o.a.netty.request.NettyRequestSender - Using open Channel [id: 0x392d8bfc, L:/127.0.0.1:53278 - R:localhost/127.0.0.1:58660] for POST '/session/c6001ee48c420b967e4eeec3a75289c8/element'
16:40:47.100 [AsyncHttpClient-1-5] DEBUG o.a.netty.handler.HttpHandler - 

Request DefaultHttpRequest(decodeResult: success, version: HTTP/1.1)
POST /session/c6001ee48c420b967e4eeec3a75289c8/element HTTP/1.1
User-Agent: selenium/4.1.2 (java windows)
Content-Length: 128
Content-Type: application/json; charset=utf-8
host: localhost:58660
accept: */*

Response DefaultHttpResponse(decodeResult: success, version: HTTP/1.1)
HTTP/1.1 200 OK
Content-Type: application/json; charset=utf-8
cache-control: no-cache
content-length: 88

16:40:47.101 [AsyncHttpClient-1-5] DEBUG o.a.netty.channel.ChannelManager - Adding key: http://localhost:58660 for channel [id: 0x392d8bfc, L:/127.0.0.1:53278 - R:localhost/127.0.0.1:58660]
16:40:47.104 [Forwarding sendKeysToElement on session c6001ee48c420b967e4eeec3a75289c8 to remote] DEBUG o.a.netty.request.NettyRequestSender - Using pooled Channel '[id: 0x392d8bfc, L:/127.0.0.1:53278 - R:localhost/127.0.0.1:58660]' for 'POST' to 'http://localhost:58660/session/c6001ee48c420b967e4eeec3a75289c8/element/1e580a5a-5b34-492e-be52-a2cfc9d26da8/value'
16:40:47.104 [Forwarding sendKeysToElement on session c6001ee48c420b967e4eeec3a75289c8 to remote] DEBUG o.a.netty.request.NettyRequestSender - Using open Channel [id: 0x392d8bfc, L:/127.0.0.1:53278 - R:localhost/127.0.0.1:58660] for POST '/session/c6001ee48c420b967e4eeec3a75289c8/element/1e580a5a-5b34-492e-be52-a2cfc9d26da8/value'
16:40:47.143 [AsyncHttpClient-1-5] DEBUG o.a.netty.handler.HttpHandler - 

Request DefaultHttpRequest(decodeResult: success, version: HTTP/1.1)
POST /session/c6001ee48c420b967e4eeec3a75289c8/element/1e580a5a-5b34-492e-be52-a2cfc9d26da8/value HTTP/1.1
User-Agent: selenium/4.1.2 (java windows)
Content-Length: 271
Content-Type: application/json; charset=utf-8
host: localhost:58660
accept: */*

Response DefaultHttpResponse(decodeResult: success, version: HTTP/1.1)
HTTP/1.1 200 OK
Content-Type: application/json; charset=utf-8
cache-control: no-cache
content-length: 14

16:40:47.143 [AsyncHttpClient-1-5] DEBUG o.a.netty.channel.ChannelManager - Adding key: http://localhost:58660 for channel [id: 0x392d8bfc, L:/127.0.0.1:53278 - R:localhost/127.0.0.1:58660]
16:40:47.145 [Forwarding findElement on session c6001ee48c420b967e4eeec3a75289c8 to remote] DEBUG o.a.netty.request.NettyRequestSender - Using pooled Channel '[id: 0x392d8bfc, L:/127.0.0.1:53278 - R:localhost/127.0.0.1:58660]' for 'POST' to 'http://localhost:58660/session/c6001ee48c420b967e4eeec3a75289c8/element'
16:40:47.145 [Forwarding findElement on session c6001ee48c420b967e4eeec3a75289c8 to remote] DEBUG o.a.netty.request.NettyRequestSender - Using open Channel [id: 0x392d8bfc, L:/127.0.0.1:53278 - R:localhost/127.0.0.1:58660] for POST '/session/c6001ee48c420b967e4eeec3a75289c8/element'
16:40:47.151 [AsyncHttpClient-1-5] DEBUG o.a.netty.handler.HttpHandler - 

Request DefaultHttpRequest(decodeResult: success, version: HTTP/1.1)
POST /session/c6001ee48c420b967e4eeec3a75289c8/element HTTP/1.1
User-Agent: selenium/4.1.2 (java windows)
Content-Length: 132
Content-Type: application/json; charset=utf-8
host: localhost:58660
accept: */*

Response DefaultHttpResponse(decodeResult: success, version: HTTP/1.1)
HTTP/1.1 200 OK
Content-Type: application/json; charset=utf-8
cache-control: no-cache
content-length: 88

16:40:47.151 [AsyncHttpClient-1-5] DEBUG o.a.netty.channel.ChannelManager - Adding key: http://localhost:58660 for channel [id: 0x392d8bfc, L:/127.0.0.1:53278 - R:localhost/127.0.0.1:58660]
16:40:47.153 [Forwarding sendKeysToElement on session c6001ee48c420b967e4eeec3a75289c8 to remote] DEBUG o.a.netty.request.NettyRequestSender - Using pooled Channel '[id: 0x392d8bfc, L:/127.0.0.1:53278 - R:localhost/127.0.0.1:58660]' for 'POST' to 'http://localhost:58660/session/c6001ee48c420b967e4eeec3a75289c8/element/bb5841c7-0718-4b26-bb1d-a238a678c5b3/value'
16:40:47.153 [Forwarding sendKeysToElement on session c6001ee48c420b967e4eeec3a75289c8 to remote] DEBUG o.a.netty.request.NettyRequestSender - Using open Channel [id: 0x392d8bfc, L:/127.0.0.1:53278 - R:localhost/127.0.0.1:58660] for POST '/session/c6001ee48c420b967e4eeec3a75289c8/element/bb5841c7-0718-4b26-bb1d-a238a678c5b3/value'
16:40:47.197 [AsyncHttpClient-1-5] DEBUG o.a.netty.handler.HttpHandler - 

Request DefaultHttpRequest(decodeResult: success, version: HTTP/1.1)
POST /session/c6001ee48c420b967e4eeec3a75289c8/element/bb5841c7-0718-4b26-bb1d-a238a678c5b3/value HTTP/1.1
User-Agent: selenium/4.1.2 (java windows)
Content-Length: 161
Content-Type: application/json; charset=utf-8
host: localhost:58660
accept: */*

Response DefaultHttpResponse(decodeResult: success, version: HTTP/1.1)
HTTP/1.1 200 OK
Content-Type: application/json; charset=utf-8
cache-control: no-cache
content-length: 14

16:40:47.197 [AsyncHttpClient-1-5] DEBUG o.a.netty.channel.ChannelManager - Adding key: http://localhost:58660 for channel [id: 0x392d8bfc, L:/127.0.0.1:53278 - R:localhost/127.0.0.1:58660]
16:40:47.199 [Forwarding findElement on session c6001ee48c420b967e4eeec3a75289c8 to remote] DEBUG o.a.netty.request.NettyRequestSender - Using pooled Channel '[id: 0x392d8bfc, L:/127.0.0.1:53278 - R:localhost/127.0.0.1:58660]' for 'POST' to 'http://localhost:58660/session/c6001ee48c420b967e4eeec3a75289c8/element'
16:40:47.199 [Forwarding findElement on session c6001ee48c420b967e4eeec3a75289c8 to remote] DEBUG o.a.netty.request.NettyRequestSender - Using open Channel [id: 0x392d8bfc, L:/127.0.0.1:53278 - R:localhost/127.0.0.1:58660] for POST '/session/c6001ee48c420b967e4eeec3a75289c8/element'
16:40:47.205 [AsyncHttpClient-1-1] DEBUG o.a.netty.channel.DefaultChannelPool - Entry count for : http://localhost:53279 : 1
16:40:47.206 [AsyncHttpClient-1-5] DEBUG o.a.netty.handler.HttpHandler - 

Request DefaultHttpRequest(decodeResult: success, version: HTTP/1.1)
POST /session/c6001ee48c420b967e4eeec3a75289c8/element HTTP/1.1
User-Agent: selenium/4.1.2 (java windows)
Content-Length: 125
Content-Type: application/json; charset=utf-8
host: localhost:58660
accept: */*

Response DefaultHttpResponse(decodeResult: success, version: HTTP/1.1)
HTTP/1.1 200 OK
Content-Type: application/json; charset=utf-8
cache-control: no-cache
content-length: 88

16:40:47.206 [AsyncHttpClient-1-5] DEBUG o.a.netty.channel.ChannelManager - Adding key: http://localhost:58660 for channel [id: 0x392d8bfc, L:/127.0.0.1:53278 - R:localhost/127.0.0.1:58660]
16:40:47.208 [Forwarding clickElement on session c6001ee48c420b967e4eeec3a75289c8 to remote] DEBUG o.a.netty.request.NettyRequestSender - Using pooled Channel '[id: 0x392d8bfc, L:/127.0.0.1:53278 - R:localhost/127.0.0.1:58660]' for 'POST' to 'http://localhost:58660/session/c6001ee48c420b967e4eeec3a75289c8/element/28f0c43a-ed72-487a-aea7-953f33681719/click'
16:40:47.208 [Forwarding clickElement on session c6001ee48c420b967e4eeec3a75289c8 to remote] DEBUG o.a.netty.request.NettyRequestSender - Using open Channel [id: 0x392d8bfc, L:/127.0.0.1:53278 - R:localhost/127.0.0.1:58660] for POST '/session/c6001ee48c420b967e4eeec3a75289c8/element/28f0c43a-ed72-487a-aea7-953f33681719/click'
16:40:47.294 [AsyncHttpClient-1-5] DEBUG o.a.netty.handler.HttpHandler - 

Request DefaultHttpRequest(decodeResult: success, version: HTTP/1.1)
POST /session/c6001ee48c420b967e4eeec3a75289c8/element/28f0c43a-ed72-487a-aea7-953f33681719/click HTTP/1.1
User-Agent: selenium/4.1.2 (java windows)
Content-Length: 50
Content-Type: application/json; charset=utf-8
host: localhost:58660
accept: */*

Response DefaultHttpResponse(decodeResult: success, version: HTTP/1.1)
HTTP/1.1 200 OK
Content-Type: application/json; charset=utf-8
cache-control: no-cache
content-length: 14

16:40:47.294 [AsyncHttpClient-1-5] DEBUG o.a.netty.channel.ChannelManager - Adding key: http://localhost:58660 for channel [id: 0x392d8bfc, L:/127.0.0.1:53278 - R:localhost/127.0.0.1:58660]
16:40:47.296 [Forwarding findElement on session c6001ee48c420b967e4eeec3a75289c8 to remote] DEBUG o.a.netty.request.NettyRequestSender - Using pooled Channel '[id: 0x392d8bfc, L:/127.0.0.1:53278 - R:localhost/127.0.0.1:58660]' for 'POST' to 'http://localhost:58660/session/c6001ee48c420b967e4eeec3a75289c8/element'
16:40:47.296 [Forwarding findElement on session c6001ee48c420b967e4eeec3a75289c8 to remote] DEBUG o.a.netty.request.NettyRequestSender - Using open Channel [id: 0x392d8bfc, L:/127.0.0.1:53278 - R:localhost/127.0.0.1:58660] for POST '/session/c6001ee48c420b967e4eeec3a75289c8/element'
16:40:47.310 [AsyncHttpClient-1-5] DEBUG o.a.netty.handler.HttpHandler - 

Request DefaultHttpRequest(decodeResult: success, version: HTTP/1.1)
POST /session/c6001ee48c420b967e4eeec3a75289c8/element HTTP/1.1
User-Agent: selenium/4.1.2 (java windows)
Content-Length: 75
Content-Type: application/json; charset=utf-8
host: localhost:58660
accept: */*

Response DefaultHttpResponse(decodeResult: success, version: HTTP/1.1)
HTTP/1.1 200 OK
Content-Type: application/json; charset=utf-8
cache-control: no-cache
content-length: 88

16:40:47.310 [AsyncHttpClient-1-5] DEBUG o.a.netty.channel.ChannelManager - Adding key: http://localhost:58660 for channel [id: 0x392d8bfc, L:/127.0.0.1:53278 - R:localhost/127.0.0.1:58660]
16:40:47.314 [Forwarding isElementDisplayed on session c6001ee48c420b967e4eeec3a75289c8 to remote] DEBUG o.a.netty.request.NettyRequestSender - Using pooled Channel '[id: 0x392d8bfc, L:/127.0.0.1:53278 - R:localhost/127.0.0.1:58660]' for 'POST' to 'http://localhost:58660/session/c6001ee48c420b967e4eeec3a75289c8/execute/sync'
16:40:47.314 [Forwarding isElementDisplayed on session c6001ee48c420b967e4eeec3a75289c8 to remote] DEBUG o.a.netty.request.NettyRequestSender - Using open Channel [id: 0x392d8bfc, L:/127.0.0.1:53278 - R:localhost/127.0.0.1:58660] for POST '/session/c6001ee48c420b967e4eeec3a75289c8/execute/sync'
16:40:47.333 [AsyncHttpClient-1-5] DEBUG o.a.netty.handler.HttpHandler - 

Request DefaultHttpRequest(decodeResult: success, version: HTTP/1.1)
POST /session/c6001ee48c420b967e4eeec3a75289c8/execute/sync HTTP/1.1
User-Agent: selenium/4.1.2 (java windows)
Content-Length: 48780
Content-Type: application/json; charset=utf-8
host: localhost:58660
accept: */*

Response DefaultHttpResponse(decodeResult: success, version: HTTP/1.1)
HTTP/1.1 200 OK
Content-Type: application/json; charset=utf-8
cache-control: no-cache
content-length: 15

16:40:47.333 [AsyncHttpClient-1-5] DEBUG o.a.netty.channel.ChannelManager - Adding key: http://localhost:58660 for channel [id: 0x392d8bfc, L:/127.0.0.1:53278 - R:localhost/127.0.0.1:58660]
16:40:47.849 [Forwarding findElement on session c6001ee48c420b967e4eeec3a75289c8 to remote] DEBUG o.a.netty.request.NettyRequestSender - Using pooled Channel '[id: 0x392d8bfc, L:/127.0.0.1:53278 - R:localhost/127.0.0.1:58660]' for 'POST' to 'http://localhost:58660/session/c6001ee48c420b967e4eeec3a75289c8/element'
16:40:47.849 [Forwarding findElement on session c6001ee48c420b967e4eeec3a75289c8 to remote] DEBUG o.a.netty.request.NettyRequestSender - Using open Channel [id: 0x392d8bfc, L:/127.0.0.1:53278 - R:localhost/127.0.0.1:58660] for POST '/session/c6001ee48c420b967e4eeec3a75289c8/element'
16:40:47.856 [AsyncHttpClient-1-5] DEBUG o.a.netty.handler.HttpHandler - 

Request DefaultHttpRequest(decodeResult: success, version: HTTP/1.1)
POST /session/c6001ee48c420b967e4eeec3a75289c8/element HTTP/1.1
User-Agent: selenium/4.1.2 (java windows)
Content-Length: 75
Content-Type: application/json; charset=utf-8
host: localhost:58660
accept: */*

Response DefaultHttpResponse(decodeResult: success, version: HTTP/1.1)
HTTP/1.1 200 OK
Content-Type: application/json; charset=utf-8
cache-control: no-cache
content-length: 88

16:40:47.856 [AsyncHttpClient-1-5] DEBUG o.a.netty.channel.ChannelManager - Adding key: http://localhost:58660 for channel [id: 0x392d8bfc, L:/127.0.0.1:53278 - R:localhost/127.0.0.1:58660]
16:40:47.860 [Forwarding isElementDisplayed on session c6001ee48c420b967e4eeec3a75289c8 to remote] DEBUG o.a.netty.request.NettyRequestSender - Using pooled Channel '[id: 0x392d8bfc, L:/127.0.0.1:53278 - R:localhost/127.0.0.1:58660]' for 'POST' to 'http://localhost:58660/session/c6001ee48c420b967e4eeec3a75289c8/execute/sync'
16:40:47.860 [Forwarding isElementDisplayed on session c6001ee48c420b967e4eeec3a75289c8 to remote] DEBUG o.a.netty.request.NettyRequestSender - Using open Channel [id: 0x392d8bfc, L:/127.0.0.1:53278 - R:localhost/127.0.0.1:58660] for POST '/session/c6001ee48c420b967e4eeec3a75289c8/execute/sync'
16:40:47.869 [AsyncHttpClient-1-5] DEBUG o.a.netty.handler.HttpHandler - 

Request DefaultHttpRequest(decodeResult: success, version: HTTP/1.1)
POST /session/c6001ee48c420b967e4eeec3a75289c8/execute/sync HTTP/1.1
User-Agent: selenium/4.1.2 (java windows)
Content-Length: 48780
Content-Type: application/json; charset=utf-8
host: localhost:58660
accept: */*

Response DefaultHttpResponse(decodeResult: success, version: HTTP/1.1)
HTTP/1.1 200 OK
Content-Type: application/json; charset=utf-8
cache-control: no-cache
content-length: 14

16:40:47.870 [AsyncHttpClient-1-5] DEBUG o.a.netty.channel.ChannelManager - Adding key: http://localhost:58660 for channel [id: 0x392d8bfc, L:/127.0.0.1:53278 - R:localhost/127.0.0.1:58660]
16:40:47.871 [Forwarding getElementText on session c6001ee48c420b967e4eeec3a75289c8 to remote] DEBUG o.a.netty.request.NettyRequestSender - Using pooled Channel '[id: 0x392d8bfc, L:/127.0.0.1:53278 - R:localhost/127.0.0.1:58660]' for 'GET' to 'http://localhost:58660/session/c6001ee48c420b967e4eeec3a75289c8/element/7270f808-f1e4-47f5-ba46-663a6d4edbaf/text'
[...]
16:42:04.418 [Forwarding findElement on session b1e7a17833d3bce96ff3332c5338c6ed to remote] DEBUG o.a.netty.request.NettyRequestSender - Using open Channel [id: 0x33bf32c6, L:/127.0.0.1:53595 - R:localhost/127.0.0.1:53731] for POST '/session/b1e7a17833d3bce96ff3332c5338c6ed/element'
16:42:04.424 [AsyncHttpClient-1-11] DEBUG o.a.netty.handler.HttpHandler - 

Request DefaultHttpRequest(decodeResult: success, version: HTTP/1.1)
POST /session/b1e7a17833d3bce96ff3332c5338c6ed/element HTTP/1.1
User-Agent: selenium/4.1.2 (java windows)
Content-Length: 128
Content-Type: application/json; charset=utf-8
host: localhost:53731
accept: */*

Response DefaultHttpResponse(decodeResult: success, version: HTTP/1.1)
HTTP/1.1 200 OK
Content-Type: application/json; charset=utf-8
cache-control: no-cache
content-length: 88

16:42:04.424 [AsyncHttpClient-1-11] DEBUG o.a.netty.channel.ChannelManager - Adding key: http://localhost:53731 for channel [id: 0x33bf32c6, L:/127.0.0.1:53595 - R:localhost/127.0.0.1:53731]
16:42:04.425 [Forwarding sendKeysToElement on session b1e7a17833d3bce96ff3332c5338c6ed to remote] DEBUG o.a.netty.request.NettyRequestSender - Using pooled Channel '[id: 0x33bf32c6, L:/127.0.0.1:53595 - R:localhost/127.0.0.1:53731]' for 'POST' to 'http://localhost:53731/session/b1e7a17833d3bce96ff3332c5338c6ed/element/5bb24e8b-a02b-4e22-a44c-cba48e592973/value'
16:42:04.425 [Forwarding sendKeysToElement on session b1e7a17833d3bce96ff3332c5338c6ed to remote] DEBUG o.a.netty.request.NettyRequestSender - Using open Channel [id: 0x33bf32c6, L:/127.0.0.1:53595 - R:localhost/127.0.0.1:53731] for POST '/session/b1e7a17833d3bce96ff3332c5338c6ed/element/5bb24e8b-a02b-4e22-a44c-cba48e592973/value'
16:42:04.458 [AsyncHttpClient-1-11] DEBUG o.a.netty.handler.HttpHandler - 

Request DefaultHttpRequest(decodeResult: success, version: HTTP/1.1)
POST /session/b1e7a17833d3bce96ff3332c5338c6ed/element/5bb24e8b-a02b-4e22-a44c-cba48e592973/value HTTP/1.1
User-Agent: selenium/4.1.2 (java windows)
Content-Length: 191
Content-Type: application/json; charset=utf-8
host: localhost:53731
accept: */*

Response DefaultHttpResponse(decodeResult: success, version: HTTP/1.1)
HTTP/1.1 200 OK
Content-Type: application/json; charset=utf-8
cache-control: no-cache
content-length: 14

16:42:04.458 [AsyncHttpClient-1-11] DEBUG o.a.netty.channel.ChannelManager - Adding key: http://localhost:53731 for channel [id: 0x33bf32c6, L:/127.0.0.1:53595 - R:localhost/127.0.0.1:53731]
16:42:04.459 [Forwarding findElement on session b1e7a17833d3bce96ff3332c5338c6ed to remote] DEBUG o.a.netty.request.NettyRequestSender - Using pooled Channel '[id: 0x33bf32c6, L:/127.0.0.1:53595 - R:localhost/127.0.0.1:53731]' for 'POST' to 'http://localhost:53731/session/b1e7a17833d3bce96ff3332c5338c6ed/element'
16:42:04.459 [Forwarding findElement on session b1e7a17833d3bce96ff3332c5338c6ed to remote] DEBUG o.a.netty.request.NettyRequestSender - Using open Channel [id: 0x33bf32c6, L:/127.0.0.1:53595 - R:localhost/127.0.0.1:53731] for POST '/session/b1e7a17833d3bce96ff3332c5338c6ed/element'
16:42:04.465 [AsyncHttpClient-1-11] DEBUG o.a.netty.handler.HttpHandler - 

Request DefaultHttpRequest(decodeResult: success, version: HTTP/1.1)
POST /session/b1e7a17833d3bce96ff3332c5338c6ed/element HTTP/1.1
User-Agent: selenium/4.1.2 (java windows)
Content-Length: 132
Content-Type: application/json; charset=utf-8
host: localhost:53731
accept: */*

Response DefaultHttpResponse(decodeResult: success, version: HTTP/1.1)
HTTP/1.1 200 OK
Content-Type: application/json; charset=utf-8
cache-control: no-cache
content-length: 88

16:42:04.465 [AsyncHttpClient-1-11] DEBUG o.a.netty.channel.ChannelManager - Adding key: http://localhost:53731 for channel [id: 0x33bf32c6, L:/127.0.0.1:53595 - R:localhost/127.0.0.1:53731]
16:42:04.466 [Forwarding sendKeysToElement on session b1e7a17833d3bce96ff3332c5338c6ed to remote] DEBUG o.a.netty.request.NettyRequestSender - Using pooled Channel '[id: 0x33bf32c6, L:/127.0.0.1:53595 - R:localhost/127.0.0.1:53731]' for 'POST' to 'http://localhost:53731/session/b1e7a17833d3bce96ff3332c5338c6ed/element/b4e0df41-9265-49d8-b62d-11d7a83962f3/value'
16:42:04.466 [Forwarding sendKeysToElement on session b1e7a17833d3bce96ff3332c5338c6ed to remote] DEBUG o.a.netty.request.NettyRequestSender - Using open Channel [id: 0x33bf32c6, L:/127.0.0.1:53595 - R:localhost/127.0.0.1:53731] for POST '/session/b1e7a17833d3bce96ff3332c5338c6ed/element/b4e0df41-9265-49d8-b62d-11d7a83962f3/value'
16:42:04.515 [AsyncHttpClient-1-11] DEBUG o.a.netty.handler.HttpHandler - 

Request DefaultHttpRequest(decodeResult: success, version: HTTP/1.1)
POST /session/b1e7a17833d3bce96ff3332c5338c6ed/element/b4e0df41-9265-49d8-b62d-11d7a83962f3/value HTTP/1.1
User-Agent: selenium/4.1.2 (java windows)
Content-Length: 161
Content-Type: application/json; charset=utf-8
host: localhost:53731
accept: */*

Response DefaultHttpResponse(decodeResult: success, version: HTTP/1.1)
HTTP/1.1 200 OK
Content-Type: application/json; charset=utf-8
cache-control: no-cache
content-length: 14

16:42:04.515 [AsyncHttpClient-1-11] DEBUG o.a.netty.channel.ChannelManager - Adding key: http://localhost:53731 for channel [id: 0x33bf32c6, L:/127.0.0.1:53595 - R:localhost/127.0.0.1:53731]
16:42:04.516 [Forwarding findElement on session b1e7a17833d3bce96ff3332c5338c6ed to remote] DEBUG o.a.netty.request.NettyRequestSender - Using pooled Channel '[id: 0x33bf32c6, L:/127.0.0.1:53595 - R:localhost/127.0.0.1:53731]' for 'POST' to 'http://localhost:53731/session/b1e7a17833d3bce96ff3332c5338c6ed/element'
16:42:04.516 [Forwarding findElement on session b1e7a17833d3bce96ff3332c5338c6ed to remote] DEBUG o.a.netty.request.NettyRequestSender - Using open Channel [id: 0x33bf32c6, L:/127.0.0.1:53595 - R:localhost/127.0.0.1:53731] for POST '/session/b1e7a17833d3bce96ff3332c5338c6ed/element'
16:42:04.522 [AsyncHttpClient-1-11] DEBUG o.a.netty.handler.HttpHandler - 

Request DefaultHttpRequest(decodeResult: success, version: HTTP/1.1)
POST /session/b1e7a17833d3bce96ff3332c5338c6ed/element HTTP/1.1
User-Agent: selenium/4.1.2 (java windows)
Content-Length: 125
Content-Type: application/json; charset=utf-8
host: localhost:53731
accept: */*

Response DefaultHttpResponse(decodeResult: success, version: HTTP/1.1)
HTTP/1.1 200 OK
Content-Type: application/json; charset=utf-8
cache-control: no-cache
content-length: 88

16:42:04.522 [AsyncHttpClient-1-11] DEBUG o.a.netty.channel.ChannelManager - Adding key: http://localhost:53731 for channel [id: 0x33bf32c6, L:/127.0.0.1:53595 - R:localhost/127.0.0.1:53731]
16:42:04.523 [Forwarding clickElement on session b1e7a17833d3bce96ff3332c5338c6ed to remote] DEBUG o.a.netty.request.NettyRequestSender - Using pooled Channel '[id: 0x33bf32c6, L:/127.0.0.1:53595 - R:localhost/127.0.0.1:53731]' for 'POST' to 'http://localhost:53731/session/b1e7a17833d3bce96ff3332c5338c6ed/element/b8396305-ee6e-44b1-af49-93a9800ad047/click'
16:42:04.524 [Forwarding clickElement on session b1e7a17833d3bce96ff3332c5338c6ed to remote] DEBUG o.a.netty.request.NettyRequestSender - Using open Channel [id: 0x33bf32c6, L:/127.0.0.1:53595 - R:localhost/127.0.0.1:53731] for POST '/session/b1e7a17833d3bce96ff3332c5338c6ed/element/b8396305-ee6e-44b1-af49-93a9800ad047/click'
16:42:05.310 [AsyncHttpClient-1-1] DEBUG o.a.netty.channel.DefaultChannelPool - Entry count for : http://localhost:53596 : 1
16:42:06.408 [AsyncHttpClient-1-1] DEBUG o.a.netty.channel.DefaultChannelPool - Entry count for : http://localhost:53596 : 1
16:42:07.408 [AsyncHttpClient-1-11] DEBUG o.a.netty.handler.HttpHandler - 

Request DefaultHttpRequest(decodeResult: success, version: HTTP/1.1)
POST /session/b1e7a17833d3bce96ff3332c5338c6ed/element/b8396305-ee6e-44b1-af49-93a9800ad047/click HTTP/1.1
User-Agent: selenium/4.1.2 (java windows)
Content-Length: 50
Content-Type: application/json; charset=utf-8
host: localhost:53731
accept: */*

Response DefaultHttpResponse(decodeResult: success, version: HTTP/1.1)
HTTP/1.1 200 OK
Content-Type: application/json; charset=utf-8
cache-control: no-cache
content-length: 14

16:42:07.408 [AsyncHttpClient-1-11] DEBUG o.a.netty.channel.ChannelManager - Adding key: http://localhost:53731 for channel [id: 0x33bf32c6, L:/127.0.0.1:53595 - R:localhost/127.0.0.1:53731]
  &amp#27;[32mWhen &amp#27;[0m&amp#27;[32muser login using valid credentials with username &amp#27;[0m&amp#27;[32m&amp#27;[1m"user@vrbank"&amp#27;[0m&amp#27;[32m and password &amp#27;[0m&amp#27;[32m&amp#27;[1m"pega123!"&amp#27;[0m          &amp#27;[90m# stepdefinitions.LoginPageSteps.user_login_using_valid_credentials_with_username_and_password(java.lang.String,java.lang.String)&amp#27;[0m
16:42:07.411 [Forwarding getTitle on session b1e7a17833d3bce96ff3332c5338c6ed to remote] DEBUG o.a.netty.request.NettyRequestSender - Using pooled Channel '[id: 0x33bf32c6, L:/127.0.0.1:53595 - R:localhost/127.0.0.1:53731]' for 'GET' to 'http://localhost:53731/session/b1e7a17833d3bce96ff3332c5338c6ed/title'
16:42:07.412 [Forwarding getTitle on session b1e7a17833d3bce96ff3332c5338c6ed to remote] DEBUG o.a.netty.request.NettyRequestSender - Using open Channel [id: 0x33bf32c6, L:/127.0.0.1:53595 - R:localhost/127.0.0.1:53731] for GET '/session/b1e7a17833d3bce96ff3332c5338c6ed/title'
16:42:07.415 [AsyncHttpClient-1-11] DEBUG o.a.netty.handler.HttpHandler - 

Request DefaultFullHttpRequest(decodeResult: success, version: HTTP/1.1, content: EmptyByteBufBE)
GET /session/b1e7a17833d3bce96ff3332c5338c6ed/title HTTP/1.1
User-Agent: selenium/4.1.2 (java windows)
Cache-Control: no-cache
Content-Type: application/json; charset=utf-8
host: localhost:53731
accept: */*

Response DefaultHttpResponse(decodeResult: success, version: HTTP/1.1)
HTTP/1.1 200 OK
Content-Type: application/json; charset=utf-8
cache-control: no-cache
content-length: 30

16:42:07.415 [AsyncHttpClient-1-11] DEBUG o.a.netty.channel.ChannelManager - Adding key: http://localhost:53731 for channel [id: 0x33bf32c6, L:/127.0.0.1:53595 - R:localhost/127.0.0.1:53731]
16:42:07.416 [Forwarding getTitle on session b1e7a17833d3bce96ff3332c5338c6ed to remote] DEBUG o.a.netty.request.NettyRequestSender - Using pooled Channel '[id: 0x33bf32c6, L:/127.0.0.1:53595 - R:localhost/127.0.0.1:53731]' for 'GET' to 'http://localhost:53731/session/b1e7a17833d3bce96ff3332c5338c6ed/title'
16:42:07.416 [Forwarding getTitle on session b1e7a17833d3bce96ff3332c5338c6ed to remote] DEBUG o.a.netty.request.NettyRequestSender - Using open Channel [id: 0x33bf32c6, L:/127.0.0.1:53595 - R:localhost/127.0.0.1:53731] for GET '/session/b1e7a17833d3bce96ff3332c5338c6ed/title'
16:42:07.419 [AsyncHttpClient-1-11] DEBUG o.a.netty.handler.HttpHandler - 

Request DefaultFullHttpRequest(decodeResult: success, version: HTTP/1.1, content: EmptyByteBufBE)
GET /session/b1e7a17833d3bce96ff3332c5338c6ed/title HTTP/1.1
User-Agent: selenium/4.1.2 (java windows)
Cache-Control: no-cache
Content-Type: application/json; charset=utf-8
host: localhost:53731
accept: */*

Response DefaultHttpResponse(decodeResult: success, version: HTTP/1.1)
HTTP/1.1 200 OK
Content-Type: application/json; charset=utf-8
cache-control: no-cache
content-length: 30

16:42:07.419 [AsyncHttpClient-1-11] DEBUG o.a.netty.channel.ChannelManager - Adding key: http://localhost:53731 for channel [id: 0x33bf32c6, L:/127.0.0.1:53595 - R:localhost/127.0.0.1:53731]
16:42:07.515 [AsyncHttpClient-1-1] DEBUG o.a.netty.channel.DefaultChannelPool - Entry count for : http://localhost:53596 : 1
16:42:07.515 [AsyncHttpClient-1-1] DEBUG o.a.netty.channel.DefaultChannelPool - Entry count for : http://localhost:53731 : 1
16:42:08.609 [AsyncHttpClient-1-1] DEBUG o.a.netty.channel.DefaultChannelPool - Entry count for : http://localhost:53596 : 1
16:42:08.609 [AsyncHttpClient-1-1] DEBUG o.a.netty.channel.DefaultChannelPool - Entry count for : http://localhost:53731 : 1
16:42:09.715 [AsyncHttpClient-1-1] DEBUG o.a.netty.channel.DefaultChannelPool - Entry count for : http://localhost:53596 : 1
16:42:09.715 [AsyncHttpClient-1-1] DEBUG o.a.netty.channel.DefaultChannelPool - Entry count for : http://localhost:53731 : 1
16:42:10.814 [AsyncHttpClient-1-1] DEBUG o.a.netty.channel.DefaultChannelPool - Entry count for : http://localhost:53596 : 1
16:42:10.814 [AsyncHttpClient-1-1] DEBUG o.a.netty.channel.DefaultChannelPool - Entry count for : http://localhost:53731 : 1
16:42:11.913 [AsyncHttpClient-1-1] DEBUG o.a.netty.channel.DefaultChannelPool - Entry count for : http://localhost:53596 : 1
16:42:11.913 [AsyncHttpClient-1-1] DEBUG o.a.netty.channel.DefaultChannelPool - Entry count for : http://localhost:53731 : 1
  &amp#27;[32mThen &amp#27;[0m&amp#27;[32muser should proceed to Dashboard Page&amp#27;[0m                                                           &amp#27;[90m# stepdefinitions.LoginPageSteps.user_should_proceed_to_dashboard_page()&amp#27;[0m
16:42:12.428 [AsyncHttpClient-1-13] DEBUG o.a.netty.handler.WebSocketHandler - Channel Closed: [id: 0x52ec88d3, L:/127.0.0.1:53603 ! R:localhost/127.0.0.1:53596] with attribute NettyResponseFuture{currentRetry=5,
	isDone=1,
	isCancelled=0,
	asyncHandler=org.asynchttpclient.ws.WebSocketUpgradeHandler@779e3069,
	nettyRequest=org.asynchttpclient.netty.request.NettyRequest@329ca0fe,
	future=java.util.concurrent.CompletableFuture@7d6d9b27[Completed normally],
	uri=ws://localhost:53596/devtools/browser/42290435-da54-491e-a28d-1f6d6f2c8b8c,
	keepAlive=true,
	redirectCount=0,
	timeoutsHolder=null,
	inAuth=0,
	touch=1648197704985}
16:42:12.428 [Driver Command Executor] DEBUG o.a.netty.request.NettyRequestSender - Using pooled Channel '[id: 0x33bf32c6, L:/127.0.0.1:53595 - R:localhost/127.0.0.1:53731]' for 'DELETE' to 'http://localhost:53731/session/b1e7a17833d3bce96ff3332c5338c6ed'
16:42:12.428 [AsyncHttpClient-1-13] DEBUG o.a.netty.channel.ChannelManager - Closing Channel [id: 0x52ec88d3, L:/127.0.0.1:53603 ! R:localhost/127.0.0.1:53596] 
16:42:12.428 [Driver Command Executor] DEBUG o.a.netty.request.NettyRequestSender - Using open Channel [id: 0x33bf32c6, L:/127.0.0.1:53595 - R:localhost/127.0.0.1:53731] for DELETE '/session/b1e7a17833d3bce96ff3332c5338c6ed'
16:42:12.455 [AsyncHttpClient-1-12] DEBUG o.a.netty.handler.HttpHandler - Unexpected I/O exception on channel [id: 0xd1def588, L:/127.0.0.1:53602 - R:localhost/127.0.0.1:53596]
java.net.SocketException: Connection reset
	at java.base/sun.nio.ch.SocketChannelImpl.throwConnectionReset(SocketChannelImpl.java:367) ~[na:na]
	at java.base/sun.nio.ch.SocketChannelImpl.read(SocketChannelImpl.java:398) ~[na:na]
	at io.netty.buffer.PooledByteBuf.setBytes(PooledByteBuf.java:253) ~[netty-buffer-4.1.70.Final.jar:4.1.70.Final]
	at io.netty.buffer.AbstractByteBuf.writeBytes(AbstractByteBuf.java:1132) ~[netty-buffer-4.1.70.Final.jar:4.1.70.Final]
	at io.netty.channel.socket.nio.NioSocketChannel.doReadBytes(NioSocketChannel.java:350) ~[netty-transport-4.1.70.Final.jar:4.1.70.Final]
	at io.netty.channel.nio.AbstractNioByteChannel$NioByteUnsafe.read(AbstractNioByteChannel.java:151) ~[netty-transport-4.1.70.Final.jar:4.1.70.Final]
	at io.netty.channel.nio.NioEventLoop.processSelectedKey(NioEventLoop.java:719) ~[netty-transport-4.1.70.Final.jar:4.1.70.Final]
	at io.netty.channel.nio.NioEventLoop.processSelectedKeysOptimized(NioEventLoop.java:655) ~[netty-transport-4.1.70.Final.jar:4.1.70.Final]
	at io.netty.channel.nio.NioEventLoop.processSelectedKeys(NioEventLoop.java:581) ~[netty-transport-4.1.70.Final.jar:4.1.70.Final]
	at io.netty.channel.nio.NioEventLoop.run(NioEventLoop.java:493) ~[netty-transport-4.1.70.Final.jar:4.1.70.Final]
	at io.netty.util.concurrent.SingleThreadEventExecutor$4.run(SingleThreadEventExecutor.java:986) ~[netty-common-4.1.70.Final.jar:4.1.70.Final]
	at io.netty.util.internal.ThreadExecutorMap$2.run(ThreadExecutorMap.java:74) ~[netty-common-4.1.70.Final.jar:4.1.70.Final]
	at io.netty.util.concurrent.FastThreadLocalRunnable.run(FastThreadLocalRunnable.java:30) ~[netty-common-4.1.70.Final.jar:4.1.70.Final]
	at java.base/java.lang.Thread.run(Thread.java:832) ~[na:na]
16:42:12.455 [AsyncHttpClient-1-12] DEBUG o.a.netty.channel.ChannelManager - Closing Channel [id: 0xd1def588, L:/127.0.0.1:53602 - R:localhost/127.0.0.1:53596] 
16:42:12.456 [AsyncHttpClient-1-12] DEBUG o.a.netty.handler.HttpHandler - Channel Closed: [id: 0xd1def588, L:/127.0.0.1:53602 ! R:localhost/127.0.0.1:53596] with attribute DISCARD
16:42:12.468 [AsyncHttpClient-1-11] DEBUG o.a.netty.handler.HttpHandler - 

Request DefaultFullHttpRequest(decodeResult: success, version: HTTP/1.1, content: EmptyByteBufBE)
DELETE /session/b1e7a17833d3bce96ff3332c5338c6ed HTTP/1.1
User-Agent: selenium/4.1.2 (java windows)
Content-Type: application/json; charset=utf-8
host: localhost:53731
accept: */*

Response DefaultHttpResponse(decodeResult: success, version: HTTP/1.1)
HTTP/1.1 200 OK
Content-Type: application/json; charset=utf-8
cache-control: no-cache
content-length: 14

16:42:12.468 [AsyncHttpClient-1-11] DEBUG o.a.netty.channel.ChannelManager - Adding key: http://localhost:53731 for channel [id: 0x33bf32c6, L:/127.0.0.1:53595 - R:localhost/127.0.0.1:53731]
16:42:12.530 [AsyncHttpClient-1-11] DEBUG o.a.netty.handler.HttpHandler - Channel Closed: [id: 0x33bf32c6, L:/127.0.0.1:53595 ! R:localhost/127.0.0.1:53731] with attribute DISCARD
16:42:13.008 [AsyncHttpClient-1-1] DEBUG o.a.netty.channel.DefaultChannelPool - Entry count for : http://localhost:53596 : 1
16:42:13.008 [AsyncHttpClient-1-1] DEBUG o.a.netty.channel.DefaultChannelPool - Entry count for : http://localhost:53731 : 1
16:42:13.008 [AsyncHttpClient-1-1] DEBUG o.a.netty.channel.DefaultChannelPool - Adding Candidate expired Channel [id: 0xd1def588, L:/127.0.0.1:53602 ! R:localhost/127.0.0.1:53596] isIdleTimeoutExpired=false isRemotelyClosed=true isTtlExpired=false
16:42:13.008 [AsyncHttpClient-1-1] DEBUG o.a.netty.channel.DefaultChannelPool - Closing Idle Channel [id: 0xd1def588, L:/127.0.0.1:53602 ! R:localhost/127.0.0.1:53596]
16:42:13.008 [AsyncHttpClient-1-1] DEBUG o.a.netty.channel.DefaultChannelPool - Adding Candidate expired Channel [id: 0x33bf32c6, L:/127.0.0.1:53595 ! R:localhost/127.0.0.1:53731] isIdleTimeoutExpired=false isRemotelyClosed=true isTtlExpired=false
16:42:13.008 [AsyncHttpClient-1-1] DEBUG o.a.netty.channel.DefaultChannelPool - Closing Idle Channel [id: 0x33bf32c6, L:/127.0.0.1:53595 ! R:localhost/127.0.0.1:53731]
16:42:13.008 [AsyncHttpClient-1-1] DEBUG o.a.netty.channel.DefaultChannelPool - Closed 2 connections out of 2 in 0 ms
16:42:13.057 [main] INFO   - 
  _____   ___   ___   _____     ___     _     ___   ___   ___   ___  
 |_   _| | __| / __| |_   _|   | _ \   /_\   / __| / __| | __| |   \ 
   | |   | _|  \__ \   | |     |  _/  / _ \  \__ \ \__ \ | _|  | |) |
   |_|   |___| |___/   |_|     |_|   /_/ \_\ |___/ |___/ |___| |___/ 

Login to PEGA Site using User
----------------------------------------------------------------------
]]></system-out>
    <system-err><![CDATA[Starting ChromeDriver 99.0.4844.51 (d537ec02474b5afe23684e7963d538896c63ac77-refs/branch-heads/4844@{#875}) on port 53731
Only local connections are allowed.
Please see https://chromedriver.chromium.org/security-considerations for suggestions on keeping ChromeDriver safe.
ChromeDriver was started successfully.
Mar 25, 2022 4:41:44 PM org.openqa.selenium.remote.ProtocolHandshake createSession
INFO: Detected dialect: W3C
Mar 25, 2022 4:41:44 PM org.openqa.selenium.devtools.CdpVersionFinder findNearestMatch
WARNING: Unable to find an exact match for CDP version 99, so returning the closest version found: 96
Mar 25, 2022 4:41:44 PM org.openqa.selenium.devtools.CdpVersionFinder findNearestMatch
INFO: Found CDP implementation for version 99 of 96
]]></system-err>
  </testcase>
</testsuite>