<?xml version="1.0" encoding="UTF-8"?>
<testsuite xmlns:xsi="http://www.w3.org/2001/XMLSchema-instance" xsi:noNamespaceSchemaLocation="https://maven.apache.org/surefire/maven-failsafe-plugin/xsd/failsafe-test-report-3.0.xsd" version="3.0" name="testsuites.HCLTestRunner" time="145.783" tests="5" errors="0" skipped="0" failures="0">
  <properties>
[...]
</properties>
  <testcase name="Login fail possible combinations #1" classname="Test Invalid User Credentials Feature" time="28.365">
    <system-out><![CDATA[
@All @testInvalid
Scenario Outline: Login fail possible combinations                                                     &amp#27;[90m# src/main/resources/AppFeatures/ValidateAndVerifyInvalidLogin.feature:14&amp#27;[0m
15:38:27.243 [main] DEBUG com.pages.drivers.DriversFactory - Set up Browser
15:38:27.245 [main] DEBUG com.pages.drivers.DriversFactory - Initialize Driver Browser Configuration
15:38:27.245 [main] DEBUG com.pages.drivers.DriversFactory -  Driver Browser : chrome
15:38:27.427 [main] DEBUG i.g.b.wdm.cache.ResolutionCache - Resolution chrome=99 in cache (valid until 16:35:58 17/03/2022 CST)
15:38:27.429 [main] DEBUG i.g.b.wdm.cache.ResolutionCache - Resolution chrome99=99.0.4844.51 in cache (valid until 15:39:20 17/03/2022 CST)
15:38:27.429 [main] INFO  i.g.bonigarcia.wdm.WebDriverManager - Using chromedriver 99.0.4844.51 (resolved driver for Chrome 99)
15:38:27.437 [main] DEBUG i.g.bonigarcia.wdm.WebDriverManager - Driver chromedriver 99.0.4844.51 found in cache
15:38:27.438 [main] INFO  i.g.bonigarcia.wdm.WebDriverManager - Exporting webdriver.chrome.driver as C:\Users\DheyClaveria\.cache\selenium\chromedriver\win32\99.0.4844.51\chromedriver.exe
15:38:28.924 [main] DEBUG com.pages.LoginPage - verifyApplication: 'Login Page' 
  &amp#27;[32mGiven &amp#27;[0m&amp#27;[32mthat the user should navigate in PEGA Login Page&amp#27;[0m                                               &amp#27;[90m# stepdefinitions.LoginPageSteps.that_the_user_should_navigate_in_pega_login_page()&amp#27;[0m
15:38:33.941 [main] DEBUG com.pages.LoginPage - verifyPageElements : Current Element = 'By.xpath: //div[@id="credentials"]//div[@class="field user"]//input' 
15:38:34.008 [main] DEBUG com.pages.LoginPage - verifyPageElements : Current Element = 'By.xpath: //div[@id="credentials"]//div[@class="field password"]//input' 
15:38:34.068 [main] DEBUG com.pages.LoginPage - verifyPageElements : Current Element = 'By.xpath: //div[@id="credentials"]//button[contains(@class,"loginButton")]' 
  &amp#27;[32mAnd &amp#27;[0m&amp#27;[32muser verify the Login Page Elements is Visible&amp#27;[0m                                                   &amp#27;[90m# stepdefinitions.LoginPageSteps.user_verify_the_login_page_elements_is_visible()&amp#27;[0m
15:38:34.114 [main] DEBUG com.pages.LoginPage - enterUserCredentails: username = 'invalidUser' | password = 'InvalidPassword' 
15:38:34.235 [main] DEBUG com.pages.LoginPage - verifyErrorMessage: 'The information you entered was not recognized.' 
  &amp#27;[32mWhen &amp#27;[0m&amp#27;[32muser login using invalid credentials with username &amp#27;[0m&amp#27;[32m&amp#27;[1m"invalidUser"&amp#27;[0m&amp#27;[32m and password &amp#27;[0m&amp#27;[32m&amp#27;[1m"InvalidPassword"&amp#27;[0m &amp#27;[90m# stepdefinitions.LoginPageSteps.user_login_using_invalid_credentials_with_username_and_password(java.lang.String,java.lang.String)&amp#27;[0m
15:38:39.806 [main] DEBUG com.pages.LoginPage - verifyApplication: 'Login Page' 
15:38:44.820 [main] DEBUG com.pages.LoginPage - verifyErrorMessage: 'The information you entered was not recognized.' 
  &amp#27;[32mThen &amp#27;[0m&amp#27;[32muser should not proceed to Dashboard Page&amp#27;[0m                                                       &amp#27;[90m# stepdefinitions.LoginPageSteps.user_should_not_proceed_to_dashboard_page()&amp#27;[0m
15:38:49.847 [main] DEBUG com.pages.LoginPage - verifyErrorMessage: 'The information you entered was not recognized.' 
  &amp#27;[32mThen &amp#27;[0m&amp#27;[32muser gets login failed error message&amp#27;[0m                                                            &amp#27;[90m# stepdefinitions.LoginPageSteps.user_gets_login_failed_error_message()&amp#27;[0m
15:38:54.882 [main] DEBUG com.pages.drivers.DriversFactory - close the browser
]]></system-out>
    <system-err><![CDATA[Starting ChromeDriver 99.0.4844.51 (d537ec02474b5afe23684e7963d538896c63ac77-refs/branch-heads/4844@{#875}) on port 24476
Only local connections are allowed.
Please see https://chromedriver.chromium.org/security-considerations for suggestions on keeping ChromeDriver safe.
ChromeDriver was started successfully.
Mar 17, 2022 3:38:28 PM org.openqa.selenium.remote.ProtocolHandshake createSession
INFO: Detected dialect: W3C
]]></system-err>
  </testcase>
  <testcase name="Login fail possible combinations #2" classname="Test Invalid User Credentials Feature" time="27.772">
    <system-out><![CDATA[
@All @testInvalid
Scenario Outline: Login fail possible combinations                                                     &amp#27;[90m# src/main/resources/AppFeatures/ValidateAndVerifyInvalidLogin.feature:15&amp#27;[0m
15:38:55.463 [main] DEBUG com.pages.drivers.DriversFactory - Set up Browser
15:38:55.463 [main] DEBUG com.pages.drivers.DriversFactory - Initialize Driver Browser Configuration
15:38:55.463 [main] DEBUG com.pages.drivers.DriversFactory -  Driver Browser : chrome
15:38:55.467 [main] DEBUG i.g.b.wdm.cache.ResolutionCache - Resolution chrome=99 in cache (valid until 16:35:58 17/03/2022 CST)
15:38:55.468 [main] DEBUG i.g.b.wdm.cache.ResolutionCache - Resolution chrome99=99.0.4844.51 in cache (valid until 15:39:20 17/03/2022 CST)
15:38:55.468 [main] INFO  i.g.bonigarcia.wdm.WebDriverManager - Using chromedriver 99.0.4844.51 (resolved driver for Chrome 99)
15:38:55.471 [main] DEBUG i.g.bonigarcia.wdm.WebDriverManager - Driver chromedriver 99.0.4844.51 found in cache
15:38:55.472 [main] INFO  i.g.bonigarcia.wdm.WebDriverManager - Exporting webdriver.chrome.driver as C:\Users\DheyClaveria\.cache\selenium\chromedriver\win32\99.0.4844.51\chromedriver.exe
15:38:56.767 [main] DEBUG com.pages.LoginPage - verifyApplication: 'Login Page' 
  &amp#27;[32mGiven &amp#27;[0m&amp#27;[32mthat the user should navigate in PEGA Login Page&amp#27;[0m                                               &amp#27;[90m# stepdefinitions.LoginPageSteps.that_the_user_should_navigate_in_pega_login_page()&amp#27;[0m
15:39:01.780 [main] DEBUG com.pages.LoginPage - verifyPageElements : Current Element = 'By.xpath: //div[@id="credentials"]//div[@class="field user"]//input' 
15:39:01.830 [main] DEBUG com.pages.LoginPage - verifyPageElements : Current Element = 'By.xpath: //div[@id="credentials"]//div[@class="field password"]//input' 
15:39:01.870 [main] DEBUG com.pages.LoginPage - verifyPageElements : Current Element = 'By.xpath: //div[@id="credentials"]//button[contains(@class,"loginButton")]' 
  &amp#27;[32mAnd &amp#27;[0m&amp#27;[32muser verify the Login Page Elements is Visible&amp#27;[0m                                                   &amp#27;[90m# stepdefinitions.LoginPageSteps.user_verify_the_login_page_elements_is_visible()&amp#27;[0m
15:39:01.914 [main] DEBUG com.pages.LoginPage - enterUserCredentails: username = 'invalidUser' | password = 'InvalidPassword' 
15:39:02.026 [main] DEBUG com.pages.LoginPage - verifyErrorMessage: 'The information you entered was not recognized.' 
  &amp#27;[32mWhen &amp#27;[0m&amp#27;[32muser login using invalid credentials with username &amp#27;[0m&amp#27;[32m&amp#27;[1m"invalidUser"&amp#27;[0m&amp#27;[32m and password &amp#27;[0m&amp#27;[32m&amp#27;[1m"InvalidPassword"&amp#27;[0m &amp#27;[90m# stepdefinitions.LoginPageSteps.user_login_using_invalid_credentials_with_username_and_password(java.lang.String,java.lang.String)&amp#27;[0m
15:39:07.584 [main] DEBUG com.pages.LoginPage - verifyApplication: 'Login Page' 
15:39:12.601 [main] DEBUG com.pages.LoginPage - verifyErrorMessage: 'The information you entered was not recognized.' 
  &amp#27;[32mThen &amp#27;[0m&amp#27;[32muser should not proceed to Dashboard Page&amp#27;[0m                                                       &amp#27;[90m# stepdefinitions.LoginPageSteps.user_should_not_proceed_to_dashboard_page()&amp#27;[0m
15:39:17.619 [main] DEBUG com.pages.LoginPage - verifyErrorMessage: 'The information you entered was not recognized.' 
  &amp#27;[32mThen &amp#27;[0m&amp#27;[32muser gets login failed error message&amp#27;[0m                                                            &amp#27;[90m# stepdefinitions.LoginPageSteps.user_gets_login_failed_error_message()&amp#27;[0m
15:39:22.645 [main] DEBUG com.pages.drivers.DriversFactory - close the browser
]]></system-out>
    <system-err><![CDATA[Starting ChromeDriver 99.0.4844.51 (d537ec02474b5afe23684e7963d538896c63ac77-refs/branch-heads/4844@{#875}) on port 35253
Only local connections are allowed.
Please see https://chromedriver.chromium.org/security-considerations for suggestions on keeping ChromeDriver safe.
ChromeDriver was started successfully.
Mar 17, 2022 3:38:56 PM org.openqa.selenium.remote.ProtocolHandshake createSession
INFO: Detected dialect: W3C
]]></system-err>
  </testcase>
  <testcase name="Login fail possible combinations #3" classname="Test Invalid User Credentials Feature" time="27.981">
    <system-out><![CDATA[
@All @testInvalid
Scenario Outline: Login fail possible combinations                                                     &amp#27;[90m# src/main/resources/AppFeatures/ValidateAndVerifyInvalidLogin.feature:16&amp#27;[0m
15:39:23.231 [main] DEBUG com.pages.drivers.DriversFactory - Set up Browser
15:39:23.231 [main] DEBUG com.pages.drivers.DriversFactory - Initialize Driver Browser Configuration
15:39:23.231 [main] DEBUG com.pages.drivers.DriversFactory -  Driver Browser : chrome
15:39:23.235 [main] DEBUG i.g.b.wdm.cache.ResolutionCache - Resolution chrome=99 in cache (valid until 16:35:58 17/03/2022 CST)
15:39:23.236 [main] DEBUG i.g.b.wdm.cache.ResolutionCache - Removing resolution chrome99=99.0.4844.51 from cache (expired on Thu Mar 17 15:39:20 CST 2022)
15:39:23.241 [main] DEBUG o.a.h.c.h.i.c.InternalHttpClient - ex-00000001: preparing request execution
15:39:23.245 [main] DEBUG o.a.h.c.h.protocol.RequestAddCookies - Cookie spec selected: strict
15:39:23.247 [main] DEBUG o.a.h.c.h.protocol.RequestAuthCache - Auth cache not set in the context
15:39:23.247 [main] DEBUG o.a.h.c.h.impl.classic.ProtocolExec - ex-00000001: target auth state: UNCHALLENGED
15:39:23.248 [main] DEBUG o.a.h.c.h.impl.classic.ProtocolExec - ex-00000001: proxy auth state: UNCHALLENGED
15:39:23.248 [main] DEBUG o.a.h.c.h.impl.classic.ConnectExec - ex-00000001: acquiring connection with route {s}->https://chromedriver.storage.googleapis.com:443
15:39:23.248 [main] DEBUG o.a.h.c.h.i.c.InternalHttpClient - ex-00000001: acquiring endpoint (3 MINUTES)
15:39:23.249 [main] DEBUG o.a.h.c.h.i.i.PoolingHttpClientConnectionManager - ex-00000001: endpoint lease request (3 MINUTES) [route: {s}->https://chromedriver.storage.googleapis.com:443][total available: 0; route allocated: 0 of 5; total allocated: 0 of 25]
15:39:23.251 [main] DEBUG o.a.h.c.h.i.i.PoolingHttpClientConnectionManager - ex-00000001: endpoint leased [route: {s}->https://chromedriver.storage.googleapis.com:443][total available: 0; route allocated: 1 of 5; total allocated: 1 of 25]
15:39:23.255 [main] DEBUG o.a.h.c.h.i.i.PoolingHttpClientConnectionManager - ex-00000001: acquired ep-00000000
15:39:23.255 [main] DEBUG o.a.h.c.h.i.c.InternalHttpClient - ex-00000001: acquired endpoint ep-00000000
15:39:23.255 [main] DEBUG o.a.h.c.h.impl.classic.ConnectExec - ex-00000001: opening connection {s}->https://chromedriver.storage.googleapis.com:443
15:39:23.256 [main] DEBUG o.a.h.c.h.i.c.InternalHttpClient - ep-00000000: connecting endpoint (30 SECONDS)
15:39:23.256 [main] DEBUG o.a.h.c.h.i.i.PoolingHttpClientConnectionManager - ep-00000000: connecting endpoint to https://chromedriver.storage.googleapis.com:443 (30 SECONDS)
15:39:23.317 [main] DEBUG o.a.h.c.h.i.i.DefaultHttpClientConnectionOperator - http-outgoing-0: connecting to chromedriver.storage.googleapis.com/142.250.204.48:443
15:39:23.317 [main] DEBUG o.a.h.c.h.s.SSLConnectionSocketFactory - Connecting socket to chromedriver.storage.googleapis.com/142.250.204.48:443 with timeout 30 SECONDS
15:39:23.353 [main] DEBUG o.a.h.c.h.s.SSLConnectionSocketFactory - Enabled protocols: [TLSv1.3, TLSv1.2]
15:39:23.353 [main] DEBUG o.a.h.c.h.s.SSLConnectionSocketFactory - Enabled cipher suites:[TLS_AES_256_GCM_SHA384, TLS_AES_128_GCM_SHA256, TLS_CHACHA20_POLY1305_SHA256, TLS_ECDHE_ECDSA_WITH_AES_256_GCM_SHA384, TLS_ECDHE_ECDSA_WITH_AES_128_GCM_SHA256, TLS_ECDHE_ECDSA_WITH_CHACHA20_POLY1305_SHA256, TLS_ECDHE_RSA_WITH_AES_256_GCM_SHA384, TLS_ECDHE_RSA_WITH_CHACHA20_POLY1305_SHA256, TLS_ECDHE_RSA_WITH_AES_128_GCM_SHA256, TLS_DHE_RSA_WITH_AES_256_GCM_SHA384, TLS_DHE_RSA_WITH_CHACHA20_POLY1305_SHA256, TLS_DHE_DSS_WITH_AES_256_GCM_SHA384, TLS_DHE_RSA_WITH_AES_128_GCM_SHA256, TLS_DHE_DSS_WITH_AES_128_GCM_SHA256, TLS_ECDHE_ECDSA_WITH_AES_256_CBC_SHA384, TLS_ECDHE_RSA_WITH_AES_256_CBC_SHA384, TLS_ECDHE_ECDSA_WITH_AES_128_CBC_SHA256, TLS_ECDHE_RSA_WITH_AES_128_CBC_SHA256, TLS_DHE_RSA_WITH_AES_256_CBC_SHA256, TLS_DHE_DSS_WITH_AES_256_CBC_SHA256, TLS_DHE_RSA_WITH_AES_128_CBC_SHA256, TLS_DHE_DSS_WITH_AES_128_CBC_SHA256, TLS_ECDH_ECDSA_WITH_AES_256_GCM_SHA384, TLS_ECDH_RSA_WITH_AES_256_GCM_SHA384, TLS_ECDH_ECDSA_WITH_AES_128_GCM_SHA256, TLS_ECDH_RSA_WITH_AES_128_GCM_SHA256, TLS_ECDH_ECDSA_WITH_AES_256_CBC_SHA384, TLS_ECDH_RSA_WITH_AES_256_CBC_SHA384, TLS_ECDH_ECDSA_WITH_AES_128_CBC_SHA256, TLS_ECDH_RSA_WITH_AES_128_CBC_SHA256, TLS_ECDHE_ECDSA_WITH_AES_256_CBC_SHA, TLS_ECDHE_RSA_WITH_AES_256_CBC_SHA, TLS_ECDHE_ECDSA_WITH_AES_128_CBC_SHA, TLS_ECDHE_RSA_WITH_AES_128_CBC_SHA, TLS_DHE_RSA_WITH_AES_256_CBC_SHA, TLS_DHE_DSS_WITH_AES_256_CBC_SHA, TLS_DHE_RSA_WITH_AES_128_CBC_SHA, TLS_DHE_DSS_WITH_AES_128_CBC_SHA, TLS_ECDH_ECDSA_WITH_AES_256_CBC_SHA, TLS_ECDH_RSA_WITH_AES_256_CBC_SHA, TLS_ECDH_ECDSA_WITH_AES_128_CBC_SHA, TLS_ECDH_RSA_WITH_AES_128_CBC_SHA, TLS_RSA_WITH_AES_256_GCM_SHA384, TLS_RSA_WITH_AES_128_GCM_SHA256, TLS_RSA_WITH_AES_256_CBC_SHA256, TLS_RSA_WITH_AES_128_CBC_SHA256, TLS_RSA_WITH_AES_256_CBC_SHA, TLS_RSA_WITH_AES_128_CBC_SHA, TLS_EMPTY_RENEGOTIATION_INFO_SCSV]
15:39:23.353 [main] DEBUG o.a.h.c.h.s.SSLConnectionSocketFactory - Starting handshake
15:39:23.442 [main] DEBUG o.a.h.c.h.s.SSLConnectionSocketFactory - Secure session established
15:39:23.442 [main] DEBUG o.a.h.c.h.s.SSLConnectionSocketFactory -  negotiated protocol: TLSv1.3
15:39:23.442 [main] DEBUG o.a.h.c.h.s.SSLConnectionSocketFactory -  negotiated cipher suite: TLS_AES_256_GCM_SHA384
15:39:23.442 [main] DEBUG o.a.h.c.h.s.SSLConnectionSocketFactory -  peer principal: CN=*.storage.googleapis.com
15:39:23.442 [main] DEBUG o.a.h.c.h.s.SSLConnectionSocketFactory -  peer alternative names: [*.storage.googleapis.com, *.googleapis.com, commondatastorage.googleapis.com, *.commondatastorage.googleapis.com, storage.googleapis.com, storage.mtls.googleapis.com, *.appspot.com.storage.googleapis.com, *.content-storage.googleapis.com, *.content-storage-p2.googleapis.com, *.content-storage-upload.googleapis.com, *.content-storage-download.googleapis.com, *.storage-upload.googleapis.com, *.storage-download.googleapis.com]
15:39:23.442 [main] DEBUG o.a.h.c.h.s.SSLConnectionSocketFactory -  issuer principal: CN=GTS CA 1C3, O=Google Trust Services LLC, C=US
15:39:23.443 [main] DEBUG o.a.h.c.h.i.i.DefaultHttpClientConnectionOperator - http-outgoing-0: connection established 192.168.1.2:57668<->142.250.204.48:443
15:39:23.443 [main] DEBUG o.a.h.c.h.i.i.PoolingHttpClientConnectionManager - ep-00000000: connected http-outgoing-0
15:39:23.443 [main] DEBUG o.a.h.c.h.i.c.InternalHttpClient - ep-00000000: endpoint connected
15:39:23.443 [main] DEBUG o.a.h.c.h.i.classic.MainClientExec - ex-00000001: executing GET /LATEST_RELEASE_99 HTTP/1.1
15:39:23.443 [main] DEBUG o.a.h.c.h.i.c.InternalHttpClient - ep-00000000: start execution ex-00000001
15:39:23.443 [main] DEBUG o.a.h.c.h.i.i.PoolingHttpClientConnectionManager - ep-00000000: executing exchange ex-00000001 over http-outgoing-0
15:39:23.444 [main] DEBUG org.apache.hc.client5.http.headers - http-outgoing-0 >> GET /LATEST_RELEASE_99 HTTP/1.1
15:39:23.444 [main] DEBUG org.apache.hc.client5.http.headers - http-outgoing-0 >> user-agent: Apache-HttpClient/5.0
15:39:23.444 [main] DEBUG org.apache.hc.client5.http.headers - http-outgoing-0 >> accept-encoding: gzip, deflate, br
15:39:23.444 [main] DEBUG org.apache.hc.client5.http.headers - http-outgoing-0 >> cache-control: max-age=0
15:39:23.444 [main] DEBUG org.apache.hc.client5.http.headers - http-outgoing-0 >> connection: keep-alive
15:39:23.444 [main] DEBUG org.apache.hc.client5.http.headers - http-outgoing-0 >> Host: chromedriver.storage.googleapis.com
15:39:23.444 [main] DEBUG org.apache.hc.client5.http.wire - http-outgoing-0 >> "GET /LATEST_RELEASE_99 HTTP/1.1[\r][\n]"
15:39:23.444 [main] DEBUG org.apache.hc.client5.http.wire - http-outgoing-0 >> "user-agent: Apache-HttpClient/5.0[\r][\n]"
15:39:23.444 [main] DEBUG org.apache.hc.client5.http.wire - http-outgoing-0 >> "accept-encoding: gzip, deflate, br[\r][\n]"
15:39:23.444 [main] DEBUG org.apache.hc.client5.http.wire - http-outgoing-0 >> "cache-control: max-age=0[\r][\n]"
15:39:23.444 [main] DEBUG org.apache.hc.client5.http.wire - http-outgoing-0 >> "connection: keep-alive[\r][\n]"
15:39:23.444 [main] DEBUG org.apache.hc.client5.http.wire - http-outgoing-0 >> "Host: chromedriver.storage.googleapis.com[\r][\n]"
15:39:23.444 [main] DEBUG org.apache.hc.client5.http.wire - http-outgoing-0 >> "[\r][\n]"
15:39:23.477 [main] DEBUG org.apache.hc.client5.http.wire - http-outgoing-0 << "HTTP/1.1 200 OK[\r][\n]"
15:39:23.477 [main] DEBUG org.apache.hc.client5.http.wire - http-outgoing-0 << "X-GUploader-UploadID: ADPycdtunJ4rDOsjGL976eXcn5IAi0zTZqMVboSy-2Fdb-wScw-wdXdGrh4yAnQDa4nKeYTYPar_SQPwda6jbYDU0qQ[\r][\n]"
15:39:23.477 [main] DEBUG org.apache.hc.client5.http.wire - http-outgoing-0 << "x-goog-generation: 1646210848479726[\r][\n]"
15:39:23.477 [main] DEBUG org.apache.hc.client5.http.wire - http-outgoing-0 << "x-goog-metageneration: 1[\r][\n]"
15:39:23.477 [main] DEBUG org.apache.hc.client5.http.wire - http-outgoing-0 << "x-goog-stored-content-encoding: identity[\r][\n]"
15:39:23.477 [main] DEBUG org.apache.hc.client5.http.wire - http-outgoing-0 << "x-goog-stored-content-length: 12[\r][\n]"
15:39:23.477 [main] DEBUG org.apache.hc.client5.http.wire - http-outgoing-0 << "x-goog-hash: crc32c=Lj2NLg==[\r][\n]"
15:39:23.477 [main] DEBUG org.apache.hc.client5.http.wire - http-outgoing-0 << "x-goog-hash: md5=Z/qEuMM9j6NEqCCddfA6bw==[\r][\n]"
15:39:23.477 [main] DEBUG org.apache.hc.client5.http.wire - http-outgoing-0 << "x-goog-storage-class: STANDARD[\r][\n]"
15:39:23.477 [main] DEBUG org.apache.hc.client5.http.wire - http-outgoing-0 << "Accept-Ranges: bytes[\r][\n]"
15:39:23.477 [main] DEBUG org.apache.hc.client5.http.wire - http-outgoing-0 << "Content-Length: 12[\r][\n]"
15:39:23.477 [main] DEBUG org.apache.hc.client5.http.wire - http-outgoing-0 << "Server: UploadServer[\r][\n]"
15:39:23.477 [main] DEBUG org.apache.hc.client5.http.wire - http-outgoing-0 << "Date: Thu, 17 Mar 2022 06:55:17 GMT[\r][\n]"
15:39:23.477 [main] DEBUG org.apache.hc.client5.http.wire - http-outgoing-0 << "Expires: Thu, 17 Mar 2022 07:55:17 GMT[\r][\n]"
15:39:23.477 [main] DEBUG org.apache.hc.client5.http.wire - http-outgoing-0 << "Cache-Control: public, max-age=3600[\r][\n]"
15:39:23.477 [main] DEBUG org.apache.hc.client5.http.wire - http-outgoing-0 << "Age: 2646[\r][\n]"
15:39:23.477 [main] DEBUG org.apache.hc.client5.http.wire - http-outgoing-0 << "Last-Modified: Wed, 02 Mar 2022 08:47:28 GMT[\r][\n]"
15:39:23.477 [main] DEBUG org.apache.hc.client5.http.wire - http-outgoing-0 << "ETag: "67fa84b8c33d8fa344a8209d75f03a6f"[\r][\n]"
15:39:23.477 [main] DEBUG org.apache.hc.client5.http.wire - http-outgoing-0 << "Content-Type: text/plain[\r][\n]"
15:39:23.477 [main] DEBUG org.apache.hc.client5.http.wire - http-outgoing-0 << "Alt-Svc: h3=":443"; ma=2592000,h3-29=":443"; ma=2592000,h3-Q050=":443"; ma=2592000,h3-Q046=":443"; ma=2592000,h3-Q043=":443"; ma=2592000,quic=":443"; ma=2592000; v="46,43"[\r][\n]"
15:39:23.477 [main] DEBUG org.apache.hc.client5.http.wire - http-outgoing-0 << "[\r][\n]"
15:39:23.477 [main] DEBUG org.apache.hc.client5.http.wire - http-outgoing-0 << "99.0.4844.51"
15:39:23.478 [main] DEBUG org.apache.hc.client5.http.headers - http-outgoing-0 << HTTP/1.1 200 OK
15:39:23.478 [main] DEBUG org.apache.hc.client5.http.headers - http-outgoing-0 << X-GUploader-UploadID: ADPycdtunJ4rDOsjGL976eXcn5IAi0zTZqMVboSy-2Fdb-wScw-wdXdGrh4yAnQDa4nKeYTYPar_SQPwda6jbYDU0qQ
15:39:23.478 [main] DEBUG org.apache.hc.client5.http.headers - http-outgoing-0 << x-goog-generation: 1646210848479726
15:39:23.478 [main] DEBUG org.apache.hc.client5.http.headers - http-outgoing-0 << x-goog-metageneration: 1
15:39:23.478 [main] DEBUG org.apache.hc.client5.http.headers - http-outgoing-0 << x-goog-stored-content-encoding: identity
15:39:23.478 [main] DEBUG org.apache.hc.client5.http.headers - http-outgoing-0 << x-goog-stored-content-length: 12
15:39:23.478 [main] DEBUG org.apache.hc.client5.http.headers - http-outgoing-0 << x-goog-hash: crc32c=Lj2NLg==
15:39:23.478 [main] DEBUG org.apache.hc.client5.http.headers - http-outgoing-0 << x-goog-hash: md5=Z/qEuMM9j6NEqCCddfA6bw==
15:39:23.478 [main] DEBUG org.apache.hc.client5.http.headers - http-outgoing-0 << x-goog-storage-class: STANDARD
15:39:23.478 [main] DEBUG org.apache.hc.client5.http.headers - http-outgoing-0 << Accept-Ranges: bytes
15:39:23.479 [main] DEBUG org.apache.hc.client5.http.headers - http-outgoing-0 << Content-Length: 12
15:39:23.479 [main] DEBUG org.apache.hc.client5.http.headers - http-outgoing-0 << Server: UploadServer
15:39:23.479 [main] DEBUG org.apache.hc.client5.http.headers - http-outgoing-0 << Date: Thu, 17 Mar 2022 06:55:17 GMT
15:39:23.479 [main] DEBUG org.apache.hc.client5.http.headers - http-outgoing-0 << Expires: Thu, 17 Mar 2022 07:55:17 GMT
15:39:23.479 [main] DEBUG org.apache.hc.client5.http.headers - http-outgoing-0 << Cache-Control: public, max-age=3600
15:39:23.479 [main] DEBUG org.apache.hc.client5.http.headers - http-outgoing-0 << Age: 2646
15:39:23.479 [main] DEBUG org.apache.hc.client5.http.headers - http-outgoing-0 << Last-Modified: Wed, 02 Mar 2022 08:47:28 GMT
15:39:23.479 [main] DEBUG org.apache.hc.client5.http.headers - http-outgoing-0 << ETag: "67fa84b8c33d8fa344a8209d75f03a6f"
15:39:23.479 [main] DEBUG org.apache.hc.client5.http.headers - http-outgoing-0 << Content-Type: text/plain
15:39:23.479 [main] DEBUG org.apache.hc.client5.http.headers - http-outgoing-0 << Alt-Svc: h3=":443"; ma=2592000,h3-29=":443"; ma=2592000,h3-Q050=":443"; ma=2592000,h3-Q046=":443"; ma=2592000,h3-Q043=":443"; ma=2592000,quic=":443"; ma=2592000; v="46,43"
15:39:23.480 [main] DEBUG o.a.h.c.h.i.classic.MainClientExec - ex-00000001: connection can be kept alive for 3 MINUTES
15:39:23.484 [main] DEBUG o.a.h.c.h.i.c.InternalHttpClient - ep-00000000: releasing valid endpoint
15:39:23.484 [main] DEBUG o.a.h.c.h.i.i.PoolingHttpClientConnectionManager - ep-00000000: releasing endpoint
15:39:23.484 [main] DEBUG o.a.h.c.h.i.i.PoolingHttpClientConnectionManager - ep-00000000: connection http-outgoing-0 can be kept alive for 3 MINUTES
15:39:23.484 [main] DEBUG o.a.h.c.h.i.i.PoolingHttpClientConnectionManager - ep-00000000: connection released [route: {s}->https://chromedriver.storage.googleapis.com:443][total available: 1; route allocated: 1 of 5; total allocated: 1 of 25]
15:39:23.484 [main] DEBUG i.g.b.wdm.versions.VersionDetector - Latest version of chromedriver according to https://chromedriver.storage.googleapis.com/LATEST_RELEASE_99 is 99.0.4844.51
15:39:23.484 [main] INFO  i.g.bonigarcia.wdm.WebDriverManager - Using chromedriver 99.0.4844.51 (resolved driver for Chrome 99)
15:39:23.485 [main] DEBUG i.g.b.wdm.cache.ResolutionCache - Storing resolution chrome99=99.0.4844.51 in cache (valid until 15:39:23 18/03/2022 CST)
15:39:23.487 [main] DEBUG i.g.bonigarcia.wdm.WebDriverManager - Driver chromedriver 99.0.4844.51 found in cache
15:39:23.487 [main] INFO  i.g.bonigarcia.wdm.WebDriverManager - Exporting webdriver.chrome.driver as C:\Users\DheyClaveria\.cache\selenium\chromedriver\win32\99.0.4844.51\chromedriver.exe
15:39:24.760 [main] DEBUG com.pages.LoginPage - verifyApplication: 'Login Page' 
  &amp#27;[32mGiven &amp#27;[0m&amp#27;[32mthat the user should navigate in PEGA Login Page&amp#27;[0m                                               &amp#27;[90m# stepdefinitions.LoginPageSteps.that_the_user_should_navigate_in_pega_login_page()&amp#27;[0m
15:39:29.775 [main] DEBUG com.pages.LoginPage - verifyPageElements : Current Element = 'By.xpath: //div[@id="credentials"]//div[@class="field user"]//input' 
15:39:29.827 [main] DEBUG com.pages.LoginPage - verifyPageElements : Current Element = 'By.xpath: //div[@id="credentials"]//div[@class="field password"]//input' 
15:39:29.865 [main] DEBUG com.pages.LoginPage - verifyPageElements : Current Element = 'By.xpath: //div[@id="credentials"]//button[contains(@class,"loginButton")]' 
  &amp#27;[32mAnd &amp#27;[0m&amp#27;[32muser verify the Login Page Elements is Visible&amp#27;[0m                                                   &amp#27;[90m# stepdefinitions.LoginPageSteps.user_verify_the_login_page_elements_is_visible()&amp#27;[0m
15:39:29.903 [main] DEBUG com.pages.LoginPage - enterUserCredentails: username = 'invalidUser' | password = 'InvalidPassword' 
15:39:30.013 [main] DEBUG com.pages.LoginPage - verifyErrorMessage: 'The information you entered was not recognized.' 
  &amp#27;[32mWhen &amp#27;[0m&amp#27;[32muser login using invalid credentials with username &amp#27;[0m&amp#27;[32m&amp#27;[1m"invalidUser"&amp#27;[0m&amp#27;[32m and password &amp#27;[0m&amp#27;[32m&amp#27;[1m"InvalidPassword"&amp#27;[0m &amp#27;[90m# stepdefinitions.LoginPageSteps.user_login_using_invalid_credentials_with_username_and_password(java.lang.String,java.lang.String)&amp#27;[0m
15:39:35.577 [main] DEBUG com.pages.LoginPage - verifyApplication: 'Login Page' 
15:39:40.584 [main] DEBUG com.pages.LoginPage - verifyErrorMessage: 'The information you entered was not recognized.' 
  &amp#27;[32mThen &amp#27;[0m&amp#27;[32muser should not proceed to Dashboard Page&amp#27;[0m                                                       &amp#27;[90m# stepdefinitions.LoginPageSteps.user_should_not_proceed_to_dashboard_page()&amp#27;[0m
15:39:45.603 [main] DEBUG com.pages.LoginPage - verifyErrorMessage: 'The information you entered was not recognized.' 
  &amp#27;[32mThen &amp#27;[0m&amp#27;[32muser gets login failed error message&amp#27;[0m                                                            &amp#27;[90m# stepdefinitions.LoginPageSteps.user_gets_login_failed_error_message()&amp#27;[0m
15:39:50.627 [main] DEBUG com.pages.drivers.DriversFactory - close the browser
]]></system-out>
    <system-err><![CDATA[Starting ChromeDriver 99.0.4844.51 (d537ec02474b5afe23684e7963d538896c63ac77-refs/branch-heads/4844@{#875}) on port 39067
Only local connections are allowed.
Please see https://chromedriver.chromium.org/security-considerations for suggestions on keeping ChromeDriver safe.
ChromeDriver was started successfully.
Mar 17, 2022 3:39:24 PM org.openqa.selenium.remote.ProtocolHandshake createSession
INFO: Detected dialect: W3C
]]></system-err>
  </testcase>
  <testcase name="Login to PEGA Site using Author, Manager and User" classname="Validate And Verify Login Page to PEGA Site" time="29.086">
    <system-out><![CDATA[
@All @Smoke @Test1
Scenario: Login to PEGA Site using Author, Manager and User                                            &amp#27;[90m# src/main/resources/AppFeatures/ValidateAndVerifyLoginPage.feature:19&amp#27;[0m
15:39:51.240 [main] DEBUG com.pages.drivers.DriversFactory - Set up Browser
15:39:51.240 [main] DEBUG com.pages.drivers.DriversFactory - Initialize Driver Browser Configuration
15:39:51.240 [main] DEBUG com.pages.drivers.DriversFactory -  Driver Browser : chrome
15:39:51.243 [main] DEBUG i.g.b.wdm.cache.ResolutionCache - Resolution chrome=99 in cache (valid until 16:35:58 17/03/2022 CST)
15:39:51.244 [main] DEBUG i.g.b.wdm.cache.ResolutionCache - Resolution chrome99=99.0.4844.51 in cache (valid until 15:39:23 18/03/2022 CST)
15:39:51.244 [main] INFO  i.g.bonigarcia.wdm.WebDriverManager - Using chromedriver 99.0.4844.51 (resolved driver for Chrome 99)
15:39:51.245 [main] DEBUG i.g.bonigarcia.wdm.WebDriverManager - Driver chromedriver 99.0.4844.51 found in cache
15:39:51.246 [main] INFO  i.g.bonigarcia.wdm.WebDriverManager - Exporting webdriver.chrome.driver as C:\Users\DheyClaveria\.cache\selenium\chromedriver\win32\99.0.4844.51\chromedriver.exe
15:39:52.507 [main] DEBUG com.pages.LoginPage - verifyApplication: 'Login Page' 
  &amp#27;[32mGiven &amp#27;[0m&amp#27;[32mthat the user should navigate in PEGA Login Page&amp#27;[0m                                               &amp#27;[90m# stepdefinitions.LoginPageSteps.that_the_user_should_navigate_in_pega_login_page()&amp#27;[0m
15:39:57.515 [main] DEBUG com.pages.LoginPage - verifyPageElements : Current Element = 'By.xpath: //div[@id="credentials"]//div[@class="field user"]//input' 
15:39:57.566 [main] DEBUG com.pages.LoginPage - verifyPageElements : Current Element = 'By.xpath: //div[@id="credentials"]//div[@class="field password"]//input' 
15:39:57.604 [main] DEBUG com.pages.LoginPage - verifyPageElements : Current Element = 'By.xpath: //div[@id="credentials"]//button[contains(@class,"loginButton")]' 
  &amp#27;[32mAnd &amp#27;[0m&amp#27;[32muser verify the Login Page Elements is Visible&amp#27;[0m                                                   &amp#27;[90m# stepdefinitions.LoginPageSteps.user_verify_the_login_page_elements_is_visible()&amp#27;[0m
15:39:57.643 [main] DEBUG com.pages.LoginPage - enterUserCredentails: username = 'invalidUser' | password = 'InvalidPassword' 
15:39:57.756 [main] DEBUG com.pages.LoginPage - verifyErrorMessage: 'The information you entered was not recognized.' 
  &amp#27;[32mWhen &amp#27;[0m&amp#27;[32muser login using invalid credentials with username &amp#27;[0m&amp#27;[32m&amp#27;[1m"invalidUser"&amp#27;[0m&amp#27;[32m and password &amp#27;[0m&amp#27;[32m&amp#27;[1m"InvalidPassword"&amp#27;[0m &amp#27;[90m# stepdefinitions.LoginPageSteps.user_login_using_invalid_credentials_with_username_and_password(java.lang.String,java.lang.String)&amp#27;[0m
15:40:03.303 [main] DEBUG com.pages.LoginPage - verifyApplication: 'Login Page' 
15:40:08.308 [main] DEBUG com.pages.LoginPage - verifyErrorMessage: 'The information you entered was not recognized.' 
  &amp#27;[32mThen &amp#27;[0m&amp#27;[32muser should not proceed to Dashboard Page&amp#27;[0m                                                       &amp#27;[90m# stepdefinitions.LoginPageSteps.user_should_not_proceed_to_dashboard_page()&amp#27;[0m
15:40:13.330 [main] DEBUG stepdefinitions.LoginPageSteps - List of User: [{username=author@vrbank, password=pega123!, titlePage=Pega Dev Studio}]
author@vrbanke.get("username")
15:40:13.330 [main] DEBUG com.pages.LoginPage - enterUserCredentails: username = 'author@vrbank' | password = 'pega123!' 
  &amp#27;[32mWhen &amp#27;[0m&amp#27;[32muser login using valid credentials&amp#27;[0m                                                              &amp#27;[90m# stepdefinitions.LoginPageSteps.user_login_using_valid_credentials(io.cucumber.datatable.DataTable)&amp#27;[0m
    | username      | password | titlePage       |
    | author@vrbank | pega123! | Pega Dev Studio |
15:40:14.703 [main] DEBUG com.pages.LoginPage - verifyApplication: 'Pega Dev Studio' 
  &amp#27;[32mThen &amp#27;[0m&amp#27;[32muser should proceed to Dashboard Page&amp#27;[0m                                                           &amp#27;[90m# stepdefinitions.LoginPageSteps.user_should_proceed_to_dashboard_page()&amp#27;[0m
15:40:19.716 [main] DEBUG com.pages.drivers.DriversFactory - close the browser
]]></system-out>
    <system-err><![CDATA[Starting ChromeDriver 99.0.4844.51 (d537ec02474b5afe23684e7963d538896c63ac77-refs/branch-heads/4844@{#875}) on port 3713
Only local connections are allowed.
Please see https://chromedriver.chromium.org/security-considerations for suggestions on keeping ChromeDriver safe.
ChromeDriver was started successfully.
Mar 17, 2022 3:39:52 PM org.openqa.selenium.remote.ProtocolHandshake createSession
INFO: Detected dialect: W3C
]]></system-err>
  </testcase>
  <testcase name="Login to PEGA Site using User" classname="Validate And Verify Login Page to PEGA Site" time="29.622">
    <system-out><![CDATA[
@All @Regression
Scenario: Login to PEGA Site using User                                                                &amp#27;[90m# src/main/resources/AppFeatures/ValidateAndVerifyLoginPage.feature:31&amp#27;[0m
15:40:20.315 [main] DEBUG com.pages.drivers.DriversFactory - Set up Browser
15:40:20.315 [main] DEBUG com.pages.drivers.DriversFactory - Initialize Driver Browser Configuration
15:40:20.315 [main] DEBUG com.pages.drivers.DriversFactory -  Driver Browser : chrome
15:40:20.318 [main] DEBUG i.g.b.wdm.cache.ResolutionCache - Resolution chrome=99 in cache (valid until 16:35:58 17/03/2022 CST)
15:40:20.318 [main] DEBUG i.g.b.wdm.cache.ResolutionCache - Resolution chrome99=99.0.4844.51 in cache (valid until 15:39:23 18/03/2022 CST)
15:40:20.318 [main] INFO  i.g.bonigarcia.wdm.WebDriverManager - Using chromedriver 99.0.4844.51 (resolved driver for Chrome 99)
15:40:20.320 [main] DEBUG i.g.bonigarcia.wdm.WebDriverManager - Driver chromedriver 99.0.4844.51 found in cache
15:40:20.320 [main] INFO  i.g.bonigarcia.wdm.WebDriverManager - Exporting webdriver.chrome.driver as C:\Users\DheyClaveria\.cache\selenium\chromedriver\win32\99.0.4844.51\chromedriver.exe
15:40:21.588 [main] DEBUG com.pages.LoginPage - verifyApplication: 'Login Page' 
  &amp#27;[32mGiven &amp#27;[0m&amp#27;[32mthat the user should navigate in PEGA Login Page&amp#27;[0m                                               &amp#27;[90m# stepdefinitions.LoginPageSteps.that_the_user_should_navigate_in_pega_login_page()&amp#27;[0m
15:40:26.602 [main] DEBUG com.pages.LoginPage - verifyPageElements : Current Element = 'By.xpath: //div[@id="credentials"]//div[@class="field user"]//input' 
15:40:26.652 [main] DEBUG com.pages.LoginPage - verifyPageElements : Current Element = 'By.xpath: //div[@id="credentials"]//div[@class="field password"]//input' 
15:40:26.690 [main] DEBUG com.pages.LoginPage - verifyPageElements : Current Element = 'By.xpath: //div[@id="credentials"]//button[contains(@class,"loginButton")]' 
  &amp#27;[32mAnd &amp#27;[0m&amp#27;[32muser verify the Login Page Elements is Visible&amp#27;[0m                                                   &amp#27;[90m# stepdefinitions.LoginPageSteps.user_verify_the_login_page_elements_is_visible()&amp#27;[0m
15:40:26.729 [main] DEBUG com.pages.LoginPage - enterUserCredentails: username = 'invalidUser' | password = 'InvalidPassword' 
15:40:26.865 [main] DEBUG com.pages.LoginPage - verifyErrorMessage: 'The information you entered was not recognized.' 
  &amp#27;[32mWhen &amp#27;[0m&amp#27;[32muser login using invalid credentials with username &amp#27;[0m&amp#27;[32m&amp#27;[1m"invalidUser"&amp#27;[0m&amp#27;[32m and password &amp#27;[0m&amp#27;[32m&amp#27;[1m"InvalidPassword"&amp#27;[0m &amp#27;[90m# stepdefinitions.LoginPageSteps.user_login_using_invalid_credentials_with_username_and_password(java.lang.String,java.lang.String)&amp#27;[0m
15:40:32.425 [main] DEBUG com.pages.LoginPage - verifyApplication: 'Login Page' 
15:40:37.438 [main] DEBUG com.pages.LoginPage - verifyErrorMessage: 'The information you entered was not recognized.' 
  &amp#27;[32mThen &amp#27;[0m&amp#27;[32muser should not proceed to Dashboard Page&amp#27;[0m                                                       &amp#27;[90m# stepdefinitions.LoginPageSteps.user_should_not_proceed_to_dashboard_page()&amp#27;[0m
15:40:42.465 [main] DEBUG com.pages.LoginPage - enterUserCredentails: username = 'user@vrbank' | password = 'pega123!' 
  &amp#27;[32mWhen &amp#27;[0m&amp#27;[32muser login using valid credentials with username &amp#27;[0m&amp#27;[32m&amp#27;[1m"user@vrbank"&amp#27;[0m&amp#27;[32m and password &amp#27;[0m&amp#27;[32m&amp#27;[1m"pega123!"&amp#27;[0m          &amp#27;[90m# stepdefinitions.LoginPageSteps.user_login_using_valid_credentials_with_username_and_password(java.lang.String,java.lang.String)&amp#27;[0m
15:40:44.332 [main] DEBUG com.pages.LoginPage - verifyApplication: 'Cosmos Application' 
  &amp#27;[32mThen &amp#27;[0m&amp#27;[32muser should proceed to Dashboard Page&amp#27;[0m                                                           &amp#27;[90m# stepdefinitions.LoginPageSteps.user_should_proceed_to_dashboard_page()&amp#27;[0m
15:40:49.340 [main] DEBUG com.pages.drivers.DriversFactory - close the browser
]]></system-out>
    <system-err><![CDATA[Starting ChromeDriver 99.0.4844.51 (d537ec02474b5afe23684e7963d538896c63ac77-refs/branch-heads/4844@{#875}) on port 8722
Only local connections are allowed.
Please see https://chromedriver.chromium.org/security-considerations for suggestions on keeping ChromeDriver safe.
ChromeDriver was started successfully.
Mar 17, 2022 3:40:21 PM org.openqa.selenium.remote.ProtocolHandshake createSession
INFO: Detected dialect: W3C
]]></system-err>
  </testcase>
</testsuite>